#
# There is insufficient memory for the Java Runtime Environment to continue.
# Native memory allocation (mmap) failed to map 1048576 bytes for G1 virtual space
# Possible reasons:
#   The system is out of physical RAM or swap space
#   The process is running with CompressedOops enabled, and the Java Heap may be blocking the growth of the native heap
# Possible solutions:
#   Reduce memory load on the system
#   Increase physical memory or swap space
#   Check if swap backing store is full
#   Decrease Java heap size (-Xmx/-Xms)
#   Decrease number of Java threads
#   Decrease Java thread stack sizes (-Xss)
#   Set larger code cache with -XX:ReservedCodeCacheSize=
#   JVM is running with Unscaled Compressed Oops mode in which the Java heap is
#     placed in the first 4GB address space. The Java Heap base address is the
#     maximum limit for the native heap growth. Please use -XX:HeapBaseMinAddress
#     to set the Java Heap base and to place the Java Heap above 4GB virtual address.
# This output file may be truncated or incomplete.
#
#  Out of Memory Error (os_windows.cpp:3548), pid=36404, tid=31720
#
# JRE version: OpenJDK Runtime Environment Temurin-17.0.5+8 (17.0.5+8) (build 17.0.5+8)
# Java VM: OpenJDK 64-Bit Server VM Temurin-17.0.5+8 (17.0.5+8, mixed mode, tiered, compressed oops, compressed class ptrs, g1 gc, windows-amd64)
# No core dump will be written. Minidumps are not enabled by default on client versions of Windows
#

---------------  S U M M A R Y ------------

Command Line: -Dfile.encoding=windows-1252 -XX:+ShowCodeDetailsInExceptionMessages GameRunner

Host: 12th Gen Intel(R) Core(TM) i3-1215U, 8 cores, 7G,  Windows 11 , 64 bit Build 22621 (10.0.22621.1194)
Time: Mon Feb 27 10:46:14 2023 Eastern Standard Time elapsed time: 1.602620 seconds (0d 0h 0m 1s)

---------------  T H R E A D  ---------------

Current thread (0x0000021db6a8ed30):  JavaThread "AWT-EventQueue-0" [_thread_in_vm, id=31720, stack(0x000000ad51d00000,0x000000ad51e00000)]

Stack: [0x000000ad51d00000,0x000000ad51e00000]
Native frames: (J=compiled Java code, j=interpreted, Vv=VM code, C=native code)
V  [jvm.dll+0x676b3a]
V  [jvm.dll+0x831444]
V  [jvm.dll+0x832bee]
V  [jvm.dll+0x833253]
V  [jvm.dll+0x244ce5]
V  [jvm.dll+0x673a49]
V  [jvm.dll+0x66811a]
V  [jvm.dll+0x303ceb]
V  [jvm.dll+0x30b1e6]
V  [jvm.dll+0x35aaab]
V  [jvm.dll+0x35b0d4]
V  [jvm.dll+0x35ac86]
V  [jvm.dll+0x2db0d4]
V  [jvm.dll+0x2d7116]
V  [jvm.dll+0x609de3]
V  [jvm.dll+0x20f905]
V  [jvm.dll+0x7fb536]
V  [jvm.dll+0x380cea]
C  0x0000021d9eb6b7d7

Java frames: (J=compiled Java code, j=interpreted, Vv=VM code)
j  java.awt.image.DataBufferInt.<init>(I)V+11 java.desktop@17.0.5
j  java.awt.image.Raster.createPackedRaster(III[ILjava/awt/Point;)Ljava/awt/image/WritableRaster;+69 java.desktop@17.0.5
j  java.awt.image.DirectColorModel.createCompatibleWritableRaster(II)Ljava/awt/image/WritableRaster;+83 java.desktop@17.0.5
j  sun.awt.image.ImageRepresentation.createBufferedImage()V+18 java.desktop@17.0.5
j  sun.awt.image.ImageRepresentation.setPixels(IIIILjava/awt/image/ColorModel;[III)V+47 java.desktop@17.0.5
j  java.awt.image.ReplicateScaleFilter.setPixels(IIIILjava/awt/image/ColorModel;[III)V+214 java.desktop@17.0.5
j  sun.awt.image.OffScreenImageSource.sendPixels()V+721 java.desktop@17.0.5
j  sun.awt.image.OffScreenImageSource.produce()V+37 java.desktop@17.0.5
j  sun.awt.image.OffScreenImageSource.addConsumer(Ljava/awt/image/ImageConsumer;)V+6 java.desktop@17.0.5
j  sun.awt.image.OffScreenImageSource.startProduction(Ljava/awt/image/ImageConsumer;)V+2 java.desktop@17.0.5
j  java.awt.image.FilteredImageSource.startProduction(Ljava/awt/image/ImageConsumer;)V+58 java.desktop@17.0.5
j  sun.awt.image.ImageRepresentation.startProduction()V+20 java.desktop@17.0.5
j  sun.awt.image.ToolkitImage.addWatcher(Ljava/awt/image/ImageObserver;Z)V+45 java.desktop@17.0.5
j  sun.awt.image.ToolkitImage.getWidth(Ljava/awt/image/ImageObserver;)I+29 java.desktop@17.0.5
j  sun.java2d.SunGraphics2D.drawImage(Ljava/awt/Image;IILjava/awt/Color;Ljava/awt/image/ImageObserver;)Z+8 java.desktop@17.0.5
j  sun.java2d.SunGraphics2D.drawImage(Ljava/awt/Image;IILjava/awt/image/ImageObserver;)Z+7 java.desktop@17.0.5
j  CameraViewer.paintComponent(Ljava/awt/Graphics;)V+44
j  javax.swing.JComponent.paint(Ljava/awt/Graphics;)V+286 java.desktop@17.0.5
j  javax.swing.JComponent.paintChildren(Ljava/awt/Graphics;)V+523 java.desktop@17.0.5
j  javax.swing.JComponent.paint(Ljava/awt/Graphics;)V+318 java.desktop@17.0.5
j  javax.swing.JLayeredPane.paint(Ljava/awt/Graphics;)V+73 java.desktop@17.0.5
j  javax.swing.JComponent.paintChildren(Ljava/awt/Graphics;)V+523 java.desktop@17.0.5
j  javax.swing.JComponent.paintToOffscreen(Ljava/awt/Graphics;IIIIII)V+72 java.desktop@17.0.5
j  javax.swing.RepaintManager$PaintManager.paintDoubleBufferedFPScales(Ljavax/swing/JComponent;Ljava/awt/Image;Ljava/awt/Graphics;IIII)V+320 java.desktop@17.0.5
j  javax.swing.RepaintManager$PaintManager.paintDoubleBuffered(Ljavax/swing/JComponent;Ljava/awt/Image;Ljava/awt/Graphics;IIII)V+28 java.desktop@17.0.5
j  javax.swing.RepaintManager$PaintManager.paint(Ljavax/swing/JComponent;Ljavax/swing/JComponent;Ljava/awt/Graphics;IIII)Z+128 java.desktop@17.0.5
j  javax.swing.RepaintManager.paint(Ljavax/swing/JComponent;Ljavax/swing/JComponent;Ljava/awt/Graphics;IIII)V+52 java.desktop@17.0.5
j  javax.swing.JComponent.paint(Ljava/awt/Graphics;)V+221 java.desktop@17.0.5
j  java.awt.GraphicsCallback$PaintCallback.run(Ljava/awt/Component;Ljava/awt/Graphics;)V+2 java.desktop@17.0.5
j  sun.awt.SunGraphicsCallback.runOneComponent(Ljava/awt/Component;Ljava/awt/Rectangle;Ljava/awt/Graphics;Ljava/awt/Shape;I)V+130 java.desktop@17.0.5
j  sun.awt.SunGraphicsCallback.runComponents([Ljava/awt/Component;Ljava/awt/Graphics;I)V+157 java.desktop@17.0.5
j  java.awt.Container.paint(Ljava/awt/Graphics;)V+58 java.desktop@17.0.5
j  java.awt.Window.paint(Ljava/awt/Graphics;)V+68 java.desktop@17.0.5
j  javax.swing.RepaintManager$4.run()Ljava/lang/Void;+142 java.desktop@17.0.5
j  javax.swing.RepaintManager$4.run()Ljava/lang/Object;+1 java.desktop@17.0.5
J 719 c1 java.security.AccessController.executePrivileged(Ljava/security/PrivilegedAction;Ljava/security/AccessControlContext;Ljava/lang/Class;)Ljava/lang/Object; java.base@17.0.5 (65 bytes) @ 0x0000021d9f1f1d34 [0x0000021d9f1f1be0+0x0000000000000154]
j  java.security.AccessController.doPrivileged(Ljava/security/PrivilegedAction;Ljava/security/AccessControlContext;)Ljava/lang/Object;+13 java.base@17.0.5
j  java.security.ProtectionDomain$JavaSecurityAccessImpl.doIntersectionPrivilege(Ljava/security/PrivilegedAction;Ljava/security/AccessControlContext;Ljava/security/AccessControlContext;)Ljava/lang/Object;+18 java.base@17.0.5
j  javax.swing.RepaintManager.paintDirtyRegions(Ljava/util/Map;)V+154 java.desktop@17.0.5
j  javax.swing.RepaintManager.paintDirtyRegions()V+46 java.desktop@17.0.5
j  javax.swing.RepaintManager.prePaintDirtyRegions()V+73 java.desktop@17.0.5
j  javax.swing.RepaintManager$ProcessingRunnable.run()V+37 java.desktop@17.0.5
j  java.awt.event.InvocationEvent.dispatch()V+47 java.desktop@17.0.5
j  java.awt.EventQueue.dispatchEventImpl(Ljava/awt/AWTEvent;Ljava/lang/Object;)V+21 java.desktop@17.0.5
j  java.awt.EventQueue$4.run()Ljava/lang/Void;+32 java.desktop@17.0.5
j  java.awt.EventQueue$4.run()Ljava/lang/Object;+1 java.desktop@17.0.5
J 719 c1 java.security.AccessController.executePrivileged(Ljava/security/PrivilegedAction;Ljava/security/AccessControlContext;Ljava/lang/Class;)Ljava/lang/Object; java.base@17.0.5 (65 bytes) @ 0x0000021d9f1f1d34 [0x0000021d9f1f1be0+0x0000000000000154]
j  java.security.AccessController.doPrivileged(Ljava/security/PrivilegedAction;Ljava/security/AccessControlContext;)Ljava/lang/Object;+13 java.base@17.0.5
j  java.security.ProtectionDomain$JavaSecurityAccessImpl.doIntersectionPrivilege(Ljava/security/PrivilegedAction;Ljava/security/AccessControlContext;Ljava/security/AccessControlContext;)Ljava/lang/Object;+18 java.base@17.0.5
j  java.awt.EventQueue.dispatchEvent(Ljava/awt/AWTEvent;)V+46 java.desktop@17.0.5
j  java.awt.EventDispatchThread.pumpOneEventForFilters(I)V+78 java.desktop@17.0.5
j  java.awt.EventDispatchThread.pumpEventsForFilter(ILjava/awt/Conditional;Ljava/awt/EventFilter;)V+35 java.desktop@17.0.5
j  java.awt.EventDispatchThread.pumpEventsForHierarchy(ILjava/awt/Conditional;Ljava/awt/Component;)V+11 java.desktop@17.0.5
j  java.awt.EventDispatchThread.pumpEvents(ILjava/awt/Conditional;)V+4 java.desktop@17.0.5
j  java.awt.EventDispatchThread.pumpEvents(Ljava/awt/Conditional;)V+3 java.desktop@17.0.5
j  java.awt.EventDispatchThread.run()V+9 java.desktop@17.0.5
v  ~StubRoutines::call_stub

---------------  P R O C E S S  ---------------

Threads class SMR info:
_java_thread_list=0x0000021db6b7bdf0, length=18, elements={
0x0000021db643d020, 0x0000021db643d8e0, 0x0000021db6472f70, 0x0000021db6473830,
0x0000021db64740f0, 0x0000021db6474aa0, 0x0000021db6468ef0, 0x0000021db6469990,
0x0000021db646b790, 0x0000021db65eae30, 0x0000021db65ed8d0, 0x0000021db67fd6d0,
0x0000021db6a08a00, 0x0000021db66c79d0, 0x0000021db6a8ed30, 0x0000021d99cb4fd0,
0x0000021db6b926e0, 0x0000021db6b90ed0
}

Java Threads: ( => current thread )
  0x0000021db643d020 JavaThread "Reference Handler" daemon [_thread_blocked, id=30744, stack(0x000000ad50e00000,0x000000ad50f00000)]
  0x0000021db643d8e0 JavaThread "Finalizer" daemon [_thread_blocked, id=32696, stack(0x000000ad50f00000,0x000000ad51000000)]
  0x0000021db6472f70 JavaThread "Signal Dispatcher" daemon [_thread_blocked, id=22468, stack(0x000000ad51000000,0x000000ad51100000)]
  0x0000021db6473830 JavaThread "Attach Listener" daemon [_thread_blocked, id=31300, stack(0x000000ad51100000,0x000000ad51200000)]
  0x0000021db64740f0 JavaThread "Service Thread" daemon [_thread_blocked, id=35136, stack(0x000000ad51200000,0x000000ad51300000)]
  0x0000021db6474aa0 JavaThread "Monitor Deflation Thread" daemon [_thread_blocked, id=23096, stack(0x000000ad51300000,0x000000ad51400000)]
  0x0000021db6468ef0 JavaThread "C2 CompilerThread0" daemon [_thread_blocked, id=34488, stack(0x000000ad51400000,0x000000ad51500000)]
  0x0000021db6469990 JavaThread "C1 CompilerThread0" daemon [_thread_blocked, id=35676, stack(0x000000ad51500000,0x000000ad51600000)]
  0x0000021db646b790 JavaThread "Sweeper thread" daemon [_thread_blocked, id=29068, stack(0x000000ad51600000,0x000000ad51700000)]
  0x0000021db65eae30 JavaThread "Notification Thread" daemon [_thread_blocked, id=33268, stack(0x000000ad51700000,0x000000ad51800000)]
  0x0000021db65ed8d0 JavaThread "Common-Cleaner" daemon [_thread_blocked, id=30040, stack(0x000000ad51900000,0x000000ad51a00000)]
  0x0000021db67fd6d0 JavaThread "Java2D Disposer" daemon [_thread_blocked, id=36724, stack(0x000000ad51a00000,0x000000ad51b00000)]
  0x0000021db6a08a00 JavaThread "AWT-Shutdown" [_thread_blocked, id=27008, stack(0x000000ad51b00000,0x000000ad51c00000)]
  0x0000021db66c79d0 JavaThread "AWT-Windows" daemon [_thread_blocked, id=26148, stack(0x000000ad51c00000,0x000000ad51d00000)]
=>0x0000021db6a8ed30 JavaThread "AWT-EventQueue-0" [_thread_in_vm, id=31720, stack(0x000000ad51d00000,0x000000ad51e00000)]
  0x0000021d99cb4fd0 JavaThread "DestroyJavaVM" [_thread_blocked, id=25684, stack(0x000000ad50700000,0x000000ad50800000)]
  0x0000021db6b926e0 JavaThread "Image Fetcher 3" daemon [_thread_blocked, id=22252, stack(0x000000ad51e00000,0x000000ad51f00000)]
  0x0000021db6b90ed0 JavaThread "TimerQueue" daemon [_thread_blocked, id=12656, stack(0x000000ad51f00000,0x000000ad52000000)]

Other Threads:
  0x0000021db57b6400 VMThread "VM Thread" [stack: 0x000000ad50d00000,0x000000ad50e00000] [id=31964]
  0x0000021db64995d0 WatcherThread [stack: 0x000000ad51800000,0x000000ad51900000] [id=22660]
  0x0000021d99d113c0 GCTaskThread "GC Thread#0" [stack: 0x000000ad50800000,0x000000ad50900000] [id=34472]
  0x0000021db6bdbe00 GCTaskThread "GC Thread#1" [stack: 0x000000ad52000000,0x000000ad52100000] [id=32964]
  0x0000021db6bdc4c0 GCTaskThread "GC Thread#2" [stack: 0x000000ad52100000,0x000000ad52200000] [id=32040]
  0x0000021db6bfc780 GCTaskThread "GC Thread#3" [stack: 0x000000ad52200000,0x000000ad52300000] [id=36844]
  0x0000021db6bfca30 GCTaskThread "GC Thread#4" [stack: 0x000000ad52300000,0x000000ad52400000] [id=24004]
  0x0000021db6c05500 GCTaskThread "GC Thread#5" [stack: 0x000000ad52400000,0x000000ad52500000] [id=34772]
  0x0000021db6c28070 GCTaskThread "GC Thread#6" [stack: 0x000000ad52500000,0x000000ad52600000] [id=13256]
  0x0000021d99d218c0 ConcurrentGCThread "G1 Main Marker" [stack: 0x000000ad50900000,0x000000ad50a00000] [id=33600]
  0x0000021d99d222d0 ConcurrentGCThread "G1 Conc#0" [stack: 0x000000ad50a00000,0x000000ad50b00000] [id=32512]
  0x0000021d99d7d9e0 ConcurrentGCThread "G1 Refine#0" [stack: 0x000000ad50b00000,0x000000ad50c00000] [id=36064]
  0x0000021d99d7e1a0 ConcurrentGCThread "G1 Service" [stack: 0x000000ad50c00000,0x000000ad50d00000] [id=30476]

Threads with active compile tasks:

VM state: not at safepoint (normal execution)

VM Mutex/Monitor currently owned by a thread:  ([mutex/lock_event])
[0x0000021d99cb23b0] Heap_lock - owner thread: 0x0000021db6a8ed30

Heap address: 0x0000000085200000, size: 1966 MB, Compressed Oops mode: 32-bit

CDS archive(s) not mapped
Compressed class space mapped at: 0x0000000100000000-0x0000000140000000, reserved size: 1073741824
Narrow klass base: 0x0000000000000000, Narrow klass shift: 3, Narrow klass range: 0x140000000

GC Precious Log:
 CPUs: 8 total, 8 available
 Memory: 7863M
 Large Page Support: Disabled
 NUMA Support: Disabled
 Compressed Oops: Enabled (32-bit)
 Heap Region Size: 1M
 Heap Min Capacity: 8M
 Heap Initial Capacity: 124M
 Heap Max Capacity: 1966M
 Pre-touch: Disabled
 Parallel Workers: 8
 Concurrent Workers: 2
 Concurrent Refinement Workers: 8
 Periodic GC: Disabled

Heap:
 garbage-first heap   total 225280K, used 9216K [0x0000000085200000, 0x0000000100000000)
  region size 1024K, 2 young (2048K), 2 survivors (2048K)
 Metaspace       used 14330K, committed 14528K, reserved 1064960K
  class space    used 1450K, committed 1536K, reserved 1048576K

Heap Regions: E=young(eden), S=young(survivor), O=old, HS=humongous(starts), HC=humongous(continues), CS=collection set, F=free, OA=open archive, CA=closed archive, TAMS=top-at-mark-start (previous, next)
|   0|0x0000000085200000, 0x0000000085300000, 0x0000000085300000|100%|HS|  |TAMS 0x0000000085200000, 0x0000000085300000| Complete 
|   1|0x0000000085300000, 0x0000000085400000, 0x0000000085400000|100%|HC|  |TAMS 0x0000000085300000, 0x0000000085400000| Complete 
|   2|0x0000000085400000, 0x0000000085500000, 0x0000000085500000|100%|HS|  |TAMS 0x0000000085400000, 0x0000000085500000| Complete 
|   3|0x0000000085500000, 0x0000000085600000, 0x0000000085600000|100%|HC|  |TAMS 0x0000000085500000, 0x0000000085600000| Complete 
|   4|0x0000000085600000, 0x0000000085700000, 0x0000000085700000|100%|HC|  |TAMS 0x0000000085600000, 0x0000000085700000| Complete 
|   5|0x0000000085700000, 0x0000000085800000, 0x0000000085800000|100%|HC|  |TAMS 0x0000000085700000, 0x0000000085800000| Complete 
|   6|0x0000000085800000, 0x0000000085900000, 0x0000000085900000|100%|HC|  |TAMS 0x0000000085800000, 0x0000000085900000| Complete 
|   7|0x0000000085900000, 0x0000000085900000, 0x0000000085a00000|  0%| F|  |TAMS 0x0000000085900000, 0x0000000085900000| Untracked 
|   8|0x0000000085a00000, 0x0000000085a00000, 0x0000000085b00000|  0%| F|  |TAMS 0x0000000085a00000, 0x0000000085a00000| Untracked 
|   9|0x0000000085b00000, 0x0000000085b00000, 0x0000000085c00000|  0%| F|  |TAMS 0x0000000085b00000, 0x0000000085b00000| Untracked 
|  10|0x0000000085c00000, 0x0000000085c00000, 0x0000000085d00000|  0%| F|  |TAMS 0x0000000085c00000, 0x0000000085c00000| Untracked 
|  11|0x0000000085d00000, 0x0000000085d00000, 0x0000000085e00000|  0%| F|  |TAMS 0x0000000085d00000, 0x0000000085d00000| Untracked 
|  12|0x0000000085e00000, 0x0000000085e00000, 0x0000000085f00000|  0%| F|  |TAMS 0x0000000085e00000, 0x0000000085e00000| Untracked 
|  13|0x0000000085f00000, 0x0000000085f00000, 0x0000000086000000|  0%| F|  |TAMS 0x0000000085f00000, 0x0000000085f00000| Untracked 
|  14|0x0000000086000000, 0x0000000086000000, 0x0000000086100000|  0%| F|  |TAMS 0x0000000086000000, 0x0000000086000000| Untracked 
|  15|0x0000000086100000, 0x0000000086100000, 0x0000000086200000|  0%| F|  |TAMS 0x0000000086100000, 0x0000000086100000| Untracked 
|  16|0x0000000086200000, 0x0000000086200000, 0x0000000086300000|  0%| F|  |TAMS 0x0000000086200000, 0x0000000086200000| Untracked 
|  17|0x0000000086300000, 0x0000000086300000, 0x0000000086400000|  0%| F|  |TAMS 0x0000000086300000, 0x0000000086300000| Untracked 
|  18|0x0000000086400000, 0x0000000086400000, 0x0000000086500000|  0%| F|  |TAMS 0x0000000086400000, 0x0000000086400000| Untracked 
|  19|0x0000000086500000, 0x0000000086500000, 0x0000000086600000|  0%| F|  |TAMS 0x0000000086500000, 0x0000000086500000| Untracked 
|  20|0x0000000086600000, 0x0000000086600000, 0x0000000086700000|  0%| F|  |TAMS 0x0000000086600000, 0x0000000086600000| Untracked 
|  21|0x0000000086700000, 0x0000000086700000, 0x0000000086800000|  0%| F|  |TAMS 0x0000000086700000, 0x0000000086700000| Untracked 
|  22|0x0000000086800000, 0x0000000086800000, 0x0000000086900000|  0%| F|  |TAMS 0x0000000086800000, 0x0000000086800000| Untracked 
|  23|0x0000000086900000, 0x0000000086900000, 0x0000000086a00000|  0%| F|  |TAMS 0x0000000086900000, 0x0000000086900000| Untracked 
|  24|0x0000000086a00000, 0x0000000086a00000, 0x0000000086b00000|  0%| F|  |TAMS 0x0000000086a00000, 0x0000000086a00000| Untracked 
|  25|0x0000000086b00000, 0x0000000086b00000, 0x0000000086c00000|  0%| F|  |TAMS 0x0000000086b00000, 0x0000000086b00000| Untracked 
|  26|0x0000000086c00000, 0x0000000086c00000, 0x0000000086d00000|  0%| F|  |TAMS 0x0000000086c00000, 0x0000000086c00000| Untracked 
|  27|0x0000000086d00000, 0x0000000086d00000, 0x0000000086e00000|  0%| F|  |TAMS 0x0000000086d00000, 0x0000000086d00000| Untracked 
|  28|0x0000000086e00000, 0x0000000086e00000, 0x0000000086f00000|  0%| F|  |TAMS 0x0000000086e00000, 0x0000000086e00000| Untracked 
|  29|0x0000000086f00000, 0x0000000086f00000, 0x0000000087000000|  0%| F|  |TAMS 0x0000000086f00000, 0x0000000086f00000| Untracked 
|  30|0x0000000087000000, 0x0000000087000000, 0x0000000087100000|  0%| F|  |TAMS 0x0000000087000000, 0x0000000087000000| Untracked 
|  31|0x0000000087100000, 0x0000000087100000, 0x0000000087200000|  0%| F|  |TAMS 0x0000000087100000, 0x0000000087100000| Untracked 
|  32|0x0000000087200000, 0x0000000087200000, 0x0000000087300000|  0%| F|  |TAMS 0x0000000087200000, 0x0000000087200000| Untracked 
|  33|0x0000000087300000, 0x0000000087300000, 0x0000000087400000|  0%| F|  |TAMS 0x0000000087300000, 0x0000000087300000| Untracked 
|  34|0x0000000087400000, 0x0000000087400000, 0x0000000087500000|  0%| F|  |TAMS 0x0000000087400000, 0x0000000087400000| Untracked 
|  35|0x0000000087500000, 0x0000000087500000, 0x0000000087600000|  0%| F|  |TAMS 0x0000000087500000, 0x0000000087500000| Untracked 
|  36|0x0000000087600000, 0x0000000087600000, 0x0000000087700000|  0%| F|  |TAMS 0x0000000087600000, 0x0000000087600000| Untracked 
|  37|0x0000000087700000, 0x0000000087700000, 0x0000000087800000|  0%| F|  |TAMS 0x0000000087700000, 0x0000000087700000| Untracked 
|  38|0x0000000087800000, 0x0000000087800000, 0x0000000087900000|  0%| F|  |TAMS 0x0000000087800000, 0x0000000087800000| Untracked 
|  39|0x0000000087900000, 0x0000000087900000, 0x0000000087a00000|  0%| F|  |TAMS 0x0000000087900000, 0x0000000087900000| Untracked 
|  40|0x0000000087a00000, 0x0000000087a00000, 0x0000000087b00000|  0%| F|  |TAMS 0x0000000087a00000, 0x0000000087a00000| Untracked 
|  41|0x0000000087b00000, 0x0000000087b00000, 0x0000000087c00000|  0%| F|  |TAMS 0x0000000087b00000, 0x0000000087b00000| Untracked 
|  42|0x0000000087c00000, 0x0000000087c00000, 0x0000000087d00000|  0%| F|  |TAMS 0x0000000087c00000, 0x0000000087c00000| Untracked 
|  43|0x0000000087d00000, 0x0000000087d00000, 0x0000000087e00000|  0%| F|  |TAMS 0x0000000087d00000, 0x0000000087d00000| Untracked 
|  44|0x0000000087e00000, 0x0000000087e00000, 0x0000000087f00000|  0%| F|  |TAMS 0x0000000087e00000, 0x0000000087e00000| Untracked 
|  45|0x0000000087f00000, 0x0000000087f00000, 0x0000000088000000|  0%| F|  |TAMS 0x0000000087f00000, 0x0000000087f00000| Untracked 
|  46|0x0000000088000000, 0x0000000088000000, 0x0000000088100000|  0%| F|  |TAMS 0x0000000088000000, 0x0000000088000000| Untracked 
|  47|0x0000000088100000, 0x0000000088100000, 0x0000000088200000|  0%| F|  |TAMS 0x0000000088100000, 0x0000000088100000| Untracked 
|  48|0x0000000088200000, 0x0000000088200000, 0x0000000088300000|  0%| F|  |TAMS 0x0000000088200000, 0x0000000088200000| Untracked 
|  49|0x0000000088300000, 0x0000000088300000, 0x0000000088400000|  0%| F|  |TAMS 0x0000000088300000, 0x0000000088300000| Untracked 
|  50|0x0000000088400000, 0x0000000088400000, 0x0000000088500000|  0%| F|  |TAMS 0x0000000088400000, 0x0000000088400000| Untracked 
|  51|0x0000000088500000, 0x0000000088500000, 0x0000000088600000|  0%| F|  |TAMS 0x0000000088500000, 0x0000000088500000| Untracked 
|  52|0x0000000088600000, 0x0000000088600000, 0x0000000088700000|  0%| F|  |TAMS 0x0000000088600000, 0x0000000088600000| Untracked 
|  53|0x0000000088700000, 0x0000000088700000, 0x0000000088800000|  0%| F|  |TAMS 0x0000000088700000, 0x0000000088700000| Untracked 
|  54|0x0000000088800000, 0x0000000088800000, 0x0000000088900000|  0%| F|  |TAMS 0x0000000088800000, 0x0000000088800000| Untracked 
|  55|0x0000000088900000, 0x0000000088900000, 0x0000000088a00000|  0%| F|  |TAMS 0x0000000088900000, 0x0000000088900000| Untracked 
|  56|0x0000000088a00000, 0x0000000088a00000, 0x0000000088b00000|  0%| F|  |TAMS 0x0000000088a00000, 0x0000000088a00000| Untracked 
|  57|0x0000000088b00000, 0x0000000088b00000, 0x0000000088c00000|  0%| F|  |TAMS 0x0000000088b00000, 0x0000000088b00000| Untracked 
|  58|0x0000000088c00000, 0x0000000088c00000, 0x0000000088d00000|  0%| F|  |TAMS 0x0000000088c00000, 0x0000000088c00000| Untracked 
|  59|0x0000000088d00000, 0x0000000088d00000, 0x0000000088e00000|  0%| F|  |TAMS 0x0000000088d00000, 0x0000000088d00000| Untracked 
|  60|0x0000000088e00000, 0x0000000088e00000, 0x0000000088f00000|  0%| F|  |TAMS 0x0000000088e00000, 0x0000000088e00000| Untracked 
|  61|0x0000000088f00000, 0x0000000088f00000, 0x0000000089000000|  0%| F|  |TAMS 0x0000000088f00000, 0x0000000088f00000| Untracked 
|  62|0x0000000089000000, 0x0000000089000000, 0x0000000089100000|  0%| F|  |TAMS 0x0000000089000000, 0x0000000089000000| Untracked 
|  63|0x0000000089100000, 0x0000000089100000, 0x0000000089200000|  0%| F|  |TAMS 0x0000000089100000, 0x0000000089100000| Untracked 
|  64|0x0000000089200000, 0x0000000089200000, 0x0000000089300000|  0%| F|  |TAMS 0x0000000089200000, 0x0000000089200000| Untracked 
|  65|0x0000000089300000, 0x0000000089300000, 0x0000000089400000|  0%| F|  |TAMS 0x0000000089300000, 0x0000000089300000| Untracked 
|  66|0x0000000089400000, 0x0000000089400000, 0x0000000089500000|  0%| F|  |TAMS 0x0000000089400000, 0x0000000089400000| Untracked 
|  67|0x0000000089500000, 0x0000000089500000, 0x0000000089600000|  0%| F|  |TAMS 0x0000000089500000, 0x0000000089500000| Untracked 
|  68|0x0000000089600000, 0x0000000089600000, 0x0000000089700000|  0%| F|  |TAMS 0x0000000089600000, 0x0000000089600000| Untracked 
|  69|0x0000000089700000, 0x0000000089700000, 0x0000000089800000|  0%| F|  |TAMS 0x0000000089700000, 0x0000000089700000| Untracked 
|  70|0x0000000089800000, 0x0000000089800000, 0x0000000089900000|  0%| F|  |TAMS 0x0000000089800000, 0x0000000089800000| Untracked 
|  71|0x0000000089900000, 0x0000000089900000, 0x0000000089a00000|  0%| F|  |TAMS 0x0000000089900000, 0x0000000089900000| Untracked 
|  72|0x0000000089a00000, 0x0000000089a00000, 0x0000000089b00000|  0%| F|  |TAMS 0x0000000089a00000, 0x0000000089a00000| Untracked 
|  73|0x0000000089b00000, 0x0000000089b00000, 0x0000000089c00000|  0%| F|  |TAMS 0x0000000089b00000, 0x0000000089b00000| Untracked 
|  74|0x0000000089c00000, 0x0000000089c00000, 0x0000000089d00000|  0%| F|  |TAMS 0x0000000089c00000, 0x0000000089c00000| Untracked 
|  75|0x0000000089d00000, 0x0000000089d00000, 0x0000000089e00000|  0%| F|  |TAMS 0x0000000089d00000, 0x0000000089d00000| Untracked 
|  76|0x0000000089e00000, 0x0000000089e00000, 0x0000000089f00000|  0%| F|  |TAMS 0x0000000089e00000, 0x0000000089e00000| Untracked 
|  77|0x0000000089f00000, 0x0000000089f00000, 0x000000008a000000|  0%| F|  |TAMS 0x0000000089f00000, 0x0000000089f00000| Untracked 
|  78|0x000000008a000000, 0x000000008a000000, 0x000000008a100000|  0%| F|  |TAMS 0x000000008a000000, 0x000000008a000000| Untracked 
|  79|0x000000008a100000, 0x000000008a100000, 0x000000008a200000|  0%| F|  |TAMS 0x000000008a100000, 0x000000008a100000| Untracked 
|  80|0x000000008a200000, 0x000000008a200000, 0x000000008a300000|  0%| F|  |TAMS 0x000000008a200000, 0x000000008a200000| Untracked 
|  81|0x000000008a300000, 0x000000008a300000, 0x000000008a400000|  0%| F|  |TAMS 0x000000008a300000, 0x000000008a300000| Untracked 
|  82|0x000000008a400000, 0x000000008a400000, 0x000000008a500000|  0%| F|  |TAMS 0x000000008a400000, 0x000000008a400000| Untracked 
|  83|0x000000008a500000, 0x000000008a500000, 0x000000008a600000|  0%| F|  |TAMS 0x000000008a500000, 0x000000008a500000| Untracked 
|  84|0x000000008a600000, 0x000000008a600000, 0x000000008a700000|  0%| F|  |TAMS 0x000000008a600000, 0x000000008a600000| Untracked 
|  85|0x000000008a700000, 0x000000008a700000, 0x000000008a800000|  0%| F|  |TAMS 0x000000008a700000, 0x000000008a700000| Untracked 
|  86|0x000000008a800000, 0x000000008a800000, 0x000000008a900000|  0%| F|  |TAMS 0x000000008a800000, 0x000000008a800000| Untracked 
|  87|0x000000008a900000, 0x000000008a900000, 0x000000008aa00000|  0%| F|  |TAMS 0x000000008a900000, 0x000000008a900000| Untracked 
|  88|0x000000008aa00000, 0x000000008aa00000, 0x000000008ab00000|  0%| F|  |TAMS 0x000000008aa00000, 0x000000008aa00000| Untracked 
|  89|0x000000008ab00000, 0x000000008ab00000, 0x000000008ac00000|  0%| F|  |TAMS 0x000000008ab00000, 0x000000008ab00000| Untracked 
|  90|0x000000008ac00000, 0x000000008ac00000, 0x000000008ad00000|  0%| F|  |TAMS 0x000000008ac00000, 0x000000008ac00000| Untracked 
|  91|0x000000008ad00000, 0x000000008ad00000, 0x000000008ae00000|  0%| F|  |TAMS 0x000000008ad00000, 0x000000008ad00000| Untracked 
|  92|0x000000008ae00000, 0x000000008ae00000, 0x000000008af00000|  0%| F|  |TAMS 0x000000008ae00000, 0x000000008ae00000| Untracked 
|  93|0x000000008af00000, 0x000000008af00000, 0x000000008b000000|  0%| F|  |TAMS 0x000000008af00000, 0x000000008af00000| Untracked 
|  94|0x000000008b000000, 0x000000008b000000, 0x000000008b100000|  0%| F|  |TAMS 0x000000008b000000, 0x000000008b000000| Untracked 
|  95|0x000000008b100000, 0x000000008b100000, 0x000000008b200000|  0%| F|  |TAMS 0x000000008b100000, 0x000000008b100000| Untracked 
|  96|0x000000008b200000, 0x000000008b200000, 0x000000008b300000|  0%| F|  |TAMS 0x000000008b200000, 0x000000008b200000| Untracked 
|  97|0x000000008b300000, 0x000000008b300000, 0x000000008b400000|  0%| F|  |TAMS 0x000000008b300000, 0x000000008b300000| Untracked 
|  98|0x000000008b400000, 0x000000008b400000, 0x000000008b500000|  0%| F|  |TAMS 0x000000008b400000, 0x000000008b400000| Untracked 
|  99|0x000000008b500000, 0x000000008b500000, 0x000000008b600000|  0%| F|  |TAMS 0x000000008b500000, 0x000000008b500000| Untracked 
| 100|0x000000008b600000, 0x000000008b600000, 0x000000008b700000|  0%| F|  |TAMS 0x000000008b600000, 0x000000008b600000| Untracked 
| 101|0x000000008b700000, 0x000000008b700000, 0x000000008b800000|  0%| F|  |TAMS 0x000000008b700000, 0x000000008b700000| Untracked 
| 102|0x000000008b800000, 0x000000008b800000, 0x000000008b900000|  0%| F|  |TAMS 0x000000008b800000, 0x000000008b800000| Untracked 
| 103|0x000000008b900000, 0x000000008b900000, 0x000000008ba00000|  0%| F|  |TAMS 0x000000008b900000, 0x000000008b900000| Untracked 
| 104|0x000000008ba00000, 0x000000008ba00000, 0x000000008bb00000|  0%| F|  |TAMS 0x000000008ba00000, 0x000000008ba00000| Untracked 
| 105|0x000000008bb00000, 0x000000008bb00000, 0x000000008bc00000|  0%| F|  |TAMS 0x000000008bb00000, 0x000000008bb00000| Untracked 
| 106|0x000000008bc00000, 0x000000008bc00000, 0x000000008bd00000|  0%| F|  |TAMS 0x000000008bc00000, 0x000000008bc00000| Untracked 
| 107|0x000000008bd00000, 0x000000008bd00000, 0x000000008be00000|  0%| F|  |TAMS 0x000000008bd00000, 0x000000008bd00000| Untracked 
| 108|0x000000008be00000, 0x000000008be00000, 0x000000008bf00000|  0%| F|  |TAMS 0x000000008be00000, 0x000000008be00000| Untracked 
| 109|0x000000008bf00000, 0x000000008bf00000, 0x000000008c000000|  0%| F|  |TAMS 0x000000008bf00000, 0x000000008bf00000| Untracked 
| 110|0x000000008c000000, 0x000000008c000000, 0x000000008c100000|  0%| F|  |TAMS 0x000000008c000000, 0x000000008c000000| Untracked 
| 111|0x000000008c100000, 0x000000008c100000, 0x000000008c200000|  0%| F|  |TAMS 0x000000008c100000, 0x000000008c100000| Untracked 
| 112|0x000000008c200000, 0x000000008c200000, 0x000000008c300000|  0%| F|  |TAMS 0x000000008c200000, 0x000000008c200000| Untracked 
| 113|0x000000008c300000, 0x000000008c400000, 0x000000008c400000|100%| S|CS|TAMS 0x000000008c300000, 0x000000008c300000| Complete 
| 114|0x000000008c400000, 0x000000008c500000, 0x000000008c500000|100%| S|CS|TAMS 0x000000008c400000, 0x000000008c400000| Complete 
| 115|0x000000008c500000, 0x000000008c500000, 0x000000008c600000|  0%| F|  |TAMS 0x000000008c500000, 0x000000008c500000| Untracked 
| 116|0x000000008c600000, 0x000000008c600000, 0x000000008c700000|  0%| F|  |TAMS 0x000000008c600000, 0x000000008c600000| Untracked 
| 117|0x000000008c700000, 0x000000008c700000, 0x000000008c800000|  0%| F|  |TAMS 0x000000008c700000, 0x000000008c700000| Untracked 
| 118|0x000000008c800000, 0x000000008c800000, 0x000000008c900000|  0%| F|  |TAMS 0x000000008c800000, 0x000000008c800000| Untracked 
| 119|0x000000008c900000, 0x000000008c900000, 0x000000008ca00000|  0%| F|  |TAMS 0x000000008c900000, 0x000000008c900000| Untracked 
| 120|0x000000008ca00000, 0x000000008ca00000, 0x000000008cb00000|  0%| F|  |TAMS 0x000000008ca00000, 0x000000008ca00000| Untracked 
| 121|0x000000008cb00000, 0x000000008cb00000, 0x000000008cc00000|  0%| F|  |TAMS 0x000000008cb00000, 0x000000008cb00000| Untracked 
| 122|0x000000008cc00000, 0x000000008cc00000, 0x000000008cd00000|  0%| F|  |TAMS 0x000000008cc00000, 0x000000008cc00000| Untracked 
| 123|0x000000008cd00000, 0x000000008cd00000, 0x000000008ce00000|  0%| F|  |TAMS 0x000000008cd00000, 0x000000008cd00000| Untracked 
| 124|0x000000008ce00000, 0x000000008ce00000, 0x000000008cf00000|  0%| F|  |TAMS 0x000000008ce00000, 0x000000008ce00000| Untracked 
| 125|0x000000008cf00000, 0x000000008cf00000, 0x000000008d000000|  0%| F|  |TAMS 0x000000008cf00000, 0x000000008cf00000| Untracked 
| 126|0x000000008d000000, 0x000000008d000000, 0x000000008d100000|  0%| F|  |TAMS 0x000000008d000000, 0x000000008d000000| Untracked 
| 127|0x000000008d100000, 0x000000008d100000, 0x000000008d200000|  0%| F|  |TAMS 0x000000008d100000, 0x000000008d100000| Untracked 
| 128|0x000000008d200000, 0x000000008d200000, 0x000000008d300000|  0%| F|  |TAMS 0x000000008d200000, 0x000000008d200000| Untracked 
| 129|0x000000008d300000, 0x000000008d300000, 0x000000008d400000|  0%| F|  |TAMS 0x000000008d300000, 0x000000008d300000| Untracked 
| 130|0x000000008d400000, 0x000000008d400000, 0x000000008d500000|  0%| F|  |TAMS 0x000000008d400000, 0x000000008d400000| Untracked 
| 131|0x000000008d500000, 0x000000008d500000, 0x000000008d600000|  0%| F|  |TAMS 0x000000008d500000, 0x000000008d500000| Untracked 
| 132|0x000000008d600000, 0x000000008d600000, 0x000000008d700000|  0%| F|  |TAMS 0x000000008d600000, 0x000000008d600000| Untracked 
| 133|0x000000008d700000, 0x000000008d700000, 0x000000008d800000|  0%| F|  |TAMS 0x000000008d700000, 0x000000008d700000| Untracked 
| 134|0x000000008d800000, 0x000000008d800000, 0x000000008d900000|  0%| F|  |TAMS 0x000000008d800000, 0x000000008d800000| Untracked 
| 135|0x000000008d900000, 0x000000008d900000, 0x000000008da00000|  0%| F|  |TAMS 0x000000008d900000, 0x000000008d900000| Untracked 
| 136|0x000000008da00000, 0x000000008da00000, 0x000000008db00000|  0%| F|  |TAMS 0x000000008da00000, 0x000000008da00000| Untracked 
| 137|0x000000008db00000, 0x000000008db00000, 0x000000008dc00000|  0%| F|  |TAMS 0x000000008db00000, 0x000000008db00000| Untracked 
| 138|0x000000008dc00000, 0x000000008dc00000, 0x000000008dd00000|  0%| F|  |TAMS 0x000000008dc00000, 0x000000008dc00000| Untracked 
| 139|0x000000008dd00000, 0x000000008dd00000, 0x000000008de00000|  0%| F|  |TAMS 0x000000008dd00000, 0x000000008dd00000| Untracked 
| 140|0x000000008de00000, 0x000000008de00000, 0x000000008df00000|  0%| F|  |TAMS 0x000000008de00000, 0x000000008de00000| Untracked 
| 141|0x000000008df00000, 0x000000008df00000, 0x000000008e000000|  0%| F|  |TAMS 0x000000008df00000, 0x000000008df00000| Untracked 
| 142|0x000000008e000000, 0x000000008e000000, 0x000000008e100000|  0%| F|  |TAMS 0x000000008e000000, 0x000000008e000000| Untracked 
| 143|0x000000008e100000, 0x000000008e100000, 0x000000008e200000|  0%| F|  |TAMS 0x000000008e100000, 0x000000008e100000| Untracked 
| 144|0x000000008e200000, 0x000000008e200000, 0x000000008e300000|  0%| F|  |TAMS 0x000000008e200000, 0x000000008e200000| Untracked 
| 145|0x000000008e300000, 0x000000008e300000, 0x000000008e400000|  0%| F|  |TAMS 0x000000008e300000, 0x000000008e300000| Untracked 
| 146|0x000000008e400000, 0x000000008e400000, 0x000000008e500000|  0%| F|  |TAMS 0x000000008e400000, 0x000000008e400000| Untracked 
| 147|0x000000008e500000, 0x000000008e500000, 0x000000008e600000|  0%| F|  |TAMS 0x000000008e500000, 0x000000008e500000| Untracked 
| 148|0x000000008e600000, 0x000000008e600000, 0x000000008e700000|  0%| F|  |TAMS 0x000000008e600000, 0x000000008e600000| Untracked 
| 149|0x000000008e700000, 0x000000008e700000, 0x000000008e800000|  0%| F|  |TAMS 0x000000008e700000, 0x000000008e700000| Untracked 
| 150|0x000000008e800000, 0x000000008e800000, 0x000000008e900000|  0%| F|  |TAMS 0x000000008e800000, 0x000000008e800000| Untracked 
| 151|0x000000008e900000, 0x000000008e900000, 0x000000008ea00000|  0%| F|  |TAMS 0x000000008e900000, 0x000000008e900000| Untracked 
| 152|0x000000008ea00000, 0x000000008ea00000, 0x000000008eb00000|  0%| F|  |TAMS 0x000000008ea00000, 0x000000008ea00000| Untracked 
| 153|0x000000008eb00000, 0x000000008eb00000, 0x000000008ec00000|  0%| F|  |TAMS 0x000000008eb00000, 0x000000008eb00000| Untracked 
| 154|0x000000008ec00000, 0x000000008ec00000, 0x000000008ed00000|  0%| F|  |TAMS 0x000000008ec00000, 0x000000008ec00000| Untracked 
| 155|0x000000008ed00000, 0x000000008ed00000, 0x000000008ee00000|  0%| F|  |TAMS 0x000000008ed00000, 0x000000008ed00000| Untracked 
| 156|0x000000008ee00000, 0x000000008ee00000, 0x000000008ef00000|  0%| F|  |TAMS 0x000000008ee00000, 0x000000008ee00000| Untracked 
| 157|0x000000008ef00000, 0x000000008ef00000, 0x000000008f000000|  0%| F|  |TAMS 0x000000008ef00000, 0x000000008ef00000| Untracked 
| 158|0x000000008f000000, 0x000000008f000000, 0x000000008f100000|  0%| F|  |TAMS 0x000000008f000000, 0x000000008f000000| Untracked 
| 159|0x000000008f100000, 0x000000008f100000, 0x000000008f200000|  0%| F|  |TAMS 0x000000008f100000, 0x000000008f100000| Untracked 
| 160|0x000000008f200000, 0x000000008f200000, 0x000000008f300000|  0%| F|  |TAMS 0x000000008f200000, 0x000000008f200000| Untracked 
| 161|0x000000008f300000, 0x000000008f300000, 0x000000008f400000|  0%| F|  |TAMS 0x000000008f300000, 0x000000008f300000| Untracked 
| 162|0x000000008f400000, 0x000000008f400000, 0x000000008f500000|  0%| F|  |TAMS 0x000000008f400000, 0x000000008f400000| Untracked 
| 163|0x000000008f500000, 0x000000008f500000, 0x000000008f600000|  0%| F|  |TAMS 0x000000008f500000, 0x000000008f500000| Untracked 
| 164|0x000000008f600000, 0x000000008f600000, 0x000000008f700000|  0%| F|  |TAMS 0x000000008f600000, 0x000000008f600000| Untracked 
| 165|0x000000008f700000, 0x000000008f700000, 0x000000008f800000|  0%| F|  |TAMS 0x000000008f700000, 0x000000008f700000| Untracked 
| 166|0x000000008f800000, 0x000000008f800000, 0x000000008f900000|  0%| F|  |TAMS 0x000000008f800000, 0x000000008f800000| Untracked 
| 167|0x000000008f900000, 0x000000008f900000, 0x000000008fa00000|  0%| F|  |TAMS 0x000000008f900000, 0x000000008f900000| Untracked 
| 168|0x000000008fa00000, 0x000000008fa00000, 0x000000008fb00000|  0%| F|  |TAMS 0x000000008fa00000, 0x000000008fa00000| Untracked 
| 169|0x000000008fb00000, 0x000000008fb00000, 0x000000008fc00000|  0%| F|  |TAMS 0x000000008fb00000, 0x000000008fb00000| Untracked 
| 170|0x000000008fc00000, 0x000000008fc00000, 0x000000008fd00000|  0%| F|  |TAMS 0x000000008fc00000, 0x000000008fc00000| Untracked 
| 171|0x000000008fd00000, 0x000000008fd00000, 0x000000008fe00000|  0%| F|  |TAMS 0x000000008fd00000, 0x000000008fd00000| Untracked 
| 172|0x000000008fe00000, 0x000000008fe00000, 0x000000008ff00000|  0%| F|  |TAMS 0x000000008fe00000, 0x000000008fe00000| Untracked 
| 173|0x000000008ff00000, 0x000000008ff00000, 0x0000000090000000|  0%| F|  |TAMS 0x000000008ff00000, 0x000000008ff00000| Untracked 
| 174|0x0000000090000000, 0x0000000090000000, 0x0000000090100000|  0%| F|  |TAMS 0x0000000090000000, 0x0000000090000000| Untracked 
| 175|0x0000000090100000, 0x0000000090100000, 0x0000000090200000|  0%| F|  |TAMS 0x0000000090100000, 0x0000000090100000| Untracked 
| 176|0x0000000090200000, 0x0000000090200000, 0x0000000090300000|  0%| F|  |TAMS 0x0000000090200000, 0x0000000090200000| Untracked 
| 177|0x0000000090300000, 0x0000000090300000, 0x0000000090400000|  0%| F|  |TAMS 0x0000000090300000, 0x0000000090300000| Untracked 
| 178|0x0000000090400000, 0x0000000090400000, 0x0000000090500000|  0%| F|  |TAMS 0x0000000090400000, 0x0000000090400000| Untracked 
| 179|0x0000000090500000, 0x0000000090500000, 0x0000000090600000|  0%| F|  |TAMS 0x0000000090500000, 0x0000000090500000| Untracked 
| 180|0x0000000090600000, 0x0000000090600000, 0x0000000090700000|  0%| F|  |TAMS 0x0000000090600000, 0x0000000090600000| Untracked 
| 181|0x0000000090700000, 0x0000000090700000, 0x0000000090800000|  0%| F|  |TAMS 0x0000000090700000, 0x0000000090700000| Untracked 
| 182|0x0000000090800000, 0x0000000090800000, 0x0000000090900000|  0%| F|  |TAMS 0x0000000090800000, 0x0000000090800000| Untracked 
| 183|0x0000000090900000, 0x0000000090900000, 0x0000000090a00000|  0%| F|  |TAMS 0x0000000090900000, 0x0000000090900000| Untracked 
| 184|0x0000000090a00000, 0x0000000090a00000, 0x0000000090b00000|  0%| F|  |TAMS 0x0000000090a00000, 0x0000000090a00000| Untracked 
| 185|0x0000000090b00000, 0x0000000090b00000, 0x0000000090c00000|  0%| F|  |TAMS 0x0000000090b00000, 0x0000000090b00000| Untracked 
| 186|0x0000000090c00000, 0x0000000090c00000, 0x0000000090d00000|  0%| F|  |TAMS 0x0000000090c00000, 0x0000000090c00000| Untracked 
| 187|0x0000000090d00000, 0x0000000090d00000, 0x0000000090e00000|  0%| F|  |TAMS 0x0000000090d00000, 0x0000000090d00000| Untracked 
| 188|0x0000000090e00000, 0x0000000090e00000, 0x0000000090f00000|  0%| F|  |TAMS 0x0000000090e00000, 0x0000000090e00000| Untracked 
| 189|0x0000000090f00000, 0x0000000090f00000, 0x0000000091000000|  0%| F|  |TAMS 0x0000000090f00000, 0x0000000090f00000| Untracked 
| 190|0x0000000091000000, 0x0000000091000000, 0x0000000091100000|  0%| F|  |TAMS 0x0000000091000000, 0x0000000091000000| Untracked 
| 191|0x0000000091100000, 0x0000000091100000, 0x0000000091200000|  0%| F|  |TAMS 0x0000000091100000, 0x0000000091100000| Untracked 
| 192|0x0000000091200000, 0x0000000091200000, 0x0000000091300000|  0%| F|  |TAMS 0x0000000091200000, 0x0000000091200000| Untracked 
| 193|0x0000000091300000, 0x0000000091300000, 0x0000000091400000|  0%| F|  |TAMS 0x0000000091300000, 0x0000000091300000| Untracked 
| 194|0x0000000091400000, 0x0000000091400000, 0x0000000091500000|  0%| F|  |TAMS 0x0000000091400000, 0x0000000091400000| Untracked 
| 195|0x0000000091500000, 0x0000000091500000, 0x0000000091600000|  0%| F|  |TAMS 0x0000000091500000, 0x0000000091500000| Untracked 
| 196|0x0000000091600000, 0x0000000091600000, 0x0000000091700000|  0%| F|  |TAMS 0x0000000091600000, 0x0000000091600000| Untracked 
| 197|0x0000000091700000, 0x0000000091700000, 0x0000000091800000|  0%| F|  |TAMS 0x0000000091700000, 0x0000000091700000| Untracked 
| 198|0x0000000091800000, 0x0000000091800000, 0x0000000091900000|  0%| F|  |TAMS 0x0000000091800000, 0x0000000091800000| Untracked 
| 199|0x0000000091900000, 0x0000000091900000, 0x0000000091a00000|  0%| F|  |TAMS 0x0000000091900000, 0x0000000091900000| Untracked 
| 200|0x0000000091a00000, 0x0000000091a00000, 0x0000000091b00000|  0%| F|  |TAMS 0x0000000091a00000, 0x0000000091a00000| Untracked 
| 201|0x0000000091b00000, 0x0000000091b00000, 0x0000000091c00000|  0%| F|  |TAMS 0x0000000091b00000, 0x0000000091b00000| Untracked 
| 202|0x0000000091c00000, 0x0000000091c00000, 0x0000000091d00000|  0%| F|  |TAMS 0x0000000091c00000, 0x0000000091c00000| Untracked 
| 203|0x0000000091d00000, 0x0000000091d00000, 0x0000000091e00000|  0%| F|  |TAMS 0x0000000091d00000, 0x0000000091d00000| Untracked 
| 204|0x0000000091e00000, 0x0000000091e00000, 0x0000000091f00000|  0%| F|  |TAMS 0x0000000091e00000, 0x0000000091e00000| Untracked 
| 205|0x0000000091f00000, 0x0000000091f00000, 0x0000000092000000|  0%| F|  |TAMS 0x0000000091f00000, 0x0000000091f00000| Untracked 
| 206|0x0000000092000000, 0x0000000092000000, 0x0000000092100000|  0%| F|  |TAMS 0x0000000092000000, 0x0000000092000000| Untracked 
| 207|0x0000000092100000, 0x0000000092100000, 0x0000000092200000|  0%| F|  |TAMS 0x0000000092100000, 0x0000000092100000| Untracked 
| 208|0x0000000092200000, 0x0000000092200000, 0x0000000092300000|  0%| F|  |TAMS 0x0000000092200000, 0x0000000092200000| Untracked 
| 209|0x0000000092300000, 0x0000000092300000, 0x0000000092400000|  0%| F|  |TAMS 0x0000000092300000, 0x0000000092300000| Untracked 
| 210|0x0000000092400000, 0x0000000092400000, 0x0000000092500000|  0%| F|  |TAMS 0x0000000092400000, 0x0000000092400000| Untracked 
| 211|0x0000000092500000, 0x0000000092500000, 0x0000000092600000|  0%| F|  |TAMS 0x0000000092500000, 0x0000000092500000| Untracked 
| 212|0x0000000092600000, 0x0000000092600000, 0x0000000092700000|  0%| F|  |TAMS 0x0000000092600000, 0x0000000092600000| Untracked 
| 213|0x0000000092700000, 0x0000000092700000, 0x0000000092800000|  0%| F|  |TAMS 0x0000000092700000, 0x0000000092700000| Untracked 
| 214|0x0000000092800000, 0x0000000092800000, 0x0000000092900000|  0%| F|  |TAMS 0x0000000092800000, 0x0000000092800000| Untracked 
| 215|0x0000000092900000, 0x0000000092900000, 0x0000000092a00000|  0%| F|  |TAMS 0x0000000092900000, 0x0000000092900000| Untracked 
| 216|0x0000000092a00000, 0x0000000092a00000, 0x0000000092b00000|  0%| F|  |TAMS 0x0000000092a00000, 0x0000000092a00000| Untracked 
| 217|0x0000000092b00000, 0x0000000092b00000, 0x0000000092c00000|  0%| F|  |TAMS 0x0000000092b00000, 0x0000000092b00000| Untracked 
| 218|0x0000000092c00000, 0x0000000092c00000, 0x0000000092d00000|  0%| F|  |TAMS 0x0000000092c00000, 0x0000000092c00000| Untracked 
| 219|0x0000000092d00000, 0x0000000092d00000, 0x0000000092e00000|  0%| F|  |TAMS 0x0000000092d00000, 0x0000000092d00000| Untracked 

Card table byte_map: [0x0000021dae990000,0x0000021daed70000] _byte_map_base: 0x0000021dae567000

Marking Bits (Prev, Next): (CMBitMap*) 0x0000021d99d119d0, (CMBitMap*) 0x0000021d99d11a10
 Prev Bits: [0x0000021daf150000, 0x0000021db1008000)
 Next Bits: [0x0000021db1010000, 0x0000021db2ec8000)

Polling page: 0x0000021d99d80000

Metaspace:

Usage:
  Non-class:     12.58 MB used.
      Class:      1.42 MB used.
       Both:     13.99 MB used.

Virtual space:
  Non-class space:       16.00 MB reserved,      12.69 MB ( 79%) committed,  2 nodes.
      Class space:        1.00 GB reserved,       1.50 MB ( <1%) committed,  1 nodes.
             Both:        1.02 GB reserved,      14.19 MB (  1%) committed. 

Chunk freelists:
   Non-Class:  3.00 MB
       Class:  2.55 MB
        Both:  5.55 MB

MaxMetaspaceSize: unlimited
CompressedClassSpaceSize: 1.00 GB
Initial GC threshold: 21.00 MB
Current GC threshold: 21.00 MB
CDS: off
MetaspaceReclaimPolicy: balanced
 - commit_granule_bytes: 65536.
 - commit_granule_words: 8192.
 - virtual_space_node_default_size: 1048576.
 - enlarge_chunks_in_place: 1.
 - new_chunks_are_fully_committed: 0.
 - uncommit_free_chunks: 1.
 - use_allocation_guard: 0.
 - handle_deallocations: 1.


Internal statistics:

num_allocs_failed_limit: 0.
num_arena_births: 114.
num_arena_deaths: 0.
num_vsnodes_births: 3.
num_vsnodes_deaths: 0.
num_space_committed: 227.
num_space_uncommitted: 0.
num_chunks_returned_to_freelist: 0.
num_chunks_taken_from_freelist: 182.
num_chunk_merges: 0.
num_chunk_splits: 96.
num_chunks_enlarged: 46.
num_purges: 0.
num_inconsistent_stats: 0.

CodeHeap 'non-profiled nmethods': size=120000Kb used=217Kb max_used=217Kb free=119782Kb
 bounds [0x0000021da6620000, 0x0000021da6890000, 0x0000021dadb50000]
CodeHeap 'profiled nmethods': size=120000Kb used=1177Kb max_used=1177Kb free=118822Kb
 bounds [0x0000021d9f0f0000, 0x0000021d9f360000, 0x0000021da6620000]
CodeHeap 'non-nmethods': size=5760Kb used=1262Kb max_used=1275Kb free=4498Kb
 bounds [0x0000021d9eb50000, 0x0000021d9edc0000, 0x0000021d9f0f0000]
 total_blobs=1392 nmethods=808 adapters=497
 compilation: enabled
              stopped_count=0, restarted_count=0
 full_count=0

Compilation events (20 events):
Event: 1.591 Thread 0x0000021db6469990 nmethod 799 0x0000021d9f20fa10 code [0x0000021d9f20fbe0, 0x0000021d9f20fee8]
Event: 1.591 Thread 0x0000021db6469990  800       3       java.lang.StringLatin1::indexOf (36 bytes)
Event: 1.591 Thread 0x0000021db6469990 nmethod 800 0x0000021d9f210010 code [0x0000021d9f2101e0, 0x0000021d9f2104e8]
Event: 1.591 Thread 0x0000021db6469990  801       3       java.awt.image.ComponentColorModel::getRGBComponent (111 bytes)
Event: 1.592 Thread 0x0000021db6469990 nmethod 801 0x0000021d9f210610 code [0x0000021d9f210860, 0x0000021d9f210d58]
Event: 1.592 Thread 0x0000021db6469990  804       3       sun.awt.image.ByteInterleavedRaster::getDataElements (129 bytes)
Event: 1.592 Thread 0x0000021db6469990 nmethod 804 0x0000021d9f211010 code [0x0000021d9f211200, 0x0000021d9f2117c8]
Event: 1.592 Thread 0x0000021db6469990  803       3       java.awt.image.BufferedImage::getRGB (18 bytes)
Event: 1.596 Thread 0x0000021db6469990 nmethod 803 0x0000021d9f211a10 code [0x0000021d9f211bc0, 0x0000021d9f211e58]
Event: 1.596 Thread 0x0000021db6469990  805       3       java.awt.image.ComponentColorModel::getRGB (161 bytes)
Event: 1.597 Thread 0x0000021db6469990 nmethod 805 0x0000021d9f211f90 code [0x0000021d9f212240, 0x0000021d9f212a78]
Event: 1.597 Thread 0x0000021db6469990  806       3       java.awt.image.ComponentColorModel::getAlpha (238 bytes)
Event: 1.597 Thread 0x0000021db6469990 nmethod 806 0x0000021d9f212d90 code [0x0000021d9f213060, 0x0000021d9f213c38]
Event: 1.597 Thread 0x0000021db6469990  807       3       java.awt.image.ComponentColorModel::getRed (7 bytes)
Event: 1.597 Thread 0x0000021db6469990 nmethod 807 0x0000021d9f214010 code [0x0000021d9f2141a0, 0x0000021d9f2142e8]
Event: 1.597 Thread 0x0000021db6469990  808       3       java.awt.image.ComponentColorModel::getGreen (7 bytes)
Event: 1.597 Thread 0x0000021db6469990 nmethod 808 0x0000021d9f214390 code [0x0000021d9f214520, 0x0000021d9f214668]
Event: 1.597 Thread 0x0000021db6469990  809       3       java.awt.image.ComponentColorModel::getBlue (7 bytes)
Event: 1.598 Thread 0x0000021db6469990 nmethod 809 0x0000021d9f214710 code [0x0000021d9f2148a0, 0x0000021d9f2149e8]
Event: 1.598 Thread 0x0000021db6469990  802       3       java.awt.image.ComponentColorModel::extractComponent (499 bytes)

GC Heap History (2 events):
Event: 1.592 GC heap before
{Heap before GC invocations=0 (full 0):
 garbage-first heap   total 126976K, used 15360K [0x0000000085200000, 0x0000000100000000)
  region size 1024K, 9 young (9216K), 0 survivors (0K)
 Metaspace       used 14330K, committed 14528K, reserved 1064960K
  class space    used 1450K, committed 1536K, reserved 1048576K
}
Event: 1.596 GC heap after
{Heap after GC invocations=1 (full 0):
 garbage-first heap   total 126976K, used 9216K [0x0000000085200000, 0x0000000100000000)
  region size 1024K, 2 young (2048K), 2 survivors (2048K)
 Metaspace       used 14330K, committed 14528K, reserved 1064960K
  class space    used 1450K, committed 1536K, reserved 1048576K
}

Dll operation events (8 events):
Event: 0.008 Loaded shared library C:\Users\joelc\.p2\pool\plugins\org.eclipse.justj.openjdk.hotspot.jre.full.win32.x86_64_17.0.5.v20221102-0933\jre\bin\java.dll
Event: 0.091 Loaded shared library C:\Users\joelc\.p2\pool\plugins\org.eclipse.justj.openjdk.hotspot.jre.full.win32.x86_64_17.0.5.v20221102-0933\jre\bin\jimage.dll
Event: 0.117 Loaded shared library C:\Users\joelc\.p2\pool\plugins\org.eclipse.justj.openjdk.hotspot.jre.full.win32.x86_64_17.0.5.v20221102-0933\jre\bin\awt.dll
Event: 0.152 Loaded shared library C:\Users\joelc\.p2\pool\plugins\org.eclipse.justj.openjdk.hotspot.jre.full.win32.x86_64_17.0.5.v20221102-0933\jre\bin\zip.dll
Event: 0.302 Loaded shared library C:\Users\joelc\.p2\pool\plugins\org.eclipse.justj.openjdk.hotspot.jre.full.win32.x86_64_17.0.5.v20221102-0933\jre\bin\freetype.dll
Event: 0.303 Loaded shared library C:\Users\joelc\.p2\pool\plugins\org.eclipse.justj.openjdk.hotspot.jre.full.win32.x86_64_17.0.5.v20221102-0933\jre\bin\fontmanager.dll
Event: 0.397 Loaded shared library C:\Users\joelc\.p2\pool\plugins\org.eclipse.justj.openjdk.hotspot.jre.full.win32.x86_64_17.0.5.v20221102-0933\jre\bin\net.dll
Event: 0.401 Loaded shared library C:\Users\joelc\.p2\pool\plugins\org.eclipse.justj.openjdk.hotspot.jre.full.win32.x86_64_17.0.5.v20221102-0933\jre\bin\nio.dll

Deoptimization events (20 events):
Event: 0.179 Thread 0x0000021d99cb4fd0 DEOPT PACKING pc=0x0000021d9f14a7c3 sp=0x000000ad507fef40
Event: 0.179 Thread 0x0000021d99cb4fd0 DEOPT UNPACKING pc=0x0000021d9eba2b43 sp=0x000000ad507fe3d0 mode 0
Event: 0.179 Thread 0x0000021d99cb4fd0 DEOPT PACKING pc=0x0000021d9f14e7a0 sp=0x000000ad507fed00
Event: 0.179 Thread 0x0000021d99cb4fd0 DEOPT UNPACKING pc=0x0000021d9eba2b43 sp=0x000000ad507fe1d8 mode 0
Event: 0.180 Thread 0x0000021d99cb4fd0 DEOPT PACKING pc=0x0000021d9f14a7c3 sp=0x000000ad507fef40
Event: 0.180 Thread 0x0000021d99cb4fd0 DEOPT UNPACKING pc=0x0000021d9eba2b43 sp=0x000000ad507fe3d0 mode 0
Event: 0.180 Thread 0x0000021d99cb4fd0 DEOPT PACKING pc=0x0000021d9f14e7a0 sp=0x000000ad507fed00
Event: 0.180 Thread 0x0000021d99cb4fd0 DEOPT UNPACKING pc=0x0000021d9eba2b43 sp=0x000000ad507fe1d8 mode 0
Event: 0.180 Thread 0x0000021d99cb4fd0 DEOPT PACKING pc=0x0000021d9f14a7c3 sp=0x000000ad507fef40
Event: 0.180 Thread 0x0000021d99cb4fd0 DEOPT UNPACKING pc=0x0000021d9eba2b43 sp=0x000000ad507fe3d0 mode 0
Event: 0.180 Thread 0x0000021d99cb4fd0 DEOPT PACKING pc=0x0000021d9f14a7c3 sp=0x000000ad507fef40
Event: 0.180 Thread 0x0000021d99cb4fd0 DEOPT UNPACKING pc=0x0000021d9eba2b43 sp=0x000000ad507fe3d0 mode 0
Event: 0.211 Thread 0x0000021d99cb4fd0 Uncommon trap: trap_request=0xffffff45 fr.pc=0x0000021da663bcb4 relative=0x0000000000000514
Event: 0.211 Thread 0x0000021d99cb4fd0 Uncommon trap: reason=unstable_if action=reinterpret pc=0x0000021da663bcb4 method=sun.awt.image.ByteInterleavedRaster.putByteData(IIII[B)V @ 395 c2
Event: 0.211 Thread 0x0000021d99cb4fd0 DEOPT PACKING pc=0x0000021da663bcb4 sp=0x000000ad507fecc0
Event: 0.211 Thread 0x0000021d99cb4fd0 DEOPT UNPACKING pc=0x0000021d9eba23a3 sp=0x000000ad507fec38 mode 2
Event: 0.211 Thread 0x0000021d99cb4fd0 DEOPT PACKING pc=0x0000021d9f14ff35 sp=0x000000ad507feeb0
Event: 0.211 Thread 0x0000021d99cb4fd0 DEOPT UNPACKING pc=0x0000021d9eba2b43 sp=0x000000ad507fe348 mode 0
Event: 1.591 Thread 0x0000021db6a8ed30 DEOPT PACKING pc=0x0000021d9f1040e7 sp=0x000000ad51dfd080
Event: 1.591 Thread 0x0000021db6a8ed30 DEOPT UNPACKING pc=0x0000021d9eba2b43 sp=0x000000ad51dfc4a0 mode 0

Classes unloaded (0 events):
No events

Classes redefined (0 events):
No events

Internal exceptions (14 events):
Event: 0.110 Thread 0x0000021d99cb4fd0 Exception <a 'java/lang/ClassNotFoundException'{0x000000008cc496f8}: sun/awt/resources/spi/awtProvider> (0x000000008cc496f8) 
thrown [s\src\hotspot\share\classfile\systemDictionary.cpp, line 256]
Event: 0.129 Thread 0x0000021d99cb4fd0 Exception <a 'java/io/FileNotFoundException'{0x000000008cca42d8}> (0x000000008cca42d8) 
thrown [s\src\hotspot\share\prims\jni.cpp, line 516]
Event: 0.133 Thread 0x0000021d99cb4fd0 Exception <a 'java/io/FileNotFoundException'{0x000000008ccd12b8}> (0x000000008ccd12b8) 
thrown [s\src\hotspot\share\prims\jni.cpp, line 516]
Event: 0.148 Thread 0x0000021d99cb4fd0 Exception <a 'java/lang/NoSuchMethodError'{0x000000008cb06238}: 'java.lang.Object java.lang.invoke.DirectMethodHandle$Holder.invokeStaticInit(java.lang.Object)'> (0x000000008cb06238) 
thrown [s\src\hotspot\share\interpreter\linkResolver.cpp, line 759]
Event: 0.215 Thread 0x0000021d99cb4fd0 Exception <a 'java/io/IOException'{0x000000008cab98f8}> (0x000000008cab98f8) 
thrown [s\src\hotspot\share\prims\jni.cpp, line 516]
Event: 0.238 Thread 0x0000021d99cb4fd0 Exception <a 'java/lang/NoSuchMethodError'{0x000000008c916d50}: 'void java.lang.invoke.DirectMethodHandle$Holder.invokeSpecial(java.lang.Object, java.lang.Object, java.lang.Object)'> (0x000000008c916d50) 
thrown [s\src\hotspot\share\interpreter\linkResolver.cpp, line 759]
Event: 0.242 Thread 0x0000021d99cb4fd0 Exception <a 'java/lang/NoSuchMethodError'{0x000000008c940d98}: 'java.lang.Object java.lang.invoke.DirectMethodHandle$Holder.newInvokeSpecial(java.lang.Object, java.lang.Object, java.lang.Object, java.lang.Object, java.lang.Object)'> (0x000000008c940d98) 
thrown [s\src\hotspot\share\interpreter\linkResolver.cpp, line 759]
Event: 0.243 Thread 0x0000021d99cb4fd0 Exception <a 'java/lang/NoSuchMethodError'{0x000000008c94c760}: 'java.lang.Object java.lang.invoke.DirectMethodHandle$Holder.invokeStatic(java.lang.Object, int, java.lang.Object, java.lang.Object, java.lang.Object, java.lang.Object)'> (0x000000008c94c760) 
thrown [s\src\hotspot\share\interpreter\linkResolver.cpp, line 759]
Event: 0.246 Thread 0x0000021d99cb4fd0 Exception <a 'java/lang/NoSuchMethodError'{0x000000008c971f20}: 'java.lang.Object java.lang.invoke.DirectMethodHandle$Holder.invokeStatic(java.lang.Object, int, java.lang.Object)'> (0x000000008c971f20) 
thrown [s\src\hotspot\share\interpreter\linkResolver.cpp, line 759]
Event: 0.265 Thread 0x0000021d99cb4fd0 Exception <a 'java/lang/ClassNotFoundException'{0x000000008c82cc08}: com/sun/swing/internal/plaf/metal/resources/spi/metalProvider> (0x000000008c82cc08) 
thrown [s\src\hotspot\share\classfile\systemDictionary.cpp, line 256]
Event: 0.265 Thread 0x0000021d99cb4fd0 Exception <a 'java/lang/ClassNotFoundException'{0x000000008c830898}: com/sun/swing/internal/plaf/basic/resources/spi/basicProvider> (0x000000008c830898) 
thrown [s\src\hotspot\share\classfile\systemDictionary.cpp, line 256]
Event: 0.288 Thread 0x0000021db66c79d0 Exception <a 'java/lang/NoSuchMethodError'{0x000000008cafe138}: 'void java.lang.invoke.DirectMethodHandle$Holder.invokeVirtual(java.lang.Object, java.lang.Object)'> (0x000000008cafe138) 
thrown [s\src\hotspot\share\interpreter\linkResolver.cpp, line 759]
Event: 0.299 Thread 0x0000021d99cb4fd0 Exception <a 'java/lang/NoSuchMethodError'{0x000000008c70cef8}: 'void java.lang.invoke.DirectMethodHandle$Holder.invokeStaticInit(java.lang.Object)'> (0x000000008c70cef8) 
thrown [s\src\hotspot\share\interpreter\linkResolver.cpp, line 759]
Event: 1.557 Thread 0x0000021db6b926e0 Exception <a 'java/lang/NoSuchMethodError'{0x000000008c683960}: 'java.lang.Object java.lang.invoke.DirectMethodHandle$Holder.newInvokeSpecial(java.lang.Object, java.lang.Object, java.lang.Object, int, int, int, int, int)'> (0x000000008c683960) 
thrown [s\src\hotspot\share\interpreter\linkResolver.cpp, line 759]

VM Operations (14 events):
Event: 0.081 Executing VM operation: HandshakeAllThreads
Event: 0.081 Executing VM operation: HandshakeAllThreads done
Event: 0.264 Executing VM operation: HandshakeAllThreads
Event: 0.264 Executing VM operation: HandshakeAllThreads done
Event: 0.312 Executing VM operation: HandshakeAllThreads
Event: 0.312 Executing VM operation: HandshakeAllThreads done
Event: 0.355 Executing VM operation: HandshakeAllThreads
Event: 0.355 Executing VM operation: HandshakeAllThreads done
Event: 0.405 Executing VM operation: HandshakeAllThreads
Event: 0.405 Executing VM operation: HandshakeAllThreads done
Event: 1.414 Executing VM operation: Cleanup
Event: 1.414 Executing VM operation: Cleanup done
Event: 1.592 Executing VM operation: G1TryInitiateConcMark
Event: 1.596 Executing VM operation: G1TryInitiateConcMark done

Events (20 events):
Event: 1.583 loading class javax/swing/TimerQueue$DelayedTimer
Event: 1.583 loading class java/util/concurrent/Delayed
Event: 1.583 loading class java/util/concurrent/Delayed done
Event: 1.583 loading class javax/swing/TimerQueue$DelayedTimer done
Event: 1.583 loading class java/util/concurrent/TimeUnit
Event: 1.584 loading class java/util/concurrent/TimeUnit done
Event: 1.584 loading class java/util/concurrent/TimeUnit$1
Event: 1.584 loading class java/awt/KeyboardFocusManager$2
Event: 1.584 loading class java/util/concurrent/TimeUnit$1 done
Event: 1.584 loading class java/time/temporal/ChronoUnit
Event: 1.584 loading class java/awt/KeyboardFocusManager$2 done
Event: 1.584 loading class java/time/temporal/TemporalUnit
Event: 1.584 loading class java/time/temporal/TemporalUnit done
Event: 1.584 loading class java/time/temporal/ChronoUnit done
Event: 1.584 loading class java/time/Duration
Event: 1.584 loading class java/time/temporal/TemporalAmount
Event: 1.584 loading class java/time/temporal/TemporalAmount done
Event: 1.584 loading class java/time/Duration done
Event: 1.584 loading class java/math/BigInteger
Event: 1.586 loading class java/math/BigInteger done


Dynamic libraries:
0x00007ff643d90000 - 0x00007ff643d9e000 	C:\Users\joelc\.p2\pool\plugins\org.eclipse.justj.openjdk.hotspot.jre.full.win32.x86_64_17.0.5.v20221102-0933\jre\bin\javaw.exe
0x00007ff8b1230000 - 0x00007ff8b1444000 	C:\windows\SYSTEM32\ntdll.dll
0x00007ff8af630000 - 0x00007ff8af6f3000 	C:\windows\System32\KERNEL32.DLL
0x00007ff8aea10000 - 0x00007ff8aedac000 	C:\windows\System32\KERNELBASE.dll
0x00007ff8ae7c0000 - 0x00007ff8ae8d1000 	C:\windows\System32\ucrtbase.dll
0x00007ff8978d0000 - 0x00007ff8978e9000 	C:\Users\joelc\.p2\pool\plugins\org.eclipse.justj.openjdk.hotspot.jre.full.win32.x86_64_17.0.5.v20221102-0933\jre\bin\VCRUNTIME140.dll
0x00007ff8a0460000 - 0x00007ff8a0477000 	C:\Users\joelc\.p2\pool\plugins\org.eclipse.justj.openjdk.hotspot.jre.full.win32.x86_64_17.0.5.v20221102-0933\jre\bin\jli.dll
0x00007ff8afb20000 - 0x00007ff8afccd000 	C:\windows\System32\USER32.dll
0x00007ff8ae670000 - 0x00007ff8ae696000 	C:\windows\System32\win32u.dll
0x00007ff8afa40000 - 0x00007ff8afa69000 	C:\windows\System32\GDI32.dll
0x00007ff8ae6a0000 - 0x00007ff8ae7b2000 	C:\windows\System32\gdi32full.dll
0x00007ff8aedb0000 - 0x00007ff8aee4a000 	C:\windows\System32\msvcp_win.dll
0x00007ff890680000 - 0x00007ff89090e000 	C:\windows\WinSxS\amd64_microsoft.windows.common-controls_6595b64144ccf1df_6.0.22621.608_none_a9444ca7c10bb01d\COMCTL32.dll
0x00007ff8af040000 - 0x00007ff8af0e7000 	C:\windows\System32\msvcrt.dll
0x00007ff8af590000 - 0x00007ff8af5c2000 	C:\windows\System32\IMM32.DLL
0x00007ff8a0550000 - 0x00007ff8a055c000 	C:\Users\joelc\.p2\pool\plugins\org.eclipse.justj.openjdk.hotspot.jre.full.win32.x86_64_17.0.5.v20221102-0933\jre\bin\vcruntime140_1.dll
0x00007ff88b0e0000 - 0x00007ff88b171000 	C:\Users\joelc\.p2\pool\plugins\org.eclipse.justj.openjdk.hotspot.jre.full.win32.x86_64_17.0.5.v20221102-0933\jre\bin\msvcp140.dll
0x00007ff862d00000 - 0x00007ff863944000 	C:\Users\joelc\.p2\pool\plugins\org.eclipse.justj.openjdk.hotspot.jre.full.win32.x86_64_17.0.5.v20221102-0933\jre\bin\server\jvm.dll
0x00007ff8af4e0000 - 0x00007ff8af58e000 	C:\windows\System32\ADVAPI32.dll
0x00007ff8af3b0000 - 0x00007ff8af454000 	C:\windows\System32\sechost.dll
0x00007ff8af700000 - 0x00007ff8af815000 	C:\windows\System32\RPCRT4.dll
0x00007ff8981d0000 - 0x00007ff8981d9000 	C:\windows\SYSTEM32\WSOCK32.dll
0x00007ff8af460000 - 0x00007ff8af4d1000 	C:\windows\System32\WS2_32.dll
0x00007ff8a2ca0000 - 0x00007ff8a2cd4000 	C:\windows\SYSTEM32\WINMM.dll
0x00007ff8a0940000 - 0x00007ff8a094a000 	C:\windows\SYSTEM32\VERSION.dll
0x00007ff8ad680000 - 0x00007ff8ad698000 	C:\windows\SYSTEM32\kernel.appcore.dll
0x00007ff8874d0000 - 0x00007ff8874da000 	C:\Users\joelc\.p2\pool\plugins\org.eclipse.justj.openjdk.hotspot.jre.full.win32.x86_64_17.0.5.v20221102-0933\jre\bin\jimage.dll
0x00007ff8ac1d0000 - 0x00007ff8ac3fe000 	C:\windows\SYSTEM32\DBGHELP.DLL
0x00007ff8aff50000 - 0x00007ff8b02da000 	C:\windows\System32\combase.dll
0x00007ff8afd40000 - 0x00007ff8afe17000 	C:\windows\System32\OLEAUT32.dll
0x00007ff898f40000 - 0x00007ff898f72000 	C:\windows\SYSTEM32\dbgcore.DLL
0x00007ff8aefc0000 - 0x00007ff8af03b000 	C:\windows\System32\bcryptPrimitives.dll
0x00007ff8764a0000 - 0x00007ff8764c5000 	C:\Users\joelc\.p2\pool\plugins\org.eclipse.justj.openjdk.hotspot.jre.full.win32.x86_64_17.0.5.v20221102-0933\jre\bin\java.dll
0x00007ff876850000 - 0x00007ff876868000 	C:\Users\joelc\.p2\pool\plugins\org.eclipse.justj.openjdk.hotspot.jre.full.win32.x86_64_17.0.5.v20221102-0933\jre\bin\zip.dll
0x00007ff8b0370000 - 0x00007ff8b0b5f000 	C:\windows\System32\SHELL32.dll
0x00007ff8ac640000 - 0x00007ff8acf08000 	C:\windows\SYSTEM32\windows.storage.dll
0x00007ff8ac500000 - 0x00007ff8ac63e000 	C:\windows\SYSTEM32\wintypes.dll
0x00007ff8afe30000 - 0x00007ff8aff21000 	C:\windows\System32\SHCORE.dll
0x00007ff8afcd0000 - 0x00007ff8afd2e000 	C:\windows\System32\shlwapi.dll
0x00007ff8ae5a0000 - 0x00007ff8ae5c1000 	C:\windows\SYSTEM32\profapi.dll
0x00007ff88a700000 - 0x00007ff88a88e000 	C:\Users\joelc\.p2\pool\plugins\org.eclipse.justj.openjdk.hotspot.jre.full.win32.x86_64_17.0.5.v20221102-0933\jre\bin\awt.dll
0x00007ff8ab480000 - 0x00007ff8ab517000 	C:\windows\SYSTEM32\apphelp.dll
0x00007ff8ab660000 - 0x00007ff8ab70b000 	C:\windows\system32\uxtheme.dll
0x00007ff8af290000 - 0x00007ff8af3ae000 	C:\windows\System32\MSCTF.dll
0x00007ff8af0f0000 - 0x00007ff8af28c000 	C:\windows\System32\ole32.dll
0x00007ff8ab8b0000 - 0x00007ff8ab8db000 	C:\windows\system32\DWMAPI.DLL
0x00007ff88a600000 - 0x00007ff88a700000 	C:\windows\system32\opengl32.dll
0x00007ff897a90000 - 0x00007ff897abd000 	C:\windows\SYSTEM32\GLU32.dll
0x00007ff8ab760000 - 0x00007ff8ab796000 	C:\windows\SYSTEM32\dxcore.dll
0x00007ff88a570000 - 0x00007ff88a5f6000 	C:\Users\joelc\.p2\pool\plugins\org.eclipse.justj.openjdk.hotspot.jre.full.win32.x86_64_17.0.5.v20221102-0933\jre\bin\freetype.dll
0x00007ff887980000 - 0x00007ff887a45000 	C:\Users\joelc\.p2\pool\plugins\org.eclipse.justj.openjdk.hotspot.jre.full.win32.x86_64_17.0.5.v20221102-0933\jre\bin\fontmanager.dll
0x00007ff893810000 - 0x00007ff89393d000 	C:\windows\SYSTEM32\textinputframework.dll
0x00007ff876480000 - 0x00007ff876499000 	C:\Users\joelc\.p2\pool\plugins\org.eclipse.justj.openjdk.hotspot.jre.full.win32.x86_64_17.0.5.v20221102-0933\jre\bin\net.dll
0x00007ff8a59b0000 - 0x00007ff8a5adf000 	C:\windows\SYSTEM32\WINHTTP.dll
0x00007ff8adaf0000 - 0x00007ff8adb59000 	C:\windows\system32\mswsock.dll
0x00007ff876460000 - 0x00007ff876475000 	C:\Users\joelc\.p2\pool\plugins\org.eclipse.justj.openjdk.hotspot.jre.full.win32.x86_64_17.0.5.v20221102-0933\jre\bin\nio.dll
0x00007ff8ab1f0000 - 0x00007ff8ab323000 	C:\windows\SYSTEM32\CoreMessaging.dll
0x00007ff8a5af0000 - 0x00007ff8a5e5c000 	C:\windows\SYSTEM32\CoreUIComponents.dll
0x00007ff8add20000 - 0x00007ff8add2c000 	C:\windows\SYSTEM32\CRYPTBASE.DLL

dbghelp: loaded successfully - version: 4.0.5 - missing functions: none
symbol engine: initialized successfully - sym options: 0x614 - pdb path: .;C:\Users\joelc\.p2\pool\plugins\org.eclipse.justj.openjdk.hotspot.jre.full.win32.x86_64_17.0.5.v20221102-0933\jre\bin;C:\windows\SYSTEM32;C:\windows\WinSxS\amd64_microsoft.windows.common-controls_6595b64144ccf1df_6.0.22621.608_none_a9444ca7c10bb01d;C:\Users\joelc\.p2\pool\plugins\org.eclipse.justj.openjdk.hotspot.jre.full.win32.x86_64_17.0.5.v20221102-0933\jre\bin\server

VM Arguments:
jvm_args: -Dfile.encoding=windows-1252 -XX:+ShowCodeDetailsInExceptionMessages 
java_command: GameRunner
java_class_path (initial): C:\Users\joelc\OneDrive\Documents\CHS Videogame\CHSVideogame\bin
Launcher Type: SUN_STANDARD

[Global flags]
     intx CICompilerCount                          = 4                                         {product} {ergonomic}
     uint ConcGCThreads                            = 2                                         {product} {ergonomic}
     uint G1ConcRefinementThreads                  = 8                                         {product} {ergonomic}
   size_t G1HeapRegionSize                         = 1048576                                   {product} {ergonomic}
    uintx GCDrainStackTargetSize                   = 64                                        {product} {ergonomic}
   size_t InitialHeapSize                          = 130023424                                 {product} {ergonomic}
   size_t MarkStackSize                            = 4194304                                   {product} {ergonomic}
   size_t MaxHeapSize                              = 2061500416                                {product} {ergonomic}
   size_t MaxNewSize                               = 1236271104                                {product} {ergonomic}
   size_t MinHeapDeltaBytes                        = 1048576                                   {product} {ergonomic}
   size_t MinHeapSize                              = 8388608                                   {product} {ergonomic}
    uintx NonNMethodCodeHeapSize                   = 5839372                                {pd product} {ergonomic}
    uintx NonProfiledCodeHeapSize                  = 122909434                              {pd product} {ergonomic}
    uintx ProfiledCodeHeapSize                     = 122909434                              {pd product} {ergonomic}
    uintx ReservedCodeCacheSize                    = 251658240                              {pd product} {ergonomic}
     bool SegmentedCodeCache                       = true                                      {product} {ergonomic}
     bool ShowCodeDetailsInExceptionMessages       = true                                   {manageable} {command line}
   size_t SoftMaxHeapSize                          = 2061500416                             {manageable} {ergonomic}
     bool UseCompressedClassPointers               = true                           {product lp64_product} {ergonomic}
     bool UseCompressedOops                        = true                           {product lp64_product} {ergonomic}
     bool UseG1GC                                  = true                                      {product} {ergonomic}
     bool UseLargePagesIndividualAllocation        = false                                  {pd product} {ergonomic}

Logging:
Log output configuration:
 #0: stdout all=warning uptime,level,tags
 #1: stderr all=off uptime,level,tags

Environment Variables:
PATH=C:/Users/joelc/.p2/pool/plugins/org.eclipse.justj.openjdk.hotspot.jre.full.win32.x86_64_17.0.5.v20221102-0933/jre/bin/server;C:/Users/joelc/.p2/pool/plugins/org.eclipse.justj.openjdk.hotspot.jre.full.win32.x86_64_17.0.5.v20221102-0933/jre/bin;C:\windows\system32;C:\windows;C:\windows\System32\Wbem;C:\windows\System32\WindowsPowerShell\v1.0\;C:\windows\System32\OpenSSH\;C:\Program Files\Git\cmd;C:\Users\joelc\AppData\Local\Microsoft\WindowsApps;C:\Users\joelc\AppData\Local\Programs\Microsoft VS Code\bin;;C:\windows\system32;
USERNAME=joelc
OS=Windows_NT
PROCESSOR_IDENTIFIER=Intel64 Family 6 Model 154 Stepping 4, GenuineIntel
TMP=C:\Users\joelc\AppData\Local\Temp
TEMP=C:\Users\joelc\AppData\Local\Temp



---------------  S Y S T E M  ---------------

OS:
 Windows 11 , 64 bit Build 22621 (10.0.22621.1194)
OS uptime: 4 days 1:13 hours
Hyper-V role detected

CPU: total 8 (initial active 8) (4 cores per cpu, 2 threads per core) family 6 model 154 stepping 4 microcode 0x423, cx8, cmov, fxsr, ht, mmx, 3dnowpref, sse, sse2, sse3, ssse3, sse4.1, sse4.2, popcnt, lzcnt, tsc, tscinvbit, avx, avx2, aes, erms, clmul, bmi1, bmi2, adx, sha, fma, vzeroupper, clflush, clflushopt, clwb, hv

Memory: 4k page, system-wide physical 7863M (374M free)
TotalPageFile size 32439M (AvailPageFile size 5M)
current process WorkingSet (physical memory assigned to process): 79M, peak: 79M
current process commit charge ("private bytes"): 319M, peak: 320M

vm_info: OpenJDK 64-Bit Server VM (17.0.5+8) for windows-amd64 JRE (17.0.5+8), built on Oct 19 2022 04:48:13 by "temurin" with MS VC++ 16.7 (VS2019)

END.
