#
# There is insufficient memory for the Java Runtime Environment to continue.
# Native memory allocation (mmap) failed to map 482344960 bytes for G1 virtual space
# Possible reasons:
#   The system is out of physical RAM or swap space
#   The process is running with CompressedOops enabled, and the Java Heap may be blocking the growth of the native heap
# Possible solutions:
#   Reduce memory load on the system
#   Increase physical memory or swap space
#   Check if swap backing store is full
#   Decrease Java heap size (-Xmx/-Xms)
#   Decrease number of Java threads
#   Decrease Java thread stack sizes (-Xss)
#   Set larger code cache with -XX:ReservedCodeCacheSize=
#   JVM is running with Zero Based Compressed Oops mode in which the Java heap is
#     placed in the first 32GB address space. The Java Heap base address is the
#     maximum limit for the native heap growth. Please use -XX:HeapBaseMinAddress
#     to set the Java Heap base and to place the Java Heap above 32GB virtual address.
# This output file may be truncated or incomplete.
#
#  Out of Memory Error (os_windows.cpp:3466), pid=137128, tid=118752
#
# JRE version: OpenJDK Runtime Environment (16.0.2+7) (build 16.0.2+7-67)
# Java VM: OpenJDK 64-Bit Server VM (16.0.2+7-67, mixed mode, tiered, compressed oops, compressed class ptrs, g1 gc, windows-amd64)
# No core dump will be written. Minidumps are not enabled by default on client versions of Windows
#

---------------  S U M M A R Y ------------

Command Line: -Dfile.encoding=UTF-8 -XX:+ShowCodeDetailsInExceptionMessages GameRunner

Host: Intel(R) Core(TM) i7-10700F CPU @ 2.90GHz, 16 cores, 31G,  Windows 10 , 64 bit Build 19041 (10.0.19041.2546)
Time: Mon Mar 13 02:28:27 2023 Eastern Daylight Time elapsed time: 8313.761764 seconds (0d 2h 18m 33s)

---------------  T H R E A D  ---------------

Current thread (0x000002912eea71d0):  VMThread "VM Thread" [stack: 0x000000e6a8e00000,0x000000e6a8f00000] [id=118752]

Stack: [0x000000e6a8e00000,0x000000e6a8f00000]
Native frames: (J=compiled Java code, j=interpreted, Vv=VM code, C=native code)
V  [jvm.dll+0x6681ca]
V  [jvm.dll+0x7c9e69]
V  [jvm.dll+0x7cb61e]
V  [jvm.dll+0x7cbc73]
V  [jvm.dll+0x242c55]
V  [jvm.dll+0x664f89]
V  [jvm.dll+0x659b75]
V  [jvm.dll+0x2fbfbb]
V  [jvm.dll+0x3031b6]
V  [jvm.dll+0x35299e]
V  [jvm.dll+0x352bcf]
V  [jvm.dll+0x2d3028]
V  [jvm.dll+0x2d0bb5]
V  [jvm.dll+0x2d01ec]
V  [jvm.dll+0x3152d2]
V  [jvm.dll+0x7d00ab]
V  [jvm.dll+0x7d0da4]
V  [jvm.dll+0x7d12a9]
V  [jvm.dll+0x7d1564]
V  [jvm.dll+0x7d1630]
V  [jvm.dll+0x7795aa]
V  [jvm.dll+0x667066]
C  [ucrtbase.dll+0x21bb2]
C  [KERNEL32.DLL+0x17614]
C  [ntdll.dll+0x526a1]

VM_Operation (0x000000e6aa29e930): G1CollectForAllocation, mode: safepoint, requested by thread 0x000002912f087460


---------------  P R O C E S S  ---------------

Threads class SMR info:
_java_thread_list=0x0000029130810060, length=18, elements={
0x000002912eecb020, 0x000002912eecd160, 0x000002912eeefc70, 0x000002912eef1590,
0x000002912eef2270, 0x000002912eef6850, 0x000002912ef07f60, 0x000002912ef0cca0,
0x000002912ef1fda0, 0x000002912f0869c0, 0x000002912f087f00, 0x000002912f088450,
0x000002912f0889a0, 0x000002912f088ef0, 0x000002912f087460, 0x000002912f089440,
0x000002912f086f10, 0x000002912f086470
}

Java Threads: ( => current thread )
  0x000002912eecb020 JavaThread "Reference Handler" daemon [_thread_blocked, id=125872, stack(0x000000e6a8f00000,0x000000e6a9000000)]
  0x000002912eecd160 JavaThread "Finalizer" daemon [_thread_blocked, id=133412, stack(0x000000e6a9000000,0x000000e6a9100000)]
  0x000002912eeefc70 JavaThread "Signal Dispatcher" daemon [_thread_blocked, id=118988, stack(0x000000e6a9100000,0x000000e6a9200000)]
  0x000002912eef1590 JavaThread "Attach Listener" daemon [_thread_blocked, id=120520, stack(0x000000e6a9200000,0x000000e6a9300000)]
  0x000002912eef2270 JavaThread "Service Thread" daemon [_thread_blocked, id=138164, stack(0x000000e6a9300000,0x000000e6a9400000)]
  0x000002912eef6850 JavaThread "Monitor Deflation Thread" daemon [_thread_blocked, id=115940, stack(0x000000e6a9400000,0x000000e6a9500000)]
  0x000002912ef07f60 JavaThread "C2 CompilerThread0" daemon [_thread_blocked, id=138116, stack(0x000000e6a9500000,0x000000e6a9600000)]
  0x000002912ef0cca0 JavaThread "C1 CompilerThread0" daemon [_thread_blocked, id=119508, stack(0x000000e6a9600000,0x000000e6a9700000)]
  0x000002912ef1fda0 JavaThread "Sweeper thread" daemon [_thread_blocked, id=104888, stack(0x000000e6a9700000,0x000000e6a9800000)]
  0x000002912f0869c0 JavaThread "Notification Thread" daemon [_thread_blocked, id=137640, stack(0x000000e6a9900000,0x000000e6a9a00000)]
  0x000002912f087f00 JavaThread "Common-Cleaner" daemon [_thread_blocked, id=137292, stack(0x000000e6a9b00000,0x000000e6a9c00000)]
  0x000002912f088450 JavaThread "Java2D Disposer" daemon [_thread_blocked, id=117952, stack(0x000000e6a9c00000,0x000000e6a9d00000)]
  0x000002912f0889a0 JavaThread "AWT-Shutdown" [_thread_blocked, id=122116, stack(0x000000e6a9d00000,0x000000e6a9e00000)]
  0x000002912f088ef0 JavaThread "AWT-Windows" daemon [_thread_in_native, id=127392, stack(0x000000e6a9e00000,0x000000e6a9f00000)]
  0x000002912f087460 JavaThread "AWT-EventQueue-0" [_thread_blocked, id=114872, stack(0x000000e6aa1a0000,0x000000e6aa2a0000)]
  0x000002912f089440 JavaThread "DestroyJavaVM" [_thread_blocked, id=126460, stack(0x000000e6a8900000,0x000000e6a8a00000)]
  0x000002912f086f10 JavaThread "D3D Screen Updater" daemon [_thread_blocked, id=122504, stack(0x000000e6aa2a0000,0x000000e6aa3a0000)]
  0x000002912f086470 JavaThread "TimerQueue" daemon [_thread_blocked, id=124828, stack(0x000000e6aa4b0000,0x000000e6aa5b0000)]

Other Threads:
=>0x000002912eea71d0 VMThread "VM Thread" [stack: 0x000000e6a8e00000,0x000000e6a8f00000] [id=118752]
  0x000002912f08a430 WatcherThread [stack: 0x000000e6a9a00000,0x000000e6a9b00000] [id=21012]
  0x0000029106206200 GCTaskThread "GC Thread#0" [stack: 0x000000e6a8800000,0x000000e6a8900000] [id=118212]
  0x00000291390403a0 GCTaskThread "GC Thread#1" [stack: 0x000000e6aa640000,0x000000e6aa740000] [id=43080]
  0x000002913903b710 GCTaskThread "GC Thread#2" [stack: 0x000000e6aa740000,0x000000e6aa840000] [id=129860]
  0x0000029139038610 GCTaskThread "GC Thread#3" [stack: 0x000000e6aa840000,0x000000e6aa940000] [id=67108]
  0x00000291390406b0 GCTaskThread "GC Thread#4" [stack: 0x000000e6aa940000,0x000000e6aaa40000] [id=88568]
  0x00000291390409c0 GCTaskThread "GC Thread#5" [stack: 0x000000e6aaa40000,0x000000e6aab40000] [id=76832]
  0x0000029139040cd0 GCTaskThread "GC Thread#6" [stack: 0x000000e6aab40000,0x000000e6aac40000] [id=136316]
  0x0000029139040fe0 GCTaskThread "GC Thread#7" [stack: 0x000000e6aac40000,0x000000e6aad40000] [id=129020]
  0x00000291390412f0 GCTaskThread "GC Thread#8" [stack: 0x000000e6aad40000,0x000000e6aae40000] [id=119016]
  0x0000029139041600 GCTaskThread "GC Thread#9" [stack: 0x000000e6aae40000,0x000000e6aaf40000] [id=120488]
  0x0000029139041910 GCTaskThread "GC Thread#10" [stack: 0x000000e6aaf40000,0x000000e6ab040000] [id=130740]
  0x0000029139041c20 GCTaskThread "GC Thread#11" [stack: 0x000000e6ab040000,0x000000e6ab140000] [id=108604]
  0x00000291390434a0 GCTaskThread "GC Thread#12" [stack: 0x000000e6ab140000,0x000000e6ab240000] [id=31564]
  0x0000029106217770 ConcurrentGCThread "G1 Main Marker" [stack: 0x000000e6a8a00000,0x000000e6a8b00000] [id=137244]
  0x00000291062185b0 ConcurrentGCThread "G1 Conc#0" [stack: 0x000000e6a8b00000,0x000000e6a8c00000] [id=113996]
  0x000002912eff2300 ConcurrentGCThread "G1 Conc#1" [stack: 0x000000e6a9f00000,0x000000e6aa000000] [id=119936]
  0x000002912eff1ce0 ConcurrentGCThread "G1 Conc#2" [stack: 0x000000e6aa3b0000,0x000000e6aa4b0000] [id=110724]
  0x000002912e79cb50 ConcurrentGCThread "G1 Refine#0" [stack: 0x000000e6a8c00000,0x000000e6a8d00000] [id=137696]
  0x000002912e79d4e0 ConcurrentGCThread "G1 Service" [stack: 0x000000e6a8d00000,0x000000e6a8e00000] [id=139096]

Threads with active compile tasks:

VM state: at safepoint (normal execution)

VM Mutex/Monitor currently owned by a thread:  ([mutex/lock_event])
[0x000002910618ed70] Threads_lock - owner thread: 0x000002912eea71d0
[0x000002910618e350] Heap_lock - owner thread: 0x000002912f087460

Heap address: 0x0000000602000000, size: 8160 MB, Compressed Oops mode: Zero based, Oop shift amount: 3

CDS disabled.
Compressed class space mapped at: 0x0000000800000000-0x0000000840000000, reserved size: 1073741824
Narrow klass base: 0x0000000800000000, Narrow klass shift: 0, Narrow klass range: 0x40000000

GC Precious Log:
 CPUs: 16 total, 16 available
 Memory: 32634M
 Large Page Support: Disabled
 NUMA Support: Disabled
 Compressed Oops: Enabled (Zero based)
 Heap Region Size: 4M
 Heap Min Capacity: 8M
 Heap Initial Capacity: 512M
 Heap Max Capacity: 8160M
 Pre-touch: Disabled
 Parallel Workers: 13
 Concurrent Workers: 3
 Concurrent Refinement Workers: 13
 Periodic GC: Disabled

Heap:
 garbage-first heap   total 724992K, used 159646K [0x0000000602000000, 0x0000000800000000)
  region size 4096K, 1 young (4096K), 1 survivors (4096K)
 Metaspace       used 15595K, committed 15744K, reserved 1064960K
  class space    used 1483K, committed 1536K, reserved 1048576K

Heap Regions: E=young(eden), S=young(survivor), O=old, HS=humongous(starts), HC=humongous(continues), CS=collection set, F=free, OA=open archive, CA=closed archive, TAMS=top-at-mark-start (previous, next)
|   0|0x0000000602000000, 0x0000000602400000, 0x0000000602400000|100%| O|  |TAMS 0x0000000602400000, 0x0000000602000000| Untracked 
|   1|0x0000000602400000, 0x0000000602800000, 0x0000000602800000|100%| O|  |TAMS 0x0000000602800000, 0x0000000602400000| Untracked 
|   2|0x0000000602800000, 0x0000000602c00000, 0x0000000602c00000|100%| O|  |TAMS 0x0000000602c00000, 0x0000000602800000| Untracked 
|   3|0x0000000602c00000, 0x0000000603000000, 0x0000000603000000|100%| O|  |TAMS 0x0000000603000000, 0x0000000602c00000| Untracked 
|   4|0x0000000603000000, 0x0000000603400000, 0x0000000603400000|100%| O|  |TAMS 0x0000000603400000, 0x0000000603000000| Untracked 
|   5|0x0000000603400000, 0x0000000603800000, 0x0000000603800000|100%| O|  |TAMS 0x0000000603800000, 0x0000000603400000| Untracked 
|   6|0x0000000603800000, 0x0000000603c00000, 0x0000000603c00000|100%| O|  |TAMS 0x0000000603c00000, 0x0000000603800000| Untracked 
|   7|0x0000000603c00000, 0x0000000604000000, 0x0000000604000000|100%| O|  |TAMS 0x0000000604000000, 0x0000000603c00000| Untracked 
|   8|0x0000000604000000, 0x0000000604400000, 0x0000000604400000|100%| O|  |TAMS 0x0000000604400000, 0x0000000604000000| Untracked 
|   9|0x0000000604400000, 0x0000000604800000, 0x0000000604800000|100%| O|  |TAMS 0x0000000604800000, 0x0000000604400000| Untracked 
|  10|0x0000000604800000, 0x0000000604c00000, 0x0000000604c00000|100%| O|  |TAMS 0x0000000604c00000, 0x0000000604800000| Untracked 
|  11|0x0000000604c00000, 0x0000000605000000, 0x0000000605000000|100%| O|  |TAMS 0x0000000605000000, 0x0000000604c00000| Untracked 
|  12|0x0000000605000000, 0x0000000605400000, 0x0000000605400000|100%| O|  |TAMS 0x0000000605400000, 0x0000000605000000| Untracked 
|  13|0x0000000605400000, 0x0000000605800000, 0x0000000605800000|100%| O|  |TAMS 0x0000000605800000, 0x0000000605400000| Untracked 
|  14|0x0000000605800000, 0x0000000605c00000, 0x0000000605c00000|100%| O|  |TAMS 0x0000000605c00000, 0x0000000605800000| Untracked 
|  15|0x0000000605c00000, 0x0000000606000000, 0x0000000606000000|100%| O|  |TAMS 0x0000000606000000, 0x0000000605c00000| Untracked 
|  16|0x0000000606000000, 0x0000000606400000, 0x0000000606400000|100%| O|  |TAMS 0x0000000606400000, 0x0000000606000000| Untracked 
|  17|0x0000000606400000, 0x0000000606800000, 0x0000000606800000|100%| O|  |TAMS 0x0000000606800000, 0x0000000606400000| Untracked 
|  18|0x0000000606800000, 0x0000000606c00000, 0x0000000606c00000|100%| O|  |TAMS 0x0000000606c00000, 0x0000000606800000| Untracked 
|  19|0x0000000606c00000, 0x0000000607000000, 0x0000000607000000|100%| O|  |TAMS 0x0000000607000000, 0x0000000606c00000| Untracked 
|  20|0x0000000607000000, 0x0000000607400000, 0x0000000607400000|100%| O|  |TAMS 0x0000000607400000, 0x0000000607000000| Untracked 
|  21|0x0000000607400000, 0x0000000607400000, 0x0000000607800000|  0%| F|  |TAMS 0x0000000607400000, 0x0000000607400000| Untracked 
|  22|0x0000000607800000, 0x0000000607c00000, 0x0000000607c00000|100%| O|  |TAMS 0x0000000607c00000, 0x0000000607800000| Untracked 
|  23|0x0000000607c00000, 0x0000000607c00000, 0x0000000608000000|  0%| F|  |TAMS 0x0000000607c00000, 0x0000000607c00000| Untracked 
|  24|0x0000000608000000, 0x0000000608000000, 0x0000000608400000|  0%| F|  |TAMS 0x0000000608000000, 0x0000000608000000| Untracked 
|  25|0x0000000608400000, 0x0000000608400000, 0x0000000608800000|  0%| F|  |TAMS 0x0000000608400000, 0x0000000608400000| Untracked 
|  26|0x0000000608800000, 0x0000000608800000, 0x0000000608c00000|  0%| F|  |TAMS 0x0000000608800000, 0x0000000608800000| Untracked 
|  27|0x0000000608c00000, 0x0000000608c00000, 0x0000000609000000|  0%| F|  |TAMS 0x0000000608c00000, 0x0000000608c00000| Untracked 
|  28|0x0000000609000000, 0x0000000609000000, 0x0000000609400000|  0%| F|  |TAMS 0x0000000609000000, 0x0000000609000000| Untracked 
|  29|0x0000000609400000, 0x0000000609400000, 0x0000000609800000|  0%| F|  |TAMS 0x0000000609400000, 0x0000000609400000| Untracked 
|  30|0x0000000609800000, 0x0000000609800000, 0x0000000609c00000|  0%| F|  |TAMS 0x0000000609800000, 0x0000000609800000| Untracked 
|  31|0x0000000609c00000, 0x0000000609c00000, 0x000000060a000000|  0%| F|  |TAMS 0x0000000609c00000, 0x0000000609c00000| Untracked 
|  32|0x000000060a000000, 0x000000060a000000, 0x000000060a400000|  0%| F|  |TAMS 0x000000060a000000, 0x000000060a000000| Untracked 
|  33|0x000000060a400000, 0x000000060a800000, 0x000000060a800000|100%| O|  |TAMS 0x000000060a400000, 0x000000060a400000| Untracked 
|  34|0x000000060a800000, 0x000000060a800000, 0x000000060ac00000|  0%| F|  |TAMS 0x000000060a800000, 0x000000060a800000| Untracked 
|  35|0x000000060ac00000, 0x000000060ac00000, 0x000000060b000000|  0%| F|  |TAMS 0x000000060ac00000, 0x000000060ac00000| Untracked 
|  36|0x000000060b000000, 0x000000060b000000, 0x000000060b400000|  0%| F|  |TAMS 0x000000060b000000, 0x000000060b000000| Untracked 
|  37|0x000000060b400000, 0x000000060b400000, 0x000000060b800000|  0%| F|  |TAMS 0x000000060b400000, 0x000000060b400000| Untracked 
|  38|0x000000060b800000, 0x000000060b800000, 0x000000060bc00000|  0%| F|  |TAMS 0x000000060b800000, 0x000000060b800000| Untracked 
|  39|0x000000060bc00000, 0x000000060bc00000, 0x000000060c000000|  0%| F|  |TAMS 0x000000060bc00000, 0x000000060bc00000| Untracked 
|  40|0x000000060c000000, 0x000000060c400000, 0x000000060c400000|100%| O|  |TAMS 0x000000060c000000, 0x000000060c000000| Untracked 
|  41|0x000000060c400000, 0x000000060c800000, 0x000000060c800000|100%| O|  |TAMS 0x000000060c400000, 0x000000060c400000| Untracked 
|  42|0x000000060c800000, 0x000000060cc00000, 0x000000060cc00000|100%| O|  |TAMS 0x000000060c800000, 0x000000060c800000| Untracked 
|  43|0x000000060cc00000, 0x000000060d000000, 0x000000060d000000|100%| O|  |TAMS 0x000000060cc00000, 0x000000060cc00000| Untracked 
|  44|0x000000060d000000, 0x000000060d400000, 0x000000060d400000|100%| O|  |TAMS 0x000000060d000000, 0x000000060d000000| Untracked 
|  45|0x000000060d400000, 0x000000060d800000, 0x000000060d800000|100%| O|  |TAMS 0x000000060d400000, 0x000000060d400000| Untracked 
|  46|0x000000060d800000, 0x000000060dc00000, 0x000000060dc00000|100%| O|  |TAMS 0x000000060d800000, 0x000000060d800000| Untracked 
|  47|0x000000060dc00000, 0x000000060dfd7200, 0x000000060e000000| 96%| O|  |TAMS 0x000000060dc00000, 0x000000060dc00000| Untracked 
|  48|0x000000060e000000, 0x000000060e000000, 0x000000060e400000|  0%| F|  |TAMS 0x000000060e000000, 0x000000060e000000| Untracked 
|  49|0x000000060e400000, 0x000000060e400000, 0x000000060e800000|  0%| F|  |TAMS 0x000000060e400000, 0x000000060e400000| Untracked 
|  50|0x000000060e800000, 0x000000060e800000, 0x000000060ec00000|  0%| F|  |TAMS 0x000000060e800000, 0x000000060e800000| Untracked 
|  51|0x000000060ec00000, 0x000000060ec00000, 0x000000060f000000|  0%| F|  |TAMS 0x000000060ec00000, 0x000000060ec00000| Untracked 
|  52|0x000000060f000000, 0x000000060f000000, 0x000000060f400000|  0%| F|  |TAMS 0x000000060f000000, 0x000000060f000000| Untracked 
|  53|0x000000060f400000, 0x000000060f400000, 0x000000060f800000|  0%| F|  |TAMS 0x000000060f400000, 0x000000060f400000| Untracked 
|  54|0x000000060f800000, 0x000000060f800000, 0x000000060fc00000|  0%| F|  |TAMS 0x000000060f800000, 0x000000060f800000| Untracked 
|  55|0x000000060fc00000, 0x000000060fc00000, 0x0000000610000000|  0%| F|  |TAMS 0x000000060fc00000, 0x000000060fc00000| Untracked 
|  56|0x0000000610000000, 0x0000000610000000, 0x0000000610400000|  0%| F|  |TAMS 0x0000000610000000, 0x0000000610000000| Untracked 
|  57|0x0000000610400000, 0x0000000610800000, 0x0000000610800000|100%| O|  |TAMS 0x0000000610400e00, 0x0000000610400000| Untracked 
|  58|0x0000000610800000, 0x0000000610c00000, 0x0000000610c00000|100%| O|  |TAMS 0x0000000610800000, 0x0000000610800000| Untracked 
|  59|0x0000000610c00000, 0x0000000611000000, 0x0000000611000000|100%| O|  |TAMS 0x0000000610c00000, 0x0000000610c00000| Untracked 
|  60|0x0000000611000000, 0x0000000611400000, 0x0000000611400000|100%| O|  |TAMS 0x0000000611000000, 0x0000000611000000| Untracked 
|  61|0x0000000611400000, 0x0000000611800000, 0x0000000611800000|100%| O|  |TAMS 0x0000000611400000, 0x0000000611400000| Untracked 
|  62|0x0000000611800000, 0x0000000611c00000, 0x0000000611c00000|100%| O|  |TAMS 0x0000000611800000, 0x0000000611800000| Untracked 
|  63|0x0000000611c00000, 0x0000000612000000, 0x0000000612000000|100%| O|  |TAMS 0x0000000611c00000, 0x0000000611c00000| Untracked 
|  64|0x0000000612000000, 0x0000000612400000, 0x0000000612400000|100%| O|  |TAMS 0x0000000612000000, 0x0000000612000000| Untracked 
|  65|0x0000000612400000, 0x0000000612400000, 0x0000000612800000|  0%| F|  |TAMS 0x0000000612400000, 0x0000000612400000| Untracked 
|  66|0x0000000612800000, 0x0000000612800000, 0x0000000612c00000|  0%| F|  |TAMS 0x0000000612800000, 0x0000000612800000| Untracked 
|  67|0x0000000612c00000, 0x0000000612c00000, 0x0000000613000000|  0%| F|  |TAMS 0x0000000612c00000, 0x0000000612c00000| Untracked 
|  68|0x0000000613000000, 0x0000000613000000, 0x0000000613400000|  0%| F|  |TAMS 0x0000000613000000, 0x0000000613000000| Untracked 
|  69|0x0000000613400000, 0x0000000613400000, 0x0000000613800000|  0%| F|  |TAMS 0x0000000613400000, 0x0000000613400000| Untracked 
|  70|0x0000000613800000, 0x0000000613810660, 0x0000000613c00000|  1%| S|CS|TAMS 0x0000000613800000, 0x0000000613800000| Complete 
|  71|0x0000000613c00000, 0x0000000613c00000, 0x0000000614000000|  0%| F|  |TAMS 0x0000000613c00000, 0x0000000613c00000| Untracked 
|  72|0x0000000614000000, 0x0000000614000000, 0x0000000614400000|  0%| F|  |TAMS 0x0000000614000000, 0x0000000614000000| Untracked 
|  73|0x0000000614400000, 0x0000000614400000, 0x0000000614800000|  0%| F|  |TAMS 0x0000000614400000, 0x0000000614400000| Untracked 
|  74|0x0000000614800000, 0x0000000614800000, 0x0000000614c00000|  0%| F|  |TAMS 0x0000000614800000, 0x0000000614800000| Untracked 
|  75|0x0000000614c00000, 0x0000000614c00000, 0x0000000615000000|  0%| F|  |TAMS 0x0000000614c00000, 0x0000000614c00000| Untracked 
|  76|0x0000000615000000, 0x0000000615000000, 0x0000000615400000|  0%| F|  |TAMS 0x0000000615000000, 0x0000000615000000| Untracked 
|  77|0x0000000615400000, 0x0000000615400000, 0x0000000615800000|  0%| F|  |TAMS 0x0000000615400000, 0x0000000615400000| Untracked 
|  78|0x0000000615800000, 0x0000000615800000, 0x0000000615c00000|  0%| F|  |TAMS 0x0000000615800000, 0x0000000615800000| Untracked 
|  79|0x0000000615c00000, 0x0000000615c00000, 0x0000000616000000|  0%| F|  |TAMS 0x0000000615c00000, 0x0000000615c00000| Untracked 
|  80|0x0000000616000000, 0x0000000616000000, 0x0000000616400000|  0%| F|  |TAMS 0x0000000616000000, 0x0000000616000000| Untracked 
|  81|0x0000000616400000, 0x0000000616400000, 0x0000000616800000|  0%| F|  |TAMS 0x0000000616400000, 0x0000000616400000| Untracked 
|  82|0x0000000616800000, 0x0000000616800000, 0x0000000616c00000|  0%| F|  |TAMS 0x0000000616800000, 0x0000000616800000| Untracked 
|  83|0x0000000616c00000, 0x0000000616c00000, 0x0000000617000000|  0%| F|  |TAMS 0x0000000616c00000, 0x0000000616c00000| Untracked 
|  84|0x0000000617000000, 0x0000000617000000, 0x0000000617400000|  0%| F|  |TAMS 0x0000000617000000, 0x0000000617000000| Untracked 
|  85|0x0000000617400000, 0x0000000617400000, 0x0000000617800000|  0%| F|  |TAMS 0x0000000617400000, 0x0000000617400000| Untracked 
|  86|0x0000000617800000, 0x0000000617800000, 0x0000000617c00000|  0%| F|  |TAMS 0x0000000617800000, 0x0000000617800000| Untracked 
|  87|0x0000000617c00000, 0x0000000617c00000, 0x0000000618000000|  0%| F|  |TAMS 0x0000000617c00000, 0x0000000617c00000| Untracked 
|  88|0x0000000618000000, 0x0000000618000000, 0x0000000618400000|  0%| F|  |TAMS 0x0000000618000000, 0x0000000618000000| Untracked 
|  89|0x0000000618400000, 0x0000000618400000, 0x0000000618800000|  0%| F|  |TAMS 0x0000000618400000, 0x0000000618400000| Untracked 
|  90|0x0000000618800000, 0x0000000618800000, 0x0000000618c00000|  0%| F|  |TAMS 0x0000000618800000, 0x0000000618800000| Untracked 
|  91|0x0000000618c00000, 0x0000000618c00000, 0x0000000619000000|  0%| F|  |TAMS 0x0000000618c00000, 0x0000000618c00000| Untracked 
|  92|0x0000000619000000, 0x0000000619000000, 0x0000000619400000|  0%| F|  |TAMS 0x0000000619000000, 0x0000000619000000| Untracked 
|  93|0x0000000619400000, 0x0000000619400000, 0x0000000619800000|  0%| F|  |TAMS 0x0000000619400000, 0x0000000619400000| Untracked 
|  94|0x0000000619800000, 0x0000000619800000, 0x0000000619c00000|  0%| F|  |TAMS 0x0000000619800000, 0x0000000619800000| Untracked 
|  95|0x0000000619c00000, 0x0000000619c00000, 0x000000061a000000|  0%| F|  |TAMS 0x0000000619c00000, 0x0000000619c00000| Untracked 
|  96|0x000000061a000000, 0x000000061a000000, 0x000000061a400000|  0%| F|  |TAMS 0x000000061a000000, 0x000000061a000000| Untracked 
|  97|0x000000061a400000, 0x000000061a400000, 0x000000061a800000|  0%| F|  |TAMS 0x000000061a400000, 0x000000061a400000| Untracked 
|  98|0x000000061a800000, 0x000000061a800000, 0x000000061ac00000|  0%| F|  |TAMS 0x000000061a800000, 0x000000061a800000| Untracked 
|  99|0x000000061ac00000, 0x000000061ac00000, 0x000000061b000000|  0%| F|  |TAMS 0x000000061ac00000, 0x000000061ac00000| Untracked 
| 100|0x000000061b000000, 0x000000061b000000, 0x000000061b400000|  0%| F|  |TAMS 0x000000061b000000, 0x000000061b000000| Untracked 
| 101|0x000000061b400000, 0x000000061b400000, 0x000000061b800000|  0%| F|  |TAMS 0x000000061b400000, 0x000000061b400000| Untracked 
| 102|0x000000061b800000, 0x000000061b800000, 0x000000061bc00000|  0%| F|  |TAMS 0x000000061b800000, 0x000000061b800000| Untracked 
| 103|0x000000061bc00000, 0x000000061bc00000, 0x000000061c000000|  0%| F|  |TAMS 0x000000061bc00000, 0x000000061bc00000| Untracked 
| 104|0x000000061c000000, 0x000000061c000000, 0x000000061c400000|  0%| F|  |TAMS 0x000000061c000000, 0x000000061c000000| Untracked 
| 105|0x000000061c400000, 0x000000061c400000, 0x000000061c800000|  0%| F|  |TAMS 0x000000061c400000, 0x000000061c400000| Untracked 
| 106|0x000000061c800000, 0x000000061c800000, 0x000000061cc00000|  0%| F|  |TAMS 0x000000061c800000, 0x000000061c800000| Untracked 
| 107|0x000000061cc00000, 0x000000061cc00000, 0x000000061d000000|  0%| F|  |TAMS 0x000000061cc00000, 0x000000061cc00000| Untracked 
| 108|0x000000061d000000, 0x000000061d000000, 0x000000061d400000|  0%| F|  |TAMS 0x000000061d000000, 0x000000061d000000| Untracked 
| 109|0x000000061d400000, 0x000000061d400000, 0x000000061d800000|  0%| F|  |TAMS 0x000000061d400000, 0x000000061d400000| Untracked 
| 110|0x000000061d800000, 0x000000061d800000, 0x000000061dc00000|  0%| F|  |TAMS 0x000000061d800000, 0x000000061d800000| Untracked 
| 111|0x000000061dc00000, 0x000000061dc00000, 0x000000061e000000|  0%| F|  |TAMS 0x000000061dc00000, 0x000000061dc00000| Untracked 
| 112|0x000000061e000000, 0x000000061e000000, 0x000000061e400000|  0%| F|  |TAMS 0x000000061e000000, 0x000000061e000000| Untracked 
| 113|0x000000061e400000, 0x000000061e400000, 0x000000061e800000|  0%| F|  |TAMS 0x000000061e400000, 0x000000061e400000| Untracked 
| 114|0x000000061e800000, 0x000000061e800000, 0x000000061ec00000|  0%| F|  |TAMS 0x000000061e800000, 0x000000061e800000| Untracked 
| 115|0x000000061ec00000, 0x000000061ec00000, 0x000000061f000000|  0%| F|  |TAMS 0x000000061ec00000, 0x000000061ec00000| Untracked 
| 116|0x000000061f000000, 0x000000061f000000, 0x000000061f400000|  0%| F|  |TAMS 0x000000061f000000, 0x000000061f000000| Untracked 
| 117|0x000000061f400000, 0x000000061f400000, 0x000000061f800000|  0%| F|  |TAMS 0x000000061f400000, 0x000000061f400000| Untracked 
| 118|0x000000061f800000, 0x000000061f800000, 0x000000061fc00000|  0%| F|  |TAMS 0x000000061f800000, 0x000000061f800000| Untracked 
| 119|0x000000061fc00000, 0x000000061fc00000, 0x0000000620000000|  0%| F|  |TAMS 0x000000061fc00000, 0x000000061fc00000| Untracked 
| 120|0x0000000620000000, 0x0000000620000000, 0x0000000620400000|  0%| F|  |TAMS 0x0000000620000000, 0x0000000620000000| Untracked 
| 121|0x0000000620400000, 0x0000000620400000, 0x0000000620800000|  0%| F|  |TAMS 0x0000000620400000, 0x0000000620400000| Untracked 
| 122|0x0000000620800000, 0x0000000620800000, 0x0000000620c00000|  0%| F|  |TAMS 0x0000000620800000, 0x0000000620800000| Untracked 
| 123|0x0000000620c00000, 0x0000000620c00000, 0x0000000621000000|  0%| F|  |TAMS 0x0000000620c00000, 0x0000000620c00000| Untracked 
| 124|0x0000000621000000, 0x0000000621000000, 0x0000000621400000|  0%| F|  |TAMS 0x0000000621000000, 0x0000000621000000| Untracked 
| 125|0x0000000621400000, 0x0000000621400000, 0x0000000621800000|  0%| F|  |TAMS 0x0000000621400000, 0x0000000621400000| Untracked 
| 126|0x0000000621800000, 0x0000000621800000, 0x0000000621c00000|  0%| F|  |TAMS 0x0000000621800000, 0x0000000621800000| Untracked 
| 127|0x0000000621c00000, 0x0000000621c00000, 0x0000000622000000|  0%| F|  |TAMS 0x0000000621c00000, 0x0000000621c00000| Untracked 
| 128|0x0000000622000000, 0x0000000622000000, 0x0000000622400000|  0%| F|  |TAMS 0x0000000622000000, 0x0000000622000000| Untracked 
| 129|0x0000000622400000, 0x0000000622400000, 0x0000000622800000|  0%| F|  |TAMS 0x0000000622400000, 0x0000000622400000| Untracked 
| 130|0x0000000622800000, 0x0000000622800000, 0x0000000622c00000|  0%| F|  |TAMS 0x0000000622800000, 0x0000000622800000| Untracked 
| 131|0x0000000622c00000, 0x0000000622c00000, 0x0000000623000000|  0%| F|  |TAMS 0x0000000622c00000, 0x0000000622c00000| Untracked 
| 132|0x0000000623000000, 0x0000000623000000, 0x0000000623400000|  0%| F|  |TAMS 0x0000000623000000, 0x0000000623000000| Untracked 
| 133|0x0000000623400000, 0x0000000623400000, 0x0000000623800000|  0%| F|  |TAMS 0x0000000623400000, 0x0000000623400000| Untracked 
| 134|0x0000000623800000, 0x0000000623800000, 0x0000000623c00000|  0%| F|  |TAMS 0x0000000623800000, 0x0000000623800000| Untracked 
| 135|0x0000000623c00000, 0x0000000623c00000, 0x0000000624000000|  0%| F|  |TAMS 0x0000000623c00000, 0x0000000623c00000| Untracked 
| 136|0x0000000624000000, 0x0000000624000000, 0x0000000624400000|  0%| F|  |TAMS 0x0000000624000000, 0x0000000624000000| Untracked 
| 137|0x0000000624400000, 0x0000000624400000, 0x0000000624800000|  0%| F|  |TAMS 0x0000000624400000, 0x0000000624400000| Untracked 
| 138|0x0000000624800000, 0x0000000624800000, 0x0000000624c00000|  0%| F|  |TAMS 0x0000000624800000, 0x0000000624800000| Untracked 
| 139|0x0000000624c00000, 0x0000000624c00000, 0x0000000625000000|  0%| F|  |TAMS 0x0000000624c00000, 0x0000000624c00000| Untracked 
| 140|0x0000000625000000, 0x0000000625000000, 0x0000000625400000|  0%| F|  |TAMS 0x0000000625000000, 0x0000000625000000| Untracked 
| 141|0x0000000625400000, 0x0000000625400000, 0x0000000625800000|  0%| F|  |TAMS 0x0000000625400000, 0x0000000625400000| Untracked 
| 142|0x0000000625800000, 0x0000000625800000, 0x0000000625c00000|  0%| F|  |TAMS 0x0000000625800000, 0x0000000625800000| Untracked 
| 143|0x0000000625c00000, 0x0000000625c00000, 0x0000000626000000|  0%| F|  |TAMS 0x0000000625c00000, 0x0000000625c00000| Untracked 
| 144|0x0000000626000000, 0x0000000626000000, 0x0000000626400000|  0%| F|  |TAMS 0x0000000626000000, 0x0000000626000000| Untracked 
| 145|0x0000000626400000, 0x0000000626400000, 0x0000000626800000|  0%| F|  |TAMS 0x0000000626400000, 0x0000000626400000| Untracked 
| 146|0x0000000626800000, 0x0000000626800000, 0x0000000626c00000|  0%| F|  |TAMS 0x0000000626800000, 0x0000000626800000| Untracked 
| 147|0x0000000626c00000, 0x0000000626c00000, 0x0000000627000000|  0%| F|  |TAMS 0x0000000626c00000, 0x0000000626c00000| Untracked 
| 148|0x0000000627000000, 0x0000000627000000, 0x0000000627400000|  0%| F|  |TAMS 0x0000000627000000, 0x0000000627000000| Untracked 
| 149|0x0000000627400000, 0x0000000627400000, 0x0000000627800000|  0%| F|  |TAMS 0x0000000627400000, 0x0000000627400000| Untracked 
| 150|0x0000000627800000, 0x0000000627800000, 0x0000000627c00000|  0%| F|  |TAMS 0x0000000627800000, 0x0000000627800000| Untracked 
| 151|0x0000000627c00000, 0x0000000627c00000, 0x0000000628000000|  0%| F|  |TAMS 0x0000000627c00000, 0x0000000627c00000| Untracked 
| 152|0x0000000628000000, 0x0000000628000000, 0x0000000628400000|  0%| F|  |TAMS 0x0000000628000000, 0x0000000628000000| Untracked 
| 153|0x0000000628400000, 0x0000000628400000, 0x0000000628800000|  0%| F|  |TAMS 0x0000000628400000, 0x0000000628400000| Untracked 
| 154|0x0000000628800000, 0x0000000628800000, 0x0000000628c00000|  0%| F|  |TAMS 0x0000000628800000, 0x0000000628800000| Untracked 
| 155|0x0000000628c00000, 0x0000000628c00000, 0x0000000629000000|  0%| F|  |TAMS 0x0000000628c00000, 0x0000000628c00000| Untracked 
| 156|0x0000000629000000, 0x0000000629000000, 0x0000000629400000|  0%| F|  |TAMS 0x0000000629000000, 0x0000000629000000| Untracked 
| 157|0x0000000629400000, 0x0000000629400000, 0x0000000629800000|  0%| F|  |TAMS 0x0000000629400000, 0x0000000629400000| Untracked 
| 158|0x0000000629800000, 0x0000000629800000, 0x0000000629c00000|  0%| F|  |TAMS 0x0000000629800000, 0x0000000629800000| Untracked 
| 159|0x0000000629c00000, 0x0000000629c00000, 0x000000062a000000|  0%| F|  |TAMS 0x0000000629c00000, 0x0000000629c00000| Untracked 
| 160|0x000000062a000000, 0x000000062a000000, 0x000000062a400000|  0%| F|  |TAMS 0x000000062a000000, 0x000000062a000000| Untracked 
| 161|0x000000062a400000, 0x000000062a400000, 0x000000062a800000|  0%| F|  |TAMS 0x000000062a400000, 0x000000062a400000| Untracked 
| 162|0x000000062a800000, 0x000000062a800000, 0x000000062ac00000|  0%| F|  |TAMS 0x000000062a800000, 0x000000062a800000| Untracked 
| 163|0x000000062ac00000, 0x000000062ac00000, 0x000000062b000000|  0%| F|  |TAMS 0x000000062ac00000, 0x000000062ac00000| Untracked 
| 164|0x000000062b000000, 0x000000062b000000, 0x000000062b400000|  0%| F|  |TAMS 0x000000062b000000, 0x000000062b000000| Untracked 
| 165|0x000000062b400000, 0x000000062b400000, 0x000000062b800000|  0%| F|  |TAMS 0x000000062b400000, 0x000000062b400000| Untracked 
| 166|0x000000062b800000, 0x000000062b800000, 0x000000062bc00000|  0%| F|  |TAMS 0x000000062b800000, 0x000000062b800000| Untracked 
| 167|0x000000062bc00000, 0x000000062bc00000, 0x000000062c000000|  0%| F|  |TAMS 0x000000062bc00000, 0x000000062bc00000| Untracked 
| 168|0x000000062c000000, 0x000000062c000000, 0x000000062c400000|  0%| F|  |TAMS 0x000000062c000000, 0x000000062c000000| Untracked 
| 169|0x000000062c400000, 0x000000062c400000, 0x000000062c800000|  0%| F|  |TAMS 0x000000062c400000, 0x000000062c400000| Untracked 
| 170|0x000000062c800000, 0x000000062c800000, 0x000000062cc00000|  0%| F|  |TAMS 0x000000062c800000, 0x000000062c800000| Untracked 
| 171|0x000000062cc00000, 0x000000062cc00000, 0x000000062d000000|  0%| F|  |TAMS 0x000000062cc00000, 0x000000062cc00000| Untracked 
| 172|0x000000062d000000, 0x000000062d000000, 0x000000062d400000|  0%| F|  |TAMS 0x000000062d000000, 0x000000062d000000| Untracked 
| 173|0x000000062d400000, 0x000000062d400000, 0x000000062d800000|  0%| F|  |TAMS 0x000000062d400000, 0x000000062d400000| Untracked 
| 174|0x000000062d800000, 0x000000062d800000, 0x000000062dc00000|  0%| F|  |TAMS 0x000000062d800000, 0x000000062d800000| Untracked 
| 175|0x000000062dc00000, 0x000000062dc00000, 0x000000062e000000|  0%| F|  |TAMS 0x000000062dc00000, 0x000000062dc00000| Untracked 
| 176|0x000000062e000000, 0x000000062e000000, 0x000000062e400000|  0%| F|  |TAMS 0x000000062e000000, 0x000000062e000000| Untracked 

Card table byte_map: [0x0000029119f60000,0x000002911af50000] _byte_map_base: 0x0000029116f50000

Marking Bits (Prev, Next): (CMBitMap*) 0x00000291062067c0, (CMBitMap*) 0x0000029106206780
 Prev Bits: [0x0000029123ec0000, 0x000002912be40000)
 Next Bits: [0x000002911bf40000, 0x0000029123ec0000)

Polling page: 0x0000029103df0000

Metaspace:

Usage:
  Non-class:     13.78 MB used.
      Class:      1.45 MB used.
       Both:     15.23 MB used.

Virtual space:
  Non-class space:       16.00 MB reserved,      13.88 MB ( 87%) committed,  2 nodes.
      Class space:        1.00 GB reserved,       1.50 MB ( <1%) committed,  1 nodes.
              Both:        1.02 GB reserved,      15.38 MB (  1%) committed. 

Chunk freelists:
   Non-Class:  2.12 MB
       Class:  2.53 MB
        Both:  4.65 MB

MaxMetaspaceSize: 17179869184.00 GB
CompressedClassSpaceSize: 1.00 GB
 - commit_granule_bytes: 65536.
 - commit_granule_words: 8192.
 - virtual_space_node_default_size: 1048576.
 - enlarge_chunks_in_place: 1.
 - new_chunks_are_fully_committed: 0.
 - uncommit_free_chunks: 1.
 - use_allocation_guard: 0.
 - handle_deallocations: 1.


Internal statistics:

num_allocs_failed_limit: 0.
num_arena_births: 116.
num_arena_deaths: 56.
num_vsnodes_births: 3.
num_vsnodes_deaths: 0.
num_space_committed: 246.
num_space_uncommitted: 0.
num_chunks_returned_to_freelist: 64.
num_chunks_taken_from_freelist: 195.
num_chunk_merges: 22.
num_chunk_splits: 101.
num_chunks_enlarged: 52.
num_purges: 2.

CodeHeap 'non-profiled nmethods': size=119168Kb used=1530Kb max_used=1530Kb free=117637Kb
 bounds [0x0000029111280000, 0x00000291114f0000, 0x00000291186e0000]
CodeHeap 'profiled nmethods': size=119104Kb used=3823Kb max_used=3823Kb free=115280Kb
 bounds [0x0000029109e30000, 0x000002910a1f0000, 0x0000029111280000]
CodeHeap 'non-nmethods': size=7488Kb used=1276Kb max_used=2420Kb free=6211Kb
 bounds [0x00000291096e0000, 0x0000029109950000, 0x0000029109e30000]
 total_blobs=2746 nmethods=2153 adapters=506
 compilation: enabled
              stopped_count=0, restarted_count=0
 full_count=0

Compilation events (20 events):
Event: 1963.957 Thread 0x000002912ef0cca0 2146       3       java.awt.EventDispatchThread::pumpEventsForFilter (47 bytes)
Event: 1963.957 Thread 0x000002912ef0cca0 nmethod 2146 0x000002910a1df910 code [0x000002910a1dfb00, 0x000002910a1dff48]
Event: 2156.638 Thread 0x000002912ef0cca0 2147 % !   3       sun.java2d.d3d.D3DScreenUpdateManager::run @ 105 (267 bytes)
Event: 2156.650 Thread 0x000002912ef0cca0 nmethod 2147% 0x000002910a1e0110 code [0x000002910a1e0580, 0x000002910a1e2e28]
Event: 2193.633 Thread 0x000002912ef0cca0 2148 % !   3       sun.java2d.d3d.D3DScreenUpdateManager::run @ 0 (267 bytes)
Event: 2193.635 Thread 0x000002912ef0cca0 nmethod 2148% 0x000002910a1e3e90 code [0x000002910a1e42e0, 0x000002910a1e6b08]
Event: 2230.714 Thread 0x000002912ef0cca0 2149   !   3       sun.java2d.d3d.D3DScreenUpdateManager::run (267 bytes)
Event: 2230.717 Thread 0x000002912ef0cca0 nmethod 2149 0x000002910a1e7a90 code [0x000002910a1e7ee0, 0x000002910a1ea6a8]
Event: 3117.878 Thread 0x000002912ef07f60 2150 % !   4       javax.swing.TimerQueue::run @ 9 (242 bytes)
Event: 3117.930 Thread 0x000002912ef07f60 nmethod 2150% 0x00000291113f8f90 code [0x00000291113f92a0, 0x00000291113fa4d8]
Event: 3304.783 Thread 0x000002912ef0cca0 2151   !   3       jdk.internal.ref.PhantomCleanable::isListEmpty (34 bytes)
Event: 3304.784 Thread 0x000002912ef0cca0 nmethod 2151 0x000002910a1eb610 code [0x000002910a1eb7c0, 0x000002910a1eba18]
Event: 3304.784 Thread 0x000002912ef0cca0 2152       3       jdk.internal.misc.InnocuousThread::eraseThreadLocals (23 bytes)
Event: 3304.785 Thread 0x000002912ef0cca0 nmethod 2152 0x000002910a1ebb10 code [0x000002910a1ebcc0, 0x000002910a1ebeb8]
Event: 3637.346 Thread 0x000002912ef07f60 2153 % !   4       sun.java2d.d3d.D3DScreenUpdateManager::run @ 0 (267 bytes)
Event: 3637.364 Thread 0x000002912ef07f60 nmethod 2153% 0x00000291113fb890 code [0x00000291113fba80, 0x00000291113fc6d8]
Event: 3933.932 Thread 0x000002912ef07f60 2154 % !   4       sun.java2d.d3d.D3DScreenUpdateManager::run @ 105 (267 bytes)
Event: 3933.950 Thread 0x000002912ef07f60 nmethod 2154% 0x00000291113fce10 code [0x00000291113fd000, 0x00000291113fde58]
Event: 4498.648 Thread 0x000002912ef07f60 2155 %     4       java.awt.EventDispatchThread::pumpEventsForFilter @ 10 (47 bytes)
Event: 4498.671 Thread 0x000002912ef07f60 nmethod 2155% 0x00000291113fe610 code [0x00000291113fe7a0, 0x00000291113fea08]

GC Heap History (20 events):
Event: 8308.327 GC heap after
{Heap after GC invocations=17953 (full 0):
 garbage-first heap   total 724992K, used 192247K [0x0000000602000000, 0x0000000800000000)
  region size 4096K, 1 young (4096K), 1 survivors (4096K)
 Metaspace       used 15595K, committed 15744K, reserved 1064960K
  class space    used 1483K, committed 1536K, reserved 1048576K
}
Event: 8308.348 GC heap before
{Heap before GC invocations=17953 (full 0):
 garbage-first heap   total 724992K, used 220919K [0x0000000602000000, 0x0000000800000000)
  region size 4096K, 8 young (32768K), 1 survivors (4096K)
 Metaspace       used 15595K, committed 15744K, reserved 1064960K
  class space    used 1483K, committed 1536K, reserved 1048576K
}
Event: 8308.361 GC heap after
{Heap after GC invocations=17954 (full 0):
 garbage-first heap   total 724992K, used 159416K [0x0000000602000000, 0x0000000800000000)
  region size 4096K, 1 young (4096K), 1 survivors (4096K)
 Metaspace       used 15595K, committed 15744K, reserved 1064960K
  class space    used 1483K, committed 1536K, reserved 1048576K
}
Event: 8309.154 GC heap before
{Heap before GC invocations=17954 (full 0):
 garbage-first heap   total 724992K, used 589496K [0x0000000602000000, 0x0000000800000000)
  region size 4096K, 106 young (434176K), 1 survivors (4096K)
 Metaspace       used 15595K, committed 15744K, reserved 1064960K
  class space    used 1483K, committed 1536K, reserved 1048576K
}
Event: 8309.158 GC heap after
{Heap after GC invocations=17955 (full 0):
 garbage-first heap   total 724992K, used 159425K [0x0000000602000000, 0x0000000800000000)
  region size 4096K, 1 young (4096K), 1 survivors (4096K)
 Metaspace       used 15595K, committed 15744K, reserved 1064960K
  class space    used 1483K, committed 1536K, reserved 1048576K
}
Event: 8309.723 GC heap before
{Heap before GC invocations=17955 (full 0):
 garbage-first heap   total 724992K, used 589505K [0x0000000602000000, 0x0000000800000000)
  region size 4096K, 106 young (434176K), 1 survivors (4096K)
 Metaspace       used 15595K, committed 15744K, reserved 1064960K
  class space    used 1483K, committed 1536K, reserved 1048576K
}
Event: 8309.725 GC heap after
{Heap after GC invocations=17956 (full 0):
 garbage-first heap   total 724992K, used 159536K [0x0000000602000000, 0x0000000800000000)
  region size 4096K, 1 young (4096K), 1 survivors (4096K)
 Metaspace       used 15595K, committed 15744K, reserved 1064960K
  class space    used 1483K, committed 1536K, reserved 1048576K
}
Event: 8310.324 GC heap before
{Heap before GC invocations=17956 (full 0):
 garbage-first heap   total 724992K, used 589616K [0x0000000602000000, 0x0000000800000000)
  region size 4096K, 106 young (434176K), 1 survivors (4096K)
 Metaspace       used 15595K, committed 15744K, reserved 1064960K
  class space    used 1483K, committed 1536K, reserved 1048576K
}
Event: 8310.325 GC heap after
{Heap after GC invocations=17957 (full 0):
 garbage-first heap   total 724992K, used 159611K [0x0000000602000000, 0x0000000800000000)
  region size 4096K, 1 young (4096K), 1 survivors (4096K)
 Metaspace       used 15595K, committed 15744K, reserved 1064960K
  class space    used 1483K, committed 1536K, reserved 1048576K
}
Event: 8310.884 GC heap before
{Heap before GC invocations=17957 (full 0):
 garbage-first heap   total 724992K, used 589691K [0x0000000602000000, 0x0000000800000000)
  region size 4096K, 106 young (434176K), 1 survivors (4096K)
 Metaspace       used 15595K, committed 15744K, reserved 1064960K
  class space    used 1483K, committed 1536K, reserved 1048576K
}
Event: 8310.885 GC heap after
{Heap after GC invocations=17958 (full 0):
 garbage-first heap   total 724992K, used 159609K [0x0000000602000000, 0x0000000800000000)
  region size 4096K, 1 young (4096K), 1 survivors (4096K)
 Metaspace       used 15595K, committed 15744K, reserved 1064960K
  class space    used 1483K, committed 1536K, reserved 1048576K
}
Event: 8311.442 GC heap before
{Heap before GC invocations=17958 (full 0):
 garbage-first heap   total 724992K, used 589689K [0x0000000602000000, 0x0000000800000000)
  region size 4096K, 106 young (434176K), 1 survivors (4096K)
 Metaspace       used 15595K, committed 15744K, reserved 1064960K
  class space    used 1483K, committed 1536K, reserved 1048576K
}
Event: 8311.442 GC heap after
{Heap after GC invocations=17959 (full 0):
 garbage-first heap   total 724992K, used 159621K [0x0000000602000000, 0x0000000800000000)
  region size 4096K, 1 young (4096K), 1 survivors (4096K)
 Metaspace       used 15595K, committed 15744K, reserved 1064960K
  class space    used 1483K, committed 1536K, reserved 1048576K
}
Event: 8312.017 GC heap before
{Heap before GC invocations=17959 (full 0):
 garbage-first heap   total 724992K, used 589701K [0x0000000602000000, 0x0000000800000000)
  region size 4096K, 106 young (434176K), 1 survivors (4096K)
 Metaspace       used 15595K, committed 15744K, reserved 1064960K
  class space    used 1483K, committed 1536K, reserved 1048576K
}
Event: 8312.017 GC heap after
{Heap after GC invocations=17960 (full 0):
 garbage-first heap   total 724992K, used 159625K [0x0000000602000000, 0x0000000800000000)
  region size 4096K, 1 young (4096K), 1 survivors (4096K)
 Metaspace       used 15595K, committed 15744K, reserved 1064960K
  class space    used 1483K, committed 1536K, reserved 1048576K
}
Event: 8312.570 GC heap before
{Heap before GC invocations=17960 (full 0):
 garbage-first heap   total 724992K, used 589705K [0x0000000602000000, 0x0000000800000000)
  region size 4096K, 106 young (434176K), 1 survivors (4096K)
 Metaspace       used 15595K, committed 15744K, reserved 1064960K
  class space    used 1483K, committed 1536K, reserved 1048576K
}
Event: 8312.571 GC heap after
{Heap after GC invocations=17961 (full 0):
 garbage-first heap   total 724992K, used 159636K [0x0000000602000000, 0x0000000800000000)
  region size 4096K, 1 young (4096K), 1 survivors (4096K)
 Metaspace       used 15595K, committed 15744K, reserved 1064960K
  class space    used 1483K, committed 1536K, reserved 1048576K
}
Event: 8313.161 GC heap before
{Heap before GC invocations=17961 (full 0):
 garbage-first heap   total 724992K, used 589716K [0x0000000602000000, 0x0000000800000000)
  region size 4096K, 106 young (434176K), 1 survivors (4096K)
 Metaspace       used 15595K, committed 15744K, reserved 1064960K
  class space    used 1483K, committed 1536K, reserved 1048576K
}
Event: 8313.162 GC heap after
{Heap after GC invocations=17962 (full 0):
 garbage-first heap   total 724992K, used 159644K [0x0000000602000000, 0x0000000800000000)
  region size 4096K, 1 young (4096K), 1 survivors (4096K)
 Metaspace       used 15595K, committed 15744K, reserved 1064960K
  class space    used 1483K, committed 1536K, reserved 1048576K
}
Event: 8313.753 GC heap before
{Heap before GC invocations=17962 (full 0):
 garbage-first heap   total 724992K, used 589724K [0x0000000602000000, 0x0000000800000000)
  region size 4096K, 106 young (434176K), 1 survivors (4096K)
 Metaspace       used 15595K, committed 15744K, reserved 1064960K
  class space    used 1483K, committed 1536K, reserved 1048576K
}

Deoptimization events (20 events):
Event: 27.660 Thread 0x000002912f087460 DEOPT PACKING pc=0x000002910a114ec6 sp=0x000000e6aa29e580
Event: 27.660 Thread 0x000002912f087460 DEOPT UNPACKING pc=0x000002910972dece sp=0x000000e6aa29da30 mode 0
Event: 440.740 Thread 0x000002912f086f10 Uncommon trap: trap_request=0xffffffcc fr.pc=0x00000291113b59b0 relative=0x0000000000000210
Event: 440.740 Thread 0x000002912f086f10 Uncommon trap: reason=intrinsic_or_type_checked_inlining action=make_not_entrant pc=0x00000291113b59b0 method=java.util.Arrays.copyOf([Ljava/lang/Object;ILjava/lang/Class;)[Ljava/lang/Object; @ 35 c2
Event: 440.740 Thread 0x000002912f086f10 DEOPT PACKING pc=0x00000291113b59b0 sp=0x000000e6aa39f2a0
Event: 440.740 Thread 0x000002912f086f10 DEOPT UNPACKING pc=0x000002910972d72e sp=0x000000e6aa39f230 mode 2
Event: 555.541 Thread 0x000002912f086f10 Uncommon trap: trap_request=0xffffffdc fr.pc=0x00000291113e4fbc relative=0x000000000000019c
Event: 555.541 Thread 0x000002912f086f10 Uncommon trap: reason=class_check action=make_not_entrant pc=0x00000291113e4fbc method=java.util.ArrayList.toArray([Ljava/lang/Object;)[Ljava/lang/Object; @ 21 c2
Event: 555.541 Thread 0x000002912f086f10 DEOPT PACKING pc=0x00000291113e4fbc sp=0x000000e6aa39f300
Event: 555.541 Thread 0x000002912f086f10 DEOPT UNPACKING pc=0x000002910972d72e sp=0x000000e6aa39f2c0 mode 2
Event: 570.319 Thread 0x000002912f086470 Uncommon trap: trap_request=0xffffff45 fr.pc=0x0000029111392cd4 relative=0x0000000000000534
Event: 570.319 Thread 0x000002912f086470 Uncommon trap: reason=unstable_if action=reinterpret pc=0x0000029111392cd4 method=javax.swing.Timer.post()V @ 9 c2
Event: 570.319 Thread 0x000002912f086470 DEOPT PACKING pc=0x0000029111392cd4 sp=0x000000e6aa5af400
Event: 570.319 Thread 0x000002912f086470 DEOPT UNPACKING pc=0x000002910972d72e sp=0x000000e6aa5af3e0 mode 2
Event: 3367.770 Thread 0x000002912f086470 DEOPT PACKING pc=0x000002910a1d9ff2 sp=0x000000e6aa5af3a0
Event: 3367.770 Thread 0x000002912f086470 DEOPT UNPACKING pc=0x000002910972dece sp=0x000000e6aa5ae940 mode 0
Event: 4230.364 Thread 0x000002912f086f10 DEOPT PACKING pc=0x000002910a1e2b4b sp=0x000000e6aa39f2b0
Event: 4230.364 Thread 0x000002912f086f10 DEOPT UNPACKING pc=0x000002910972dece sp=0x000000e6aa39e850 mode 0
Event: 5098.628 Thread 0x000002912f087460 DEOPT PACKING pc=0x000002910a1df654 sp=0x000000e6aa29eeb0
Event: 5098.629 Thread 0x000002912f087460 DEOPT UNPACKING pc=0x000002910972dece sp=0x000000e6aa29e3c8 mode 0

Classes unloaded (20 events):
Event: 8307.461 Thread 0x000002912eea71d0 Unloading class 0x00000008000cc800 'java/lang/invoke/LambdaForm$MH+0x00000008000cc800'
Event: 8307.462 Thread 0x000002912eea71d0 Unloading class 0x00000008000cc400 'java/lang/invoke/LambdaForm$MH+0x00000008000cc400'
Event: 8307.463 Thread 0x000002912eea71d0 Unloading class 0x00000008000cc000 'java/lang/invoke/LambdaForm$MH+0x00000008000cc000'
Event: 8307.463 Thread 0x000002912eea71d0 Unloading class 0x00000008000c6000 'java/lang/invoke/LambdaForm$MH+0x00000008000c6000'
Event: 8307.463 Thread 0x000002912eea71d0 Unloading class 0x00000008000c5c00 'java/lang/invoke/LambdaForm$MH+0x00000008000c5c00'
Event: 8307.463 Thread 0x000002912eea71d0 Unloading class 0x00000008000c5400 'java/lang/invoke/LambdaForm$MH+0x00000008000c5400'
Event: 8307.463 Thread 0x000002912eea71d0 Unloading class 0x00000008000c4400 'java/lang/invoke/LambdaForm$MH+0x00000008000c4400'
Event: 8307.463 Thread 0x000002912eea71d0 Unloading class 0x00000008000c4000 'java/lang/invoke/LambdaForm$MH+0x00000008000c4000'
Event: 8307.463 Thread 0x000002912eea71d0 Unloading class 0x00000008000c3c00 'java/lang/invoke/LambdaForm$MH+0x00000008000c3c00'
Event: 8307.463 Thread 0x000002912eea71d0 Unloading class 0x00000008000c3800 'java/lang/invoke/LambdaForm$MH+0x00000008000c3800'
Event: 8307.463 Thread 0x000002912eea71d0 Unloading class 0x00000008000c3400 'java/lang/invoke/LambdaForm$MH+0x00000008000c3400'
Event: 8307.463 Thread 0x000002912eea71d0 Unloading class 0x00000008000c3000 'java/lang/invoke/LambdaForm$MH+0x00000008000c3000'
Event: 8307.463 Thread 0x000002912eea71d0 Unloading class 0x00000008000c2c00 'java/lang/invoke/LambdaForm$MH+0x00000008000c2c00'
Event: 8307.463 Thread 0x000002912eea71d0 Unloading class 0x00000008000c2800 'java/lang/invoke/LambdaForm$MH+0x00000008000c2800'
Event: 8307.463 Thread 0x000002912eea71d0 Unloading class 0x00000008000c2000 'java/lang/invoke/LambdaForm$MH+0x00000008000c2000'
Event: 8307.463 Thread 0x000002912eea71d0 Unloading class 0x00000008000c1800 'java/lang/invoke/LambdaForm$MH+0x00000008000c1800'
Event: 8307.463 Thread 0x000002912eea71d0 Unloading class 0x00000008000c1400 'java/lang/invoke/LambdaForm$MH+0x00000008000c1400'
Event: 8307.464 Thread 0x000002912eea71d0 Unloading class 0x00000008000c0c00 'java/lang/invoke/LambdaForm$MH+0x00000008000c0c00'
Event: 8307.464 Thread 0x000002912eea71d0 Unloading class 0x00000008000c0800 'java/lang/invoke/LambdaForm$MH+0x00000008000c0800'
Event: 8307.464 Thread 0x000002912eea71d0 Unloading class 0x00000008000c0000 'java/lang/invoke/LambdaForm$MH+0x00000008000c0000'

Classes redefined (0 events):
No events

Internal exceptions (15 events):
Event: 0.287 Thread 0x0000029106192f30 Exception <a 'java/lang/NoSuchMethodError'{0x0000000621da0230}: 'void java.lang.invoke.DirectMethodHandle$Holder.invokeSpecial(java.lang.Object, java.lang.Object, java.lang.Object)'> (0x0000000621da0230) 
thrown [t:\workspace\open\src\hotspot\share\interpreter\linkResolver.cpp, line 790]
Event: 0.315 Thread 0x0000029106192f30 Exception <a 'java/lang/ClassNotFoundException'{0x0000000621dc3448}: sun/awt/resources/spi/awtProvider> (0x0000000621dc3448) 
thrown [t:\workspace\open\src\hotspot\share\classfile\systemDictionary.cpp, line 256]
Event: 0.341 Thread 0x0000029106192f30 Exception <a 'java/io/FileNotFoundException'{0x0000000621e99c10}> (0x0000000621e99c10) 
thrown [t:\workspace\open\src\hotspot\share\prims\jni.cpp, line 579]
Event: 0.347 Thread 0x0000029106192f30 Exception <a 'java/io/FileNotFoundException'{0x0000000621ec8598}> (0x0000000621ec8598) 
thrown [t:\workspace\open\src\hotspot\share\prims\jni.cpp, line 579]
Event: 0.347 Thread 0x0000029106192f30 Exception <a 'java/lang/NoSuchMethodError'{0x0000000621ec98f0}: 'java.lang.Object java.lang.invoke.DirectMethodHandle$Holder.invokeStatic(java.lang.Object)'> (0x0000000621ec98f0) 
thrown [t:\workspace\open\src\hotspot\share\interpreter\linkResolver.cpp, line 790]
Event: 0.364 Thread 0x0000029106192f30 Exception <a 'java/lang/NoSuchMethodError'{0x0000000621f0f618}: 'java.lang.Object java.lang.invoke.DirectMethodHandle$Holder.invokeStaticInit(java.lang.Object)'> (0x0000000621f0f618) 
thrown [t:\workspace\open\src\hotspot\share\interpreter\linkResolver.cpp, line 790]
Event: 0.428 Thread 0x0000029106192f30 Exception <a 'java/io/IOException'{0x0000000621834a10}> (0x0000000621834a10) 
thrown [t:\workspace\open\src\hotspot\share\prims\jni.cpp, line 579]
Event: 0.461 Thread 0x0000029106192f30 Exception <a 'java/lang/NoSuchMethodError'{0x00000006218ad9a8}: 'java.lang.Object java.lang.invoke.DirectMethodHandle$Holder.newInvokeSpecial(java.lang.Object, java.lang.Object, java.lang.Object, java.lang.Object, java.lang.Object)'> (0x00000006218ad9a8) 
thrown [t:\workspace\open\src\hotspot\share\interpreter\linkResolver.cpp, line 790]
Event: 0.462 Thread 0x0000029106192f30 Exception <a 'java/lang/NoSuchMethodError'{0x00000006218b9490}: 'java.lang.Object java.lang.invoke.DirectMethodHandle$Holder.invokeStatic(java.lang.Object, int, java.lang.Object, java.lang.Object, java.lang.Object, java.lang.Object)'> (0x00000006218b9490) 
thrown [t:\workspace\open\src\hotspot\share\interpreter\linkResolver.cpp, line 790]
Event: 0.465 Thread 0x0000029106192f30 Exception <a 'java/lang/NoSuchMethodError'{0x00000006218df558}: 'java.lang.Object java.lang.invoke.DirectMethodHandle$Holder.invokeStatic(java.lang.Object, int, java.lang.Object)'> (0x00000006218df558) 
thrown [t:\workspace\open\src\hotspot\share\interpreter\linkResolver.cpp, line 790]
Event: 0.492 Thread 0x0000029106192f30 Exception <a 'java/lang/ClassNotFoundException'{0x000000062199a678}: com/sun/swing/internal/plaf/metal/resources/spi/metalProvider> (0x000000062199a678) 
thrown [t:\workspace\open\src\hotspot\share\classfile\systemDictionary.cpp, line 256]
Event: 0.493 Thread 0x0000029106192f30 Exception <a 'java/lang/ClassNotFoundException'{0x000000062199e8a8}: com/sun/swing/internal/plaf/basic/resources/spi/basicProvider> (0x000000062199e8a8) 
thrown [t:\workspace\open\src\hotspot\share\classfile\systemDictionary.cpp, line 256]
Event: 0.759 Thread 0x0000029106192f30 Exception <a 'java/lang/NoSuchMethodError'{0x0000000621a72ae8}: 'void java.lang.invoke.DirectMethodHandle$Holder.invokeStaticInit(java.lang.Object)'> (0x0000000621a72ae8) 
thrown [t:\workspace\open\src\hotspot\share\interpreter\linkResolver.cpp, line 790]
Event: 0.832 Thread 0x000002912f088ef0 Exception <a 'java/lang/NoSuchMethodError'{0x0000000621fe14a8}: 'void java.lang.invoke.DirectMethodHandle$Holder.invokeVirtual(java.lang.Object, java.lang.Object)'> (0x0000000621fe14a8) 
thrown [t:\workspace\open\src\hotspot\share\interpreter\linkResolver.cpp, line 790]
Event: 1.304 Thread 0x000002912f089990 Exception <a 'java/lang/NoSuchMethodError'{0x0000000621be82f0}: 'java.lang.Object java.lang.invoke.DirectMethodHandle$Holder.newInvokeSpecial(java.lang.Object, java.lang.Object, java.lang.Object, int, int, int, int, int)'> (0x0000000621be82f0) 
thrown [t:\workspace\open\src\hotspot\share\interpreter\linkResolver.cpp, line 790]

Events (20 events):
Event: 8308.327 Executing  VM operation: G1CollectForAllocation done
Event: 8308.348 Executing  VM operation: G1CollectForAllocation
Event: 8308.361 Executing  VM operation: G1CollectForAllocation done
Event: 8309.151 Executing  VM operation: G1CollectForAllocation
Event: 8309.158 Executing  VM operation: G1CollectForAllocation done
Event: 8309.723 Executing  VM operation: G1CollectForAllocation
Event: 8309.725 Executing  VM operation: G1CollectForAllocation done
Event: 8310.324 Executing  VM operation: G1CollectForAllocation
Event: 8310.325 Executing  VM operation: G1CollectForAllocation done
Event: 8310.884 Executing  VM operation: G1CollectForAllocation
Event: 8310.885 Executing  VM operation: G1CollectForAllocation done
Event: 8311.442 Executing  VM operation: G1CollectForAllocation
Event: 8311.442 Executing  VM operation: G1CollectForAllocation done
Event: 8312.016 Executing  VM operation: G1CollectForAllocation
Event: 8312.017 Executing  VM operation: G1CollectForAllocation done
Event: 8312.570 Executing  VM operation: G1CollectForAllocation
Event: 8312.571 Executing  VM operation: G1CollectForAllocation done
Event: 8313.161 Executing  VM operation: G1CollectForAllocation
Event: 8313.162 Executing  VM operation: G1CollectForAllocation done
Event: 8313.752 Executing  VM operation: G1CollectForAllocation


Dynamic libraries:
0x00007ff6f3020000 - 0x00007ff6f302e000 	C:\Users\joelc_bkpu8hx\.p2\pool\plugins\org.eclipse.justj.openjdk.hotspot.jre.full.win32.x86_64_16.0.2.v20210721-1149\jre\bin\javaw.exe
0x00007ffbceb70000 - 0x00007ffbced68000 	C:\windows\SYSTEM32\ntdll.dll
0x00007ffbccc60000 - 0x00007ffbccd1f000 	C:\windows\System32\KERNEL32.DLL
0x00007ffbcc590000 - 0x00007ffbcc862000 	C:\windows\System32\KERNELBASE.dll
0x00007ffbcc260000 - 0x00007ffbcc360000 	C:\windows\System32\ucrtbase.dll
0x00007ffbae640000 - 0x00007ffbae658000 	C:\Users\joelc_bkpu8hx\.p2\pool\plugins\org.eclipse.justj.openjdk.hotspot.jre.full.win32.x86_64_16.0.2.v20210721-1149\jre\bin\jli.dll
0x00007ffbcd4c0000 - 0x00007ffbcd661000 	C:\windows\System32\USER32.dll
0x00007ffbcc560000 - 0x00007ffbcc582000 	C:\windows\System32\win32u.dll
0x00007ffbcd330000 - 0x00007ffbcd35b000 	C:\windows\System32\GDI32.dll
0x00007ffbccaa0000 - 0x00007ffbccbaf000 	C:\windows\System32\gdi32full.dll
0x00007ffbcc4c0000 - 0x00007ffbcc55d000 	C:\windows\System32\msvcp_win.dll
0x00007ffba1380000 - 0x00007ffba1399000 	C:\Users\joelc_bkpu8hx\.p2\pool\plugins\org.eclipse.justj.openjdk.hotspot.jre.full.win32.x86_64_16.0.2.v20210721-1149\jre\bin\VCRUNTIME140.dll
0x00007ffbb1bb0000 - 0x00007ffbb1e4a000 	C:\windows\WinSxS\amd64_microsoft.windows.common-controls_6595b64144ccf1df_6.0.19041.1110_none_60b5254171f9507e\COMCTL32.dll
0x00007ffbcd200000 - 0x00007ffbcd29e000 	C:\windows\System32\msvcrt.dll
0x00007ffbcd360000 - 0x00007ffbcd392000 	C:\windows\System32\IMM32.DLL
0x00007ffba1420000 - 0x00007ffba1538000 	C:\Program Files (x86)\Citrix\ICA Client\epclient64.dll
0x00007ffbc4300000 - 0x00007ffbc430a000 	C:\windows\SYSTEM32\VERSION.dll
0x00007ffbccbb0000 - 0x00007ffbccc5e000 	C:\windows\System32\ADVAPI32.dll
0x00007ffbce8f0000 - 0x00007ffbce98c000 	C:\windows\System32\sechost.dll
0x00007ffbcdfc0000 - 0x00007ffbce0e5000 	C:\windows\System32\RPCRT4.dll
0x00007ffbcb3b0000 - 0x00007ffbcb3e3000 	C:\windows\SYSTEM32\ntmarta.dll
0x00007ffbbe260000 - 0x00007ffbbe26c000 	C:\Users\joelc_bkpu8hx\.p2\pool\plugins\org.eclipse.justj.openjdk.hotspot.jre.full.win32.x86_64_16.0.2.v20210721-1149\jre\bin\vcruntime140_1.dll
0x00007ffb82ac0000 - 0x00007ffb82b51000 	C:\Users\joelc_bkpu8hx\.p2\pool\plugins\org.eclipse.justj.openjdk.hotspot.jre.full.win32.x86_64_16.0.2.v20210721-1149\jre\bin\msvcp140.dll
0x00007ffb46d40000 - 0x00007ffb478eb000 	C:\Users\joelc_bkpu8hx\.p2\pool\plugins\org.eclipse.justj.openjdk.hotspot.jre.full.win32.x86_64_16.0.2.v20210721-1149\jre\bin\server\jvm.dll
0x00007ffbcd2c0000 - 0x00007ffbcd2c8000 	C:\windows\System32\PSAPI.DLL
0x00007ffbc7c50000 - 0x00007ffbc7c59000 	C:\windows\SYSTEM32\WSOCK32.dll
0x00007ffbcd3a0000 - 0x00007ffbcd40b000 	C:\windows\System32\WS2_32.dll
0x00007ffbbf310000 - 0x00007ffbbf337000 	C:\windows\SYSTEM32\WINMM.dll
0x00007ffbca2e0000 - 0x00007ffbca2f2000 	C:\windows\SYSTEM32\kernel.appcore.dll
0x00007ffbc7c40000 - 0x00007ffbc7c4a000 	C:\Users\joelc_bkpu8hx\.p2\pool\plugins\org.eclipse.justj.openjdk.hotspot.jre.full.win32.x86_64_16.0.2.v20210721-1149\jre\bin\jimage.dll
0x00007ffbc9cd0000 - 0x00007ffbc9eb4000 	C:\windows\SYSTEM32\DBGHELP.DLL
0x00007ffbacd30000 - 0x00007ffbacd65000 	C:\windows\SYSTEM32\dbgcore.DLL
0x00007ffbcca10000 - 0x00007ffbcca92000 	C:\windows\System32\bcryptPrimitives.dll
0x00007ffb94860000 - 0x00007ffb94885000 	C:\Users\joelc_bkpu8hx\.p2\pool\plugins\org.eclipse.justj.openjdk.hotspot.jre.full.win32.x86_64_16.0.2.v20210721-1149\jre\bin\java.dll
0x00007ffbbd610000 - 0x00007ffbbd628000 	C:\Users\joelc_bkpu8hx\.p2\pool\plugins\org.eclipse.justj.openjdk.hotspot.jre.full.win32.x86_64_16.0.2.v20210721-1149\jre\bin\zip.dll
0x000002912fc00000 - 0x0000029130345000 	C:\windows\System32\SHELL32.dll
0x00007ffbca300000 - 0x00007ffbcaa92000 	C:\windows\SYSTEM32\windows.storage.dll
0x00007ffbccea0000 - 0x00007ffbcd1f5000 	C:\windows\System32\combase.dll
0x00007ffbcbcc0000 - 0x00007ffbcbcf0000 	C:\windows\SYSTEM32\Wldp.dll
0x00007ffbcdf10000 - 0x00007ffbcdfbd000 	C:\windows\System32\SHCORE.dll
0x00007ffbcce40000 - 0x00007ffbcce95000 	C:\windows\System32\shlwapi.dll
0x00007ffbcc1a0000 - 0x00007ffbcc1bf000 	C:\windows\SYSTEM32\profapi.dll
0x00007ffb82310000 - 0x00007ffb8248f000 	C:\Users\joelc_bkpu8hx\.p2\pool\plugins\org.eclipse.justj.openjdk.hotspot.jre.full.win32.x86_64_16.0.2.v20210721-1149\jre\bin\awt.dll
0x00007ffbce790000 - 0x00007ffbce85d000 	C:\windows\System32\OLEAUT32.dll
0x00007ffbc8ae0000 - 0x00007ffbc8b70000 	C:\windows\SYSTEM32\apphelp.dll
0x00007ffbc8bd0000 - 0x00007ffbc8c6e000 	C:\windows\system32\uxtheme.dll
0x00007ffbccd20000 - 0x00007ffbcce35000 	C:\windows\System32\MSCTF.dll
0x00007ffbce990000 - 0x00007ffbceaba000 	C:\windows\System32\ole32.dll
0x00007ffbc9020000 - 0x00007ffbc904f000 	C:\windows\system32\DWMAPI.DLL
0x00007ffb54ba0000 - 0x00007ffb54cc5000 	C:\windows\system32\opengl32.dll
0x00007ffb54a80000 - 0x00007ffb54aac000 	C:\windows\SYSTEM32\GLU32.dll
0x00007ffbb5cf0000 - 0x00007ffbb5ebe000 	C:\windows\system32\d3d9.dll
0x00007ffbb5f60000 - 0x00007ffbb601e000 	C:\windows\System32\DriverStore\FileRepository\nvhdc.inf_amd64_a96d179b15e4aed9\nvldumdx.dll
0x00007ffbcbe50000 - 0x00007ffbcbe62000 	C:\windows\SYSTEM32\msasn1.dll
0x00007ffbbf680000 - 0x00007ffbbf6b1000 	C:\windows\SYSTEM32\cryptnet.dll
0x00007ffbcc360000 - 0x00007ffbcc4b6000 	C:\windows\System32\CRYPT32.dll
0x00007ffbbf530000 - 0x00007ffbbf678000 	C:\windows\SYSTEM32\drvstore.dll
0x00007ffbcc010000 - 0x00007ffbcc03c000 	C:\windows\SYSTEM32\devobj.dll
0x00007ffbcc9c0000 - 0x00007ffbcca0e000 	C:\windows\System32\cfgmgr32.dll
0x00007ffbcbba0000 - 0x00007ffbcbbac000 	C:\windows\SYSTEM32\cryptbase.dll
0x00000291327e0000 - 0x0000029132849000 	C:\windows\System32\WINTRUST.DLL
0x0000029104040000 - 0x000002910405d000 	C:\windows\System32\imagehlp.dll
0x00007ffbcbb80000 - 0x00007ffbcbb98000 	C:\windows\SYSTEM32\CRYPTSP.dll
0x00007ffbcb290000 - 0x00007ffbcb2c4000 	C:\windows\system32\rsaenh.dll
0x00007ffbcc990000 - 0x00007ffbcc9b7000 	C:\windows\System32\bcrypt.dll
0x00007ffb5a590000 - 0x00007ffb5cb96000 	C:\windows\System32\DriverStore\FileRepository\nvhdc.inf_amd64_a96d179b15e4aed9\nvd3dumx.dll
0x00007ffb71de0000 - 0x00007ffb720a3000 	C:\windows\system32\nvspcap64.dll
0x00007ffbcaab0000 - 0x00007ffbcaad3000 	C:\windows\SYSTEM32\gpapi.dll
0x00007ffbc0de0000 - 0x00007ffbc0e1b000 	C:\windows\SYSTEM32\dxcore.dll
0x00007ffb93990000 - 0x00007ffb93a19000 	C:\Users\joelc_bkpu8hx\.p2\pool\plugins\org.eclipse.justj.openjdk.hotspot.jre.full.win32.x86_64_16.0.2.v20210721-1149\jre\bin\freetype.dll
0x00007ffb82210000 - 0x00007ffb82306000 	C:\Users\joelc_bkpu8hx\.p2\pool\plugins\org.eclipse.justj.openjdk.hotspot.jre.full.win32.x86_64_16.0.2.v20210721-1149\jre\bin\harfbuzz.dll
0x00007ffb9e8d0000 - 0x00007ffb9e8e2000 	C:\Users\joelc_bkpu8hx\.p2\pool\plugins\org.eclipse.justj.openjdk.hotspot.jre.full.win32.x86_64_16.0.2.v20210721-1149\jre\bin\fontmanager.dll
0x00007ffbbcd30000 - 0x00007ffbbce29000 	C:\windows\SYSTEM32\textinputframework.dll
0x00007ffbc8470000 - 0x00007ffbc87ce000 	C:\windows\System32\CoreUIComponents.dll
0x00007ffbc87d0000 - 0x00007ffbc88c2000 	C:\windows\System32\CoreMessaging.dll
0x00007ffbc7da0000 - 0x00007ffbc7ef4000 	C:\windows\SYSTEM32\wintypes.dll
0x00007ffbaf860000 - 0x00007ffbaf879000 	C:\Users\joelc_bkpu8hx\.p2\pool\plugins\org.eclipse.justj.openjdk.hotspot.jre.full.win32.x86_64_16.0.2.v20210721-1149\jre\bin\net.dll
0x00007ffbc4540000 - 0x00007ffbc464c000 	C:\windows\SYSTEM32\WINHTTP.dll
0x00007ffbcb9d0000 - 0x00007ffbcba3a000 	C:\windows\system32\mswsock.dll
0x00007ffbaf5b0000 - 0x00007ffbaf5c3000 	C:\Users\joelc_bkpu8hx\.p2\pool\plugins\org.eclipse.justj.openjdk.hotspot.jre.full.win32.x86_64_16.0.2.v20210721-1149\jre\bin\nio.dll

dbghelp: loaded successfully - version: 4.0.5 - missing functions: none
symbol engine: initialized successfully - sym options: 0x614 - pdb path: .;C:\Users\joelc_bkpu8hx\.p2\pool\plugins\org.eclipse.justj.openjdk.hotspot.jre.full.win32.x86_64_16.0.2.v20210721-1149\jre\bin;C:\windows\SYSTEM32;C:\windows\WinSxS\amd64_microsoft.windows.common-controls_6595b64144ccf1df_6.0.19041.1110_none_60b5254171f9507e;C:\Program Files (x86)\Citrix\ICA Client;C:\Users\joelc_bkpu8hx\.p2\pool\plugins\org.eclipse.justj.openjdk.hotspot.jre.full.win32.x86_64_16.0.2.v20210721-1149\jre\bin\server;C:\windows\System32\DriverStore\FileRepository\nvhdc.inf_amd64_a96d179b15e4aed9

VM Arguments:
jvm_args: -Dfile.encoding=UTF-8 -XX:+ShowCodeDetailsInExceptionMessages 
java_command: GameRunner
java_class_path (initial): C:\Users\joelc_bkpu8hx\Documents\CHSVideogame\CHSVideogame\bin
Launcher Type: SUN_STANDARD

[Global flags]
     intx CICompilerCount                          = 12                                        {product} {ergonomic}
     uint ConcGCThreads                            = 3                                         {product} {ergonomic}
     uint G1ConcRefinementThreads                  = 13                                        {product} {ergonomic}
   size_t G1HeapRegionSize                         = 4194304                                   {product} {ergonomic}
    uintx GCDrainStackTargetSize                   = 64                                        {product} {ergonomic}
   size_t InitialHeapSize                          = 536870912                                 {product} {ergonomic}
   size_t MarkStackSize                            = 4194304                                   {product} {ergonomic}
   size_t MaxHeapSize                              = 8556380160                                {product} {ergonomic}
   size_t MaxNewSize                               = 5133828096                                {product} {ergonomic}
   size_t MinHeapDeltaBytes                        = 4194304                                   {product} {ergonomic}
   size_t MinHeapSize                              = 8388608                                   {product} {ergonomic}
    uintx NonNMethodCodeHeapSize                   = 7602480                                {pd product} {ergonomic}
    uintx NonProfiledCodeHeapSize                  = 122027880                              {pd product} {ergonomic}
    uintx ProfiledCodeHeapSize                     = 122027880                              {pd product} {ergonomic}
    uintx ReservedCodeCacheSize                    = 251658240                              {pd product} {ergonomic}
     bool SegmentedCodeCache                       = true                                      {product} {ergonomic}
     bool ShowCodeDetailsInExceptionMessages       = true                                   {manageable} {command line}
   size_t SoftMaxHeapSize                          = 8556380160                             {manageable} {ergonomic}
     bool UseCompressedClassPointers               = true                           {product lp64_product} {ergonomic}
     bool UseCompressedOops                        = true                           {product lp64_product} {ergonomic}
     bool UseG1GC                                  = true                                      {product} {ergonomic}
     bool UseLargePagesIndividualAllocation        = false                                  {pd product} {ergonomic}

Logging:
Log output configuration:
 #0: stdout all=warning uptime,level,tags
 #1: stderr all=off uptime,level,tags

Environment Variables:
PATH=C:/Users/joelc_bkpu8hx/.p2/pool/plugins/org.eclipse.justj.openjdk.hotspot.jre.full.win32.x86_64_16.0.2.v20210721-1149/jre/bin/server;C:/Users/joelc_bkpu8hx/.p2/pool/plugins/org.eclipse.justj.openjdk.hotspot.jre.full.win32.x86_64_16.0.2.v20210721-1149/jre/bin;C:\Program Files\Common Files\Oracle\Java\javapath;C:\Program Files (x86)\Common Files\Oracle\Java\javapath;C:\Program Files (x86)\NVIDIA Corporation\PhysX\Common;C:\Program Files (x86)\Razer Chroma SDK\bin;C:\Program Files\Razer Chroma SDK\bin;C:\Program Files (x86)\Razer\ChromaBroadcast\bin;C:\Program Files\Razer\ChromaBroadcast\bin;C:\ffmpeg\ffmpeg-20200831-4a11a6f-win64-static\bin;C:\Program Files\Java\jdk1.8.0_271\bin;D:\Programs\nodejs\;C:\Windows\System32\OpenSSH;C:\Users\joelc_bkpu8hx\AppData\Local\Programs\Tesseract-OCR;D:\Programs\MSYS2\mingw64\bin;D:\Google Cloud SDK\google-cloud-sdk\bin;C:\Program Files\Common Files\Oracle\Java\javapath;C:\Program Files (x86)\Common Files\Oracle\Java\javapath;C:\Program Files (x86)\NVIDIA Corporation\PhysX\Common;C:\Program Files (x86)\Razer Chroma SDK\bin;C:\Program Files\Razer Chroma SDK\bin;C:\Program Files (x86)\Razer\ChromaBroadcast\bin;C:\Program Files\Razer\ChromaBroadcast\bin;C:\ffmpeg\ffmpeg-20200831-4a11a6f-win64-static\bin;C:\Program Files\Java\jdk1.8.0_271\bin;D:\Programs\nodejs\;C:\Windows\System32\OpenSSH;C:\Users\joelc_bkpu8hx\AppData\Local\Programs\Tesseract-OCR;D:\Programs\MSYS2\mingw64\bin;D:\Google Cloud SDK\google-cloud-sdk\bin;C:\Program Files\Common Files\Oracle\Java\javapath;C:\Program Files (x86)\Common Files\Oracle\Java\javapath;C:\Program Files (x86)\NVIDIA Corporation\PhysX\Common;C:\Program Files (x86)\Razer Chroma SDK\bin;C:\Program Files\Razer Chroma SDK\bin;C:\Program Files (x86)\Razer\ChromaBroadcast\bin;C:\Program Files\Razer\ChromaBroadcast\bin;C:\ffmpeg\ffmpeg-20200831-4a11a6f-win64-static\bin;C:\Program Files\Java\jdk1.8.0_271\bin;D:\Programs\nodejs\;C:\Windows\System32\OpenSSH;C:\Users\joelc_bkpu8hx\AppData\Local\Programs\Tesser
USERNAME=joelc_bkpu8hx
OS=Windows_NT
PROCESSOR_IDENTIFIER=Intel64 Family 6 Model 165 Stepping 5, GenuineIntel



---------------  S Y S T E M  ---------------

OS:
 Windows 10 , 64 bit Build 19041 (10.0.19041.2546)
OS uptime: 14 days 3:34 hours
Hyper-V role detected

CPU: total 16 (initial active 16) (8 cores per cpu, 2 threads per core) family 6 model 165 stepping 5 microcode 0xec, cx8, cmov, fxsr, ht, mmx, 3dnowpref, sse, sse2, sse3, ssse3, sse4.1, sse4.2, popcnt, lzcnt, tsc, tscinvbit, avx, avx2, aes, erms, clmul, bmi1, bmi2, adx, fma, vzeroupper, clflush, clflushopt, hv

Memory: 4k page, system-wide physical 32634M (259M free)
TotalPageFile size 93583M (AvailPageFile size 464M)
current process WorkingSet (physical memory assigned to process): 761M, peak: 761M
current process commit charge ("private bytes"): 896M, peak: 1356M

vm_info: OpenJDK 64-Bit Server VM (16.0.2+7-67) for windows-amd64 JRE (16.0.2+7-67), built on Jun  8 2021 23:21:43 by "mach5one" with MS VC++ 16.7 (VS2019)

END.
