#
# There is insufficient memory for the Java Runtime Environment to continue.
# Native memory allocation (mmap) failed to map 109051904 bytes for G1 virtual space
# Possible reasons:
#   The system is out of physical RAM or swap space
#   The process is running with CompressedOops enabled, and the Java Heap may be blocking the growth of the native heap
# Possible solutions:
#   Reduce memory load on the system
#   Increase physical memory or swap space
#   Check if swap backing store is full
#   Decrease Java heap size (-Xmx/-Xms)
#   Decrease number of Java threads
#   Decrease Java thread stack sizes (-Xss)
#   Set larger code cache with -XX:ReservedCodeCacheSize=
#   JVM is running with Zero Based Compressed Oops mode in which the Java heap is
#     placed in the first 32GB address space. The Java Heap base address is the
#     maximum limit for the native heap growth. Please use -XX:HeapBaseMinAddress
#     to set the Java Heap base and to place the Java Heap above 32GB virtual address.
# This output file may be truncated or incomplete.
#
#  Out of Memory Error (os_windows.cpp:3466), pid=110364, tid=51740
#
# JRE version: OpenJDK Runtime Environment (16.0.2+7) (build 16.0.2+7-67)
# Java VM: OpenJDK 64-Bit Server VM (16.0.2+7-67, mixed mode, tiered, compressed oops, compressed class ptrs, g1 gc, windows-amd64)
# No core dump will be written. Minidumps are not enabled by default on client versions of Windows
#

---------------  S U M M A R Y ------------

Command Line: -Dfile.encoding=UTF-8 -XX:+ShowCodeDetailsInExceptionMessages GameRunner

Host: Intel(R) Core(TM) i7-10700F CPU @ 2.90GHz, 16 cores, 31G,  Windows 10 , 64 bit Build 19041 (10.0.19041.2546)
Time: Mon Mar 13 02:19:38 2023 Eastern Daylight Time elapsed time: 7713.685179 seconds (0d 2h 8m 33s)

---------------  T H R E A D  ---------------

Current thread (0x000001eefc904fe0):  VMThread "VM Thread" [stack: 0x000000bfec400000,0x000000bfec500000] [id=51740]

Stack: [0x000000bfec400000,0x000000bfec500000]
Native frames: (J=compiled Java code, j=interpreted, Vv=VM code, C=native code)
V  [jvm.dll+0x6681ca]
V  [jvm.dll+0x7c9e69]
V  [jvm.dll+0x7cb61e]
V  [jvm.dll+0x7cbc73]
V  [jvm.dll+0x242c55]
V  [jvm.dll+0x664f89]
V  [jvm.dll+0x659b75]
V  [jvm.dll+0x2fbfbb]
V  [jvm.dll+0x3031b6]
V  [jvm.dll+0x35299e]
V  [jvm.dll+0x352bcf]
V  [jvm.dll+0x2d3028]
V  [jvm.dll+0x2d0bb5]
V  [jvm.dll+0x2d01ec]
V  [jvm.dll+0x3152d2]
V  [jvm.dll+0x7d00ab]
V  [jvm.dll+0x7d0da4]
V  [jvm.dll+0x7d12a9]
V  [jvm.dll+0x7d1564]
V  [jvm.dll+0x7d1630]
V  [jvm.dll+0x7795aa]
V  [jvm.dll+0x667066]
C  [ucrtbase.dll+0x21bb2]
C  [KERNEL32.DLL+0x17614]
C  [ntdll.dll+0x526a1]

VM_Operation (0x000000bfed88e8b0): G1CollectForAllocation, mode: safepoint, requested by thread 0x000001eea565ac20


---------------  P R O C E S S  ---------------

Threads class SMR info:
_java_thread_list=0x000001eefcb9f060, length=18, elements={
0x000001eefc927020, 0x000001eefc92bd10, 0x000001eefc9125c0, 0x000001eefc912fc0,
0x000001eefc9477a0, 0x000001eefc94c9b0, 0x000001eefc950670, 0x000001eefc9607f0,
0x000001eefc973d50, 0x000001eefcae06e0, 0x000001eefcadd730, 0x000001eefcc6d8c0,
0x000001eefcc6e550, 0x000001eefe0a8030, 0x000001eea565ac20, 0x000001eef2a14ac0,
0x000001eea56a6500, 0x000001eea57942d0
}

Java Threads: ( => current thread )
  0x000001eefc927020 JavaThread "Reference Handler" daemon [_thread_blocked, id=75584, stack(0x000000bfec500000,0x000000bfec600000)]
  0x000001eefc92bd10 JavaThread "Finalizer" daemon [_thread_blocked, id=109948, stack(0x000000bfec600000,0x000000bfec700000)]
  0x000001eefc9125c0 JavaThread "Signal Dispatcher" daemon [_thread_blocked, id=120624, stack(0x000000bfec700000,0x000000bfec800000)]
  0x000001eefc912fc0 JavaThread "Attach Listener" daemon [_thread_blocked, id=94760, stack(0x000000bfec800000,0x000000bfec900000)]
  0x000001eefc9477a0 JavaThread "Service Thread" daemon [_thread_blocked, id=92620, stack(0x000000bfec900000,0x000000bfeca00000)]
  0x000001eefc94c9b0 JavaThread "Monitor Deflation Thread" daemon [_thread_blocked, id=17464, stack(0x000000bfeca00000,0x000000bfecb00000)]
  0x000001eefc950670 JavaThread "C2 CompilerThread0" daemon [_thread_blocked, id=81088, stack(0x000000bfecb00000,0x000000bfecc00000)]
  0x000001eefc9607f0 JavaThread "C1 CompilerThread0" daemon [_thread_blocked, id=120264, stack(0x000000bfecc00000,0x000000bfecd00000)]
  0x000001eefc973d50 JavaThread "Sweeper thread" daemon [_thread_blocked, id=137980, stack(0x000000bfecd00000,0x000000bfece00000)]
  0x000001eefcae06e0 JavaThread "Notification Thread" daemon [_thread_blocked, id=112664, stack(0x000000bfecf00000,0x000000bfed000000)]
  0x000001eefcadd730 JavaThread "Common-Cleaner" daemon [_thread_blocked, id=112724, stack(0x000000bfed100000,0x000000bfed200000)]
  0x000001eefcc6d8c0 JavaThread "Java2D Disposer" daemon [_thread_blocked, id=78196, stack(0x000000bfed200000,0x000000bfed300000)]
  0x000001eefcc6e550 JavaThread "AWT-Shutdown" [_thread_blocked, id=117684, stack(0x000000bfed300000,0x000000bfed400000)]
  0x000001eefe0a8030 JavaThread "AWT-Windows" daemon [_thread_in_native, id=130760, stack(0x000000bfed400000,0x000000bfed500000)]
  0x000001eea565ac20 JavaThread "AWT-EventQueue-0" [_thread_blocked, id=107812, stack(0x000000bfed790000,0x000000bfed890000)]
  0x000001eef2a14ac0 JavaThread "DestroyJavaVM" [_thread_blocked, id=139016, stack(0x000000bfebf00000,0x000000bfec000000)]
  0x000001eea56a6500 JavaThread "D3D Screen Updater" daemon [_thread_blocked, id=104368, stack(0x000000bfed890000,0x000000bfed990000)]
  0x000001eea57942d0 JavaThread "TimerQueue" daemon [_thread_blocked, id=86152, stack(0x000000bfedaa0000,0x000000bfedba0000)]

Other Threads:
=>0x000001eefc904fe0 VMThread "VM Thread" [stack: 0x000000bfec400000,0x000000bfec500000] [id=51740]
  0x000001eefcae0c00 WatcherThread [stack: 0x000000bfed000000,0x000000bfed100000] [id=138784]
  0x000001eef2aa64f0 GCTaskThread "GC Thread#0" [stack: 0x000000bfebe00000,0x000000bfebf00000] [id=83196]
  0x000001eea5adde10 GCTaskThread "GC Thread#1" [stack: 0x000000bfedba0000,0x000000bfedca0000] [id=125612]
  0x000001eea5ade120 GCTaskThread "GC Thread#2" [stack: 0x000000bfedd30000,0x000000bfede30000] [id=137416]
  0x000001eea5ade430 GCTaskThread "GC Thread#3" [stack: 0x000000bfede30000,0x000000bfedf30000] [id=132124]
  0x000001eea5ade740 GCTaskThread "GC Thread#4" [stack: 0x000000bfedf30000,0x000000bfee030000] [id=111988]
  0x000001eea5aded60 GCTaskThread "GC Thread#5" [stack: 0x000000bfee030000,0x000000bfee130000] [id=107348]
  0x000001eea5ae0c00 GCTaskThread "GC Thread#6" [stack: 0x000000bfee130000,0x000000bfee230000] [id=107284]
  0x000001eea5ae05e0 GCTaskThread "GC Thread#7" [stack: 0x000000bfee230000,0x000000bfee330000] [id=53580]
  0x000001eea5ae2790 GCTaskThread "GC Thread#8" [stack: 0x000000bfee330000,0x000000bfee430000] [id=121500]
  0x000001eea5ae1840 GCTaskThread "GC Thread#9" [stack: 0x000000bfee430000,0x000000bfee530000] [id=119068]
  0x000001eea5adf690 GCTaskThread "GC Thread#10" [stack: 0x000000bfee530000,0x000000bfee630000] [id=24440]
  0x000001eea5ae02d0 GCTaskThread "GC Thread#11" [stack: 0x000000bfee630000,0x000000bfee730000] [id=22424]
  0x000001eef2ab7530 ConcurrentGCThread "G1 Main Marker" [stack: 0x000000bfec000000,0x000000bfec100000] [id=102064]
  0x000001eef2ab8d50 ConcurrentGCThread "G1 Conc#0" [stack: 0x000000bfec100000,0x000000bfec200000] [id=125292]
  0x000001eefbeb9ff0 ConcurrentGCThread "G1 Refine#0" [stack: 0x000000bfec200000,0x000000bfec300000] [id=81524]
  0x000001eefbebaaf0 ConcurrentGCThread "G1 Service" [stack: 0x000000bfec300000,0x000000bfec400000] [id=138916]

Threads with active compile tasks:

VM state: at safepoint (normal execution)

VM Mutex/Monitor currently owned by a thread:  ([mutex/lock_event])
[0x000001eef2a11690] Threads_lock - owner thread: 0x000001eefc904fe0
[0x000001eef2a10fd0] Heap_lock - owner thread: 0x000001eea565ac20

Heap address: 0x0000000602000000, size: 8160 MB, Compressed Oops mode: Zero based, Oop shift amount: 3

CDS disabled.
Compressed class space mapped at: 0x0000000800000000-0x0000000840000000, reserved size: 1073741824
Narrow klass base: 0x0000000800000000, Narrow klass shift: 0, Narrow klass range: 0x40000000

GC Precious Log:
 CPUs: 16 total, 16 available
 Memory: 32634M
 Large Page Support: Disabled
 NUMA Support: Disabled
 Compressed Oops: Enabled (Zero based)
 Heap Region Size: 4M
 Heap Min Capacity: 8M
 Heap Initial Capacity: 512M
 Heap Max Capacity: 8160M
 Pre-touch: Disabled
 Parallel Workers: 13
 Concurrent Workers: 3
 Concurrent Refinement Workers: 13
 Periodic GC: Disabled

Heap:
 garbage-first heap   total 524288K, used 159605K [0x0000000602000000, 0x0000000800000000)
  region size 4096K, 1 young (4096K), 1 survivors (4096K)
 Metaspace       used 15844K, committed 16000K, reserved 1064960K
  class space    used 1505K, committed 1600K, reserved 1048576K

Heap Regions: E=young(eden), S=young(survivor), O=old, HS=humongous(starts), HC=humongous(continues), CS=collection set, F=free, OA=open archive, CA=closed archive, TAMS=top-at-mark-start (previous, next)
|   0|0x0000000602000000, 0x0000000602400000, 0x0000000602400000|100%| O|  |TAMS 0x0000000602000000, 0x0000000602000000| Untracked 
|   1|0x0000000602400000, 0x0000000602800000, 0x0000000602800000|100%| O|  |TAMS 0x0000000602400000, 0x0000000602400000| Untracked 
|   2|0x0000000602800000, 0x0000000602c00000, 0x0000000602c00000|100%| O|  |TAMS 0x0000000602800000, 0x0000000602800000| Untracked 
|   3|0x0000000602c00000, 0x0000000603000000, 0x0000000603000000|100%| O|  |TAMS 0x0000000602c00000, 0x0000000602c00000| Untracked 
|   4|0x0000000603000000, 0x0000000603400000, 0x0000000603400000|100%| O|  |TAMS 0x0000000603000000, 0x0000000603000000| Untracked 
|   5|0x0000000603400000, 0x0000000603800000, 0x0000000603800000|100%| O|  |TAMS 0x0000000603400000, 0x0000000603400000| Untracked 
|   6|0x0000000603800000, 0x0000000603c00000, 0x0000000603c00000|100%| O|  |TAMS 0x0000000603800000, 0x0000000603800000| Untracked 
|   7|0x0000000603c00000, 0x0000000604000000, 0x0000000604000000|100%| O|  |TAMS 0x0000000603c00000, 0x0000000603c00000| Untracked 
|   8|0x0000000604000000, 0x0000000604400000, 0x0000000604400000|100%| O|  |TAMS 0x0000000604000000, 0x0000000604000000| Untracked 
|   9|0x0000000604400000, 0x0000000604800000, 0x0000000604800000|100%| O|  |TAMS 0x0000000604400000, 0x0000000604400000| Untracked 
|  10|0x0000000604800000, 0x0000000604c00000, 0x0000000604c00000|100%| O|  |TAMS 0x0000000604800000, 0x0000000604800000| Untracked 
|  11|0x0000000604c00000, 0x0000000605000000, 0x0000000605000000|100%| O|  |TAMS 0x0000000604c00000, 0x0000000604c00000| Untracked 
|  12|0x0000000605000000, 0x0000000605400000, 0x0000000605400000|100%| O|  |TAMS 0x0000000605000000, 0x0000000605000000| Untracked 
|  13|0x0000000605400000, 0x0000000605800000, 0x0000000605800000|100%| O|  |TAMS 0x0000000605400000, 0x0000000605400000| Untracked 
|  14|0x0000000605800000, 0x0000000605c00000, 0x0000000605c00000|100%| O|  |TAMS 0x0000000605800000, 0x0000000605800000| Untracked 
|  15|0x0000000605c00000, 0x0000000606000000, 0x0000000606000000|100%| O|  |TAMS 0x0000000605c00000, 0x0000000605c00000| Untracked 
|  16|0x0000000606000000, 0x0000000606400000, 0x0000000606400000|100%| O|  |TAMS 0x0000000606000000, 0x0000000606000000| Untracked 
|  17|0x0000000606400000, 0x0000000606800000, 0x0000000606800000|100%| O|  |TAMS 0x0000000606400000, 0x0000000606400000| Untracked 
|  18|0x0000000606800000, 0x0000000606c00000, 0x0000000606c00000|100%| O|  |TAMS 0x0000000606800000, 0x0000000606800000| Untracked 
|  19|0x0000000606c00000, 0x0000000607000000, 0x0000000607000000|100%| O|  |TAMS 0x0000000606c00000, 0x0000000606c00000| Untracked 
|  20|0x0000000607000000, 0x0000000607400000, 0x0000000607400000|100%| O|  |TAMS 0x0000000607000000, 0x0000000607000000| Untracked 
|  21|0x0000000607400000, 0x0000000607800000, 0x0000000607800000|100%| O|  |TAMS 0x0000000607400000, 0x0000000607400000| Untracked 
|  22|0x0000000607800000, 0x0000000607c00000, 0x0000000607c00000|100%| O|  |TAMS 0x0000000607800000, 0x0000000607800000| Untracked 
|  23|0x0000000607c00000, 0x0000000608000000, 0x0000000608000000|100%| O|  |TAMS 0x0000000607c00000, 0x0000000607c00000| Untracked 
|  24|0x0000000608000000, 0x0000000608400000, 0x0000000608400000|100%| O|  |TAMS 0x0000000608000000, 0x0000000608000000| Untracked 
|  25|0x0000000608400000, 0x0000000608800000, 0x0000000608800000|100%| O|  |TAMS 0x0000000608400000, 0x0000000608400000| Untracked 
|  26|0x0000000608800000, 0x0000000608c00000, 0x0000000608c00000|100%| O|  |TAMS 0x0000000608800000, 0x0000000608800000| Untracked 
|  27|0x0000000608c00000, 0x0000000609000000, 0x0000000609000000|100%| O|  |TAMS 0x0000000608c00000, 0x0000000608c00000| Untracked 
|  28|0x0000000609000000, 0x0000000609400000, 0x0000000609400000|100%| O|  |TAMS 0x0000000609000000, 0x0000000609000000| Untracked 
|  29|0x0000000609400000, 0x0000000609800000, 0x0000000609800000|100%| O|  |TAMS 0x0000000609400000, 0x0000000609400000| Untracked 
|  30|0x0000000609800000, 0x0000000609c00000, 0x0000000609c00000|100%| O|  |TAMS 0x0000000609800000, 0x0000000609800000| Untracked 
|  31|0x0000000609c00000, 0x000000060a000000, 0x000000060a000000|100%| O|  |TAMS 0x0000000609c00000, 0x0000000609c00000| Untracked 
|  32|0x000000060a000000, 0x000000060a400000, 0x000000060a400000|100%| O|  |TAMS 0x000000060a000000, 0x000000060a000000| Untracked 
|  33|0x000000060a400000, 0x000000060a800000, 0x000000060a800000|100%| O|  |TAMS 0x000000060a400000, 0x000000060a400000| Untracked 
|  34|0x000000060a800000, 0x000000060ac00000, 0x000000060ac00000|100%| O|  |TAMS 0x000000060a800000, 0x000000060a800000| Untracked 
|  35|0x000000060ac00000, 0x000000060b000000, 0x000000060b000000|100%| O|  |TAMS 0x000000060ac00000, 0x000000060ac00000| Untracked 
|  36|0x000000060b000000, 0x000000060b400000, 0x000000060b400000|100%| O|  |TAMS 0x000000060b000000, 0x000000060b000000| Untracked 
|  37|0x000000060b400000, 0x000000060b800000, 0x000000060b800000|100%| O|  |TAMS 0x000000060b400000, 0x000000060b400000| Untracked 
|  38|0x000000060b800000, 0x000000060bbcd800, 0x000000060bc00000| 95%| O|  |TAMS 0x000000060b800000, 0x000000060b800000| Untracked 
|  39|0x000000060bc00000, 0x000000060bc00000, 0x000000060c000000|  0%| F|  |TAMS 0x000000060bc00000, 0x000000060bc00000| Untracked 
|  40|0x000000060c000000, 0x000000060c000000, 0x000000060c400000|  0%| F|  |TAMS 0x000000060c000000, 0x000000060c000000| Untracked 
|  41|0x000000060c400000, 0x000000060c400000, 0x000000060c800000|  0%| F|  |TAMS 0x000000060c400000, 0x000000060c400000| Untracked 
|  42|0x000000060c800000, 0x000000060c800000, 0x000000060cc00000|  0%| F|  |TAMS 0x000000060c800000, 0x000000060c800000| Untracked 
|  43|0x000000060cc00000, 0x000000060cc00000, 0x000000060d000000|  0%| F|  |TAMS 0x000000060cc00000, 0x000000060cc00000| Untracked 
|  44|0x000000060d000000, 0x000000060d000000, 0x000000060d400000|  0%| F|  |TAMS 0x000000060d000000, 0x000000060d000000| Untracked 
|  45|0x000000060d400000, 0x000000060d400000, 0x000000060d800000|  0%| F|  |TAMS 0x000000060d400000, 0x000000060d400000| Untracked 
|  46|0x000000060d800000, 0x000000060d800000, 0x000000060dc00000|  0%| F|  |TAMS 0x000000060d800000, 0x000000060d800000| Untracked 
|  47|0x000000060dc00000, 0x000000060dc00000, 0x000000060e000000|  0%| F|  |TAMS 0x000000060dc00000, 0x000000060dc00000| Untracked 
|  48|0x000000060e000000, 0x000000060e000000, 0x000000060e400000|  0%| F|  |TAMS 0x000000060e000000, 0x000000060e000000| Untracked 
|  49|0x000000060e400000, 0x000000060e400000, 0x000000060e800000|  0%| F|  |TAMS 0x000000060e400000, 0x000000060e400000| Untracked 
|  50|0x000000060e800000, 0x000000060e800000, 0x000000060ec00000|  0%| F|  |TAMS 0x000000060e800000, 0x000000060e800000| Untracked 
|  51|0x000000060ec00000, 0x000000060ec00000, 0x000000060f000000|  0%| F|  |TAMS 0x000000060ec00000, 0x000000060ec00000| Untracked 
|  52|0x000000060f000000, 0x000000060f00fe50, 0x000000060f400000|  1%| S|CS|TAMS 0x000000060f000000, 0x000000060f000000| Complete 
|  53|0x000000060f400000, 0x000000060f400000, 0x000000060f800000|  0%| F|  |TAMS 0x000000060f400000, 0x000000060f400000| Untracked 
|  54|0x000000060f800000, 0x000000060f800000, 0x000000060fc00000|  0%| F|  |TAMS 0x000000060f800000, 0x000000060f800000| Untracked 
|  55|0x000000060fc00000, 0x000000060fc00000, 0x0000000610000000|  0%| F|  |TAMS 0x000000060fc00000, 0x000000060fc00000| Untracked 
|  56|0x0000000610000000, 0x0000000610000000, 0x0000000610400000|  0%| F|  |TAMS 0x0000000610000000, 0x0000000610000000| Untracked 
|  57|0x0000000610400000, 0x0000000610400000, 0x0000000610800000|  0%| F|  |TAMS 0x0000000610400000, 0x0000000610400000| Untracked 
|  58|0x0000000610800000, 0x0000000610800000, 0x0000000610c00000|  0%| F|  |TAMS 0x0000000610800000, 0x0000000610800000| Untracked 
|  59|0x0000000610c00000, 0x0000000610c00000, 0x0000000611000000|  0%| F|  |TAMS 0x0000000610c00000, 0x0000000610c00000| Untracked 
|  60|0x0000000611000000, 0x0000000611000000, 0x0000000611400000|  0%| F|  |TAMS 0x0000000611000000, 0x0000000611000000| Untracked 
|  61|0x0000000611400000, 0x0000000611400000, 0x0000000611800000|  0%| F|  |TAMS 0x0000000611400000, 0x0000000611400000| Untracked 
|  62|0x0000000611800000, 0x0000000611800000, 0x0000000611c00000|  0%| F|  |TAMS 0x0000000611800000, 0x0000000611800000| Untracked 
|  63|0x0000000611c00000, 0x0000000611c00000, 0x0000000612000000|  0%| F|  |TAMS 0x0000000611c00000, 0x0000000611c00000| Untracked 
|  64|0x0000000612000000, 0x0000000612000000, 0x0000000612400000|  0%| F|  |TAMS 0x0000000612000000, 0x0000000612000000| Untracked 
|  65|0x0000000612400000, 0x0000000612400000, 0x0000000612800000|  0%| F|  |TAMS 0x0000000612400000, 0x0000000612400000| Untracked 
|  66|0x0000000612800000, 0x0000000612800000, 0x0000000612c00000|  0%| F|  |TAMS 0x0000000612800000, 0x0000000612800000| Untracked 
|  67|0x0000000612c00000, 0x0000000612c00000, 0x0000000613000000|  0%| F|  |TAMS 0x0000000612c00000, 0x0000000612c00000| Untracked 
|  68|0x0000000613000000, 0x0000000613000000, 0x0000000613400000|  0%| F|  |TAMS 0x0000000613000000, 0x0000000613000000| Untracked 
|  69|0x0000000613400000, 0x0000000613400000, 0x0000000613800000|  0%| F|  |TAMS 0x0000000613400000, 0x0000000613400000| Untracked 
|  70|0x0000000613800000, 0x0000000613800000, 0x0000000613c00000|  0%| F|  |TAMS 0x0000000613800000, 0x0000000613800000| Untracked 
|  71|0x0000000613c00000, 0x0000000613c00000, 0x0000000614000000|  0%| F|  |TAMS 0x0000000613c00000, 0x0000000613c00000| Untracked 
|  72|0x0000000614000000, 0x0000000614000000, 0x0000000614400000|  0%| F|  |TAMS 0x0000000614000000, 0x0000000614000000| Untracked 
|  73|0x0000000614400000, 0x0000000614400000, 0x0000000614800000|  0%| F|  |TAMS 0x0000000614400000, 0x0000000614400000| Untracked 
|  74|0x0000000614800000, 0x0000000614800000, 0x0000000614c00000|  0%| F|  |TAMS 0x0000000614800000, 0x0000000614800000| Untracked 
|  75|0x0000000614c00000, 0x0000000614c00000, 0x0000000615000000|  0%| F|  |TAMS 0x0000000614c00000, 0x0000000614c00000| Untracked 
|  76|0x0000000615000000, 0x0000000615000000, 0x0000000615400000|  0%| F|  |TAMS 0x0000000615000000, 0x0000000615000000| Untracked 
|  77|0x0000000615400000, 0x0000000615400000, 0x0000000615800000|  0%| F|  |TAMS 0x0000000615400000, 0x0000000615400000| Untracked 
|  78|0x0000000615800000, 0x0000000615800000, 0x0000000615c00000|  0%| F|  |TAMS 0x0000000615800000, 0x0000000615800000| Untracked 
|  79|0x0000000615c00000, 0x0000000615c00000, 0x0000000616000000|  0%| F|  |TAMS 0x0000000615c00000, 0x0000000615c00000| Untracked 
|  80|0x0000000616000000, 0x0000000616000000, 0x0000000616400000|  0%| F|  |TAMS 0x0000000616000000, 0x0000000616000000| Untracked 
|  81|0x0000000616400000, 0x0000000616400000, 0x0000000616800000|  0%| F|  |TAMS 0x0000000616400000, 0x0000000616400000| Untracked 
|  82|0x0000000616800000, 0x0000000616800000, 0x0000000616c00000|  0%| F|  |TAMS 0x0000000616800000, 0x0000000616800000| Untracked 
|  83|0x0000000616c00000, 0x0000000616c00000, 0x0000000617000000|  0%| F|  |TAMS 0x0000000616c00000, 0x0000000616c00000| Untracked 
|  84|0x0000000617000000, 0x0000000617000000, 0x0000000617400000|  0%| F|  |TAMS 0x0000000617000000, 0x0000000617000000| Untracked 
|  85|0x0000000617400000, 0x0000000617400000, 0x0000000617800000|  0%| F|  |TAMS 0x0000000617400000, 0x0000000617400000| Untracked 
|  86|0x0000000617800000, 0x0000000617800000, 0x0000000617c00000|  0%| F|  |TAMS 0x0000000617800000, 0x0000000617800000| Untracked 
|  87|0x0000000617c00000, 0x0000000617c00000, 0x0000000618000000|  0%| F|  |TAMS 0x0000000617c00000, 0x0000000617c00000| Untracked 
|  88|0x0000000618000000, 0x0000000618000000, 0x0000000618400000|  0%| F|  |TAMS 0x0000000618000000, 0x0000000618000000| Untracked 
|  89|0x0000000618400000, 0x0000000618400000, 0x0000000618800000|  0%| F|  |TAMS 0x0000000618400000, 0x0000000618400000| Untracked 
|  90|0x0000000618800000, 0x0000000618800000, 0x0000000618c00000|  0%| F|  |TAMS 0x0000000618800000, 0x0000000618800000| Untracked 
|  91|0x0000000618c00000, 0x0000000618c00000, 0x0000000619000000|  0%| F|  |TAMS 0x0000000618c00000, 0x0000000618c00000| Untracked 
|  92|0x0000000619000000, 0x0000000619000000, 0x0000000619400000|  0%| F|  |TAMS 0x0000000619000000, 0x0000000619000000| Untracked 
|  93|0x0000000619400000, 0x0000000619400000, 0x0000000619800000|  0%| F|  |TAMS 0x0000000619400000, 0x0000000619400000| Untracked 
|  94|0x0000000619800000, 0x0000000619800000, 0x0000000619c00000|  0%| F|  |TAMS 0x0000000619800000, 0x0000000619800000| Untracked 
|  95|0x0000000619c00000, 0x0000000619c00000, 0x000000061a000000|  0%| F|  |TAMS 0x0000000619c00000, 0x0000000619c00000| Untracked 
|  96|0x000000061a000000, 0x000000061a000000, 0x000000061a400000|  0%| F|  |TAMS 0x000000061a000000, 0x000000061a000000| Untracked 
|  97|0x000000061a400000, 0x000000061a400000, 0x000000061a800000|  0%| F|  |TAMS 0x000000061a400000, 0x000000061a400000| Untracked 
|  98|0x000000061a800000, 0x000000061a800000, 0x000000061ac00000|  0%| F|  |TAMS 0x000000061a800000, 0x000000061a800000| Untracked 
|  99|0x000000061ac00000, 0x000000061ac00000, 0x000000061b000000|  0%| F|  |TAMS 0x000000061ac00000, 0x000000061ac00000| Untracked 
| 100|0x000000061b000000, 0x000000061b000000, 0x000000061b400000|  0%| F|  |TAMS 0x000000061b000000, 0x000000061b000000| Untracked 
| 101|0x000000061b400000, 0x000000061b400000, 0x000000061b800000|  0%| F|  |TAMS 0x000000061b400000, 0x000000061b400000| Untracked 
| 102|0x000000061b800000, 0x000000061b800000, 0x000000061bc00000|  0%| F|  |TAMS 0x000000061b800000, 0x000000061b800000| Untracked 
| 103|0x000000061bc00000, 0x000000061bc00000, 0x000000061c000000|  0%| F|  |TAMS 0x000000061bc00000, 0x000000061bc00000| Untracked 
| 104|0x000000061c000000, 0x000000061c000000, 0x000000061c400000|  0%| F|  |TAMS 0x000000061c000000, 0x000000061c000000| Untracked 
| 105|0x000000061c400000, 0x000000061c400000, 0x000000061c800000|  0%| F|  |TAMS 0x000000061c400000, 0x000000061c400000| Untracked 
| 106|0x000000061c800000, 0x000000061c800000, 0x000000061cc00000|  0%| F|  |TAMS 0x000000061c800000, 0x000000061c800000| Untracked 
| 107|0x000000061cc00000, 0x000000061cc00000, 0x000000061d000000|  0%| F|  |TAMS 0x000000061cc00000, 0x000000061cc00000| Untracked 
| 108|0x000000061d000000, 0x000000061d000000, 0x000000061d400000|  0%| F|  |TAMS 0x000000061d000000, 0x000000061d000000| Untracked 
| 109|0x000000061d400000, 0x000000061d400000, 0x000000061d800000|  0%| F|  |TAMS 0x000000061d400000, 0x000000061d400000| Untracked 
| 110|0x000000061d800000, 0x000000061d800000, 0x000000061dc00000|  0%| F|  |TAMS 0x000000061d800000, 0x000000061d800000| Untracked 
| 111|0x000000061dc00000, 0x000000061dc00000, 0x000000061e000000|  0%| F|  |TAMS 0x000000061dc00000, 0x000000061dc00000| Untracked 
| 112|0x000000061e000000, 0x000000061e000000, 0x000000061e400000|  0%| F|  |TAMS 0x000000061e000000, 0x000000061e000000| Untracked 
| 113|0x000000061e400000, 0x000000061e400000, 0x000000061e800000|  0%| F|  |TAMS 0x000000061e400000, 0x000000061e400000| Untracked 
| 114|0x000000061e800000, 0x000000061e800000, 0x000000061ec00000|  0%| F|  |TAMS 0x000000061e800000, 0x000000061e800000| Untracked 
| 115|0x000000061ec00000, 0x000000061ec00000, 0x000000061f000000|  0%| F|  |TAMS 0x000000061ec00000, 0x000000061ec00000| Untracked 
| 116|0x000000061f000000, 0x000000061f000000, 0x000000061f400000|  0%| F|  |TAMS 0x000000061f000000, 0x000000061f000000| Untracked 
| 117|0x000000061f400000, 0x000000061f400000, 0x000000061f800000|  0%| F|  |TAMS 0x000000061f400000, 0x000000061f400000| Untracked 
| 118|0x000000061f800000, 0x000000061f800000, 0x000000061fc00000|  0%| F|  |TAMS 0x000000061f800000, 0x000000061f800000| Untracked 
| 119|0x000000061fc00000, 0x000000061fc00000, 0x0000000620000000|  0%| F|  |TAMS 0x000000061fc00000, 0x000000061fc00000| Untracked 
| 120|0x0000000620000000, 0x0000000620000000, 0x0000000620400000|  0%| F|  |TAMS 0x0000000620000000, 0x0000000620000000| Untracked 
| 121|0x0000000620400000, 0x0000000620400000, 0x0000000620800000|  0%| F|  |TAMS 0x0000000620400000, 0x0000000620400000| Untracked 
| 122|0x0000000620800000, 0x0000000620800000, 0x0000000620c00000|  0%| F|  |TAMS 0x0000000620800000, 0x0000000620800000| Untracked 
| 123|0x0000000620c00000, 0x0000000620c00000, 0x0000000621000000|  0%| F|  |TAMS 0x0000000620c00000, 0x0000000620c00000| Untracked 
| 124|0x0000000621000000, 0x0000000621000000, 0x0000000621400000|  0%| F|  |TAMS 0x0000000621000000, 0x0000000621000000| Untracked 
| 125|0x0000000621400000, 0x0000000621400000, 0x0000000621800000|  0%| F|  |TAMS 0x0000000621400000, 0x0000000621400000| Untracked 
| 126|0x0000000621800000, 0x0000000621800000, 0x0000000621c00000|  0%| F|  |TAMS 0x0000000621800000, 0x0000000621800000| Untracked 
| 127|0x0000000621c00000, 0x0000000621c00000, 0x0000000622000000|  0%| F|  |TAMS 0x0000000621c00000, 0x0000000621c00000| Untracked 

Card table byte_map: [0x000001eef77e0000,0x000001eef87d0000] _byte_map_base: 0x000001eef47d0000

Marking Bits (Prev, Next): (CMBitMap*) 0x000001eef2aa6be0, (CMBitMap*) 0x000001eef2aa6c20
 Prev Bits: [0x000001ee8f000000, 0x000001ee96f80000)
 Next Bits: [0x000001ee96f80000, 0x000001ee9ef00000)

Polling page: 0x000001eef08a0000

Metaspace:

Usage:
  Non-class:     14.00 MB used.
      Class:      1.47 MB used.
       Both:     15.47 MB used.

Virtual space:
  Non-class space:       16.00 MB reserved,      14.06 MB ( 88%) committed,  2 nodes.
      Class space:        1.00 GB reserved,       1.56 MB ( <1%) committed,  1 nodes.
              Both:        1.02 GB reserved,      15.62 MB (  2%) committed. 

Chunk freelists:
   Non-Class:  1.00 MB
       Class:  2.25 MB
        Both:  3.25 MB

MaxMetaspaceSize: 17179869184.00 GB
CompressedClassSpaceSize: 1.00 GB
 - commit_granule_bytes: 65536.
 - commit_granule_words: 8192.
 - virtual_space_node_default_size: 1048576.
 - enlarge_chunks_in_place: 1.
 - new_chunks_are_fully_committed: 0.
 - uncommit_free_chunks: 1.
 - use_allocation_guard: 0.
 - handle_deallocations: 1.


Internal statistics:

num_allocs_failed_limit: 0.
num_arena_births: 116.
num_arena_deaths: 0.
num_vsnodes_births: 3.
num_vsnodes_deaths: 0.
num_space_committed: 250.
num_space_uncommitted: 0.
num_chunks_returned_to_freelist: 0.
num_chunks_taken_from_freelist: 203.
num_chunk_merges: 0.
num_chunk_splits: 104.
num_chunks_enlarged: 52.
num_purges: 0.

CodeHeap 'non-profiled nmethods': size=119168Kb used=1948Kb max_used=1948Kb free=117219Kb
 bounds [0x000001ee87ba0000, 0x000001ee87e10000, 0x000001ee8f000000]
CodeHeap 'profiled nmethods': size=119104Kb used=4455Kb max_used=4455Kb free=114648Kb
 bounds [0x000001ee80750000, 0x000001ee80bb0000, 0x000001ee87ba0000]
CodeHeap 'non-nmethods': size=7488Kb used=1277Kb max_used=2967Kb free=6210Kb
 bounds [0x000001ee80000000, 0x000001ee80300000, 0x000001ee80750000]
 total_blobs=3024 nmethods=2430 adapters=506
 compilation: enabled
              stopped_count=0, restarted_count=0
 full_count=0

Compilation events (20 events):
Event: 2018.109 Thread 0x000001eefc9607f0 2425 % !   3       sun.java2d.d3d.D3DScreenUpdateManager::run @ 0 (267 bytes)
Event: 2018.116 Thread 0x000001eefc9607f0 nmethod 2425% 0x000001ee80b9de90 code [0x000001ee80b9e2e0, 0x000001ee80ba0b08]
Event: 2055.185 Thread 0x000001eefc9607f0 2426 % !   3       sun.java2d.d3d.D3DScreenUpdateManager::run @ 105 (267 bytes)
Event: 2055.188 Thread 0x000001eefc9607f0 nmethod 2426% 0x000001ee80ba1a90 code [0x000001ee80ba1f00, 0x000001ee80ba47a8]
Event: 2092.065 Thread 0x000001eefc9607f0 2427   !   3       sun.java2d.d3d.D3DScreenUpdateManager::run (267 bytes)
Event: 2092.068 Thread 0x000001eefc9607f0 nmethod 2427 0x000001ee80ba5810 code [0x000001ee80ba5c60, 0x000001ee80ba8428]
Event: 2728.334 Thread 0x000001eefc950670 2428   !   4       java.lang.ref.Reference::processPendingReferences (132 bytes)
Event: 2728.345 Thread 0x000001eefc950670 nmethod 2428 0x000001ee87d81090 code [0x000001ee87d812a0, 0x000001ee87d81eb0]
Event: 2911.721 Thread 0x000001eefc950670 2429 %     4       java.awt.EventDispatchThread::pumpEventsForFilter @ 10 (47 bytes)
Event: 2911.727 Thread 0x000001eefc950670 nmethod 2429% 0x000001ee87d82210 code [0x000001ee87d823a0, 0x000001ee87d82608]
Event: 3117.231 Thread 0x000001eefc950670 2430 % !   4       javax.swing.TimerQueue::run @ 9 (242 bytes)
Event: 3117.281 Thread 0x000001eefc950670 nmethod 2430% 0x000001ee87d82790 code [0x000001ee87d82a00, 0x000001ee87d83710]
Event: 3306.955 Thread 0x000001eefc9607f0 2431   !   3       jdk.internal.ref.PhantomCleanable::isListEmpty (34 bytes)
Event: 3306.957 Thread 0x000001eefc9607f0 nmethod 2431 0x000001ee80ba9390 code [0x000001ee80ba9540, 0x000001ee80ba9798]
Event: 3306.957 Thread 0x000001eefc9607f0 2432       3       jdk.internal.misc.InnocuousThread::eraseThreadLocals (23 bytes)
Event: 3306.957 Thread 0x000001eefc9607f0 nmethod 2432 0x000001ee80ba9890 code [0x000001ee80ba9a40, 0x000001ee80ba9c38]
Event: 3499.033 Thread 0x000001eefc950670 2433 % !   4       sun.java2d.d3d.D3DScreenUpdateManager::run @ 105 (267 bytes)
Event: 3499.059 Thread 0x000001eefc950670 nmethod 2433% 0x000001ee87d84410 code [0x000001ee87d84600, 0x000001ee87d85458]
Event: 3795.304 Thread 0x000001eefc950670 2434 % !   4       sun.java2d.d3d.D3DScreenUpdateManager::run @ 0 (267 bytes)
Event: 3795.317 Thread 0x000001eefc950670 nmethod 2434% 0x000001ee87d85c10 code [0x000001ee87d85e00, 0x000001ee87d86a58]

GC Heap History (20 events):
Event: 7707.755 GC heap after
{Heap after GC invocations=12315 (full 0):
 garbage-first heap   total 524288K, used 159527K [0x0000000602000000, 0x0000000800000000)
  region size 4096K, 1 young (4096K), 1 survivors (4096K)
 Metaspace       used 15844K, committed 16000K, reserved 1064960K
  class space    used 1505K, committed 1600K, reserved 1048576K
}
Event: 7708.228 GC heap before
{Heap before GC invocations=12315 (full 0):
 garbage-first heap   total 524288K, used 462631K [0x0000000602000000, 0x0000000800000000)
  region size 4096K, 75 young (307200K), 1 survivors (4096K)
 Metaspace       used 15844K, committed 16000K, reserved 1064960K
  class space    used 1505K, committed 1600K, reserved 1048576K
}
Event: 7708.296 GC heap after
{Heap after GC invocations=12316 (full 0):
 garbage-first heap   total 524288K, used 159546K [0x0000000602000000, 0x0000000800000000)
  region size 4096K, 1 young (4096K), 1 survivors (4096K)
 Metaspace       used 15844K, committed 16000K, reserved 1064960K
  class space    used 1505K, committed 1600K, reserved 1048576K
}
Event: 7708.819 GC heap before
{Heap before GC invocations=12316 (full 0):
 garbage-first heap   total 524288K, used 462650K [0x0000000602000000, 0x0000000800000000)
  region size 4096K, 75 young (307200K), 1 survivors (4096K)
 Metaspace       used 15844K, committed 16000K, reserved 1064960K
  class space    used 1505K, committed 1600K, reserved 1048576K
}
Event: 7708.864 GC heap after
{Heap after GC invocations=12317 (full 0):
 garbage-first heap   total 524288K, used 159555K [0x0000000602000000, 0x0000000800000000)
  region size 4096K, 1 young (4096K), 1 survivors (4096K)
 Metaspace       used 15844K, committed 16000K, reserved 1064960K
  class space    used 1505K, committed 1600K, reserved 1048576K
}
Event: 7709.499 GC heap before
{Heap before GC invocations=12317 (full 0):
 garbage-first heap   total 524288K, used 462659K [0x0000000602000000, 0x0000000800000000)
  region size 4096K, 75 young (307200K), 1 survivors (4096K)
 Metaspace       used 15844K, committed 16000K, reserved 1064960K
  class space    used 1505K, committed 1600K, reserved 1048576K
}
Event: 7709.500 GC heap after
{Heap after GC invocations=12318 (full 0):
 garbage-first heap   total 524288K, used 159563K [0x0000000602000000, 0x0000000800000000)
  region size 4096K, 1 young (4096K), 1 survivors (4096K)
 Metaspace       used 15844K, committed 16000K, reserved 1064960K
  class space    used 1505K, committed 1600K, reserved 1048576K
}
Event: 7710.013 GC heap before
{Heap before GC invocations=12318 (full 0):
 garbage-first heap   total 524288K, used 462667K [0x0000000602000000, 0x0000000800000000)
  region size 4096K, 75 young (307200K), 1 survivors (4096K)
 Metaspace       used 15844K, committed 16000K, reserved 1064960K
  class space    used 1505K, committed 1600K, reserved 1048576K
}
Event: 7710.014 GC heap after
{Heap after GC invocations=12319 (full 0):
 garbage-first heap   total 524288K, used 159566K [0x0000000602000000, 0x0000000800000000)
  region size 4096K, 1 young (4096K), 1 survivors (4096K)
 Metaspace       used 15844K, committed 16000K, reserved 1064960K
  class space    used 1505K, committed 1600K, reserved 1048576K
}
Event: 7710.508 GC heap before
{Heap before GC invocations=12319 (full 0):
 garbage-first heap   total 524288K, used 462670K [0x0000000602000000, 0x0000000800000000)
  region size 4096K, 75 young (307200K), 1 survivors (4096K)
 Metaspace       used 15844K, committed 16000K, reserved 1064960K
  class space    used 1505K, committed 1600K, reserved 1048576K
}
Event: 7710.509 GC heap after
{Heap after GC invocations=12320 (full 0):
 garbage-first heap   total 524288K, used 159569K [0x0000000602000000, 0x0000000800000000)
  region size 4096K, 1 young (4096K), 1 survivors (4096K)
 Metaspace       used 15844K, committed 16000K, reserved 1064960K
  class space    used 1505K, committed 1600K, reserved 1048576K
}
Event: 7711.087 GC heap before
{Heap before GC invocations=12320 (full 0):
 garbage-first heap   total 524288K, used 462673K [0x0000000602000000, 0x0000000800000000)
  region size 4096K, 75 young (307200K), 1 survivors (4096K)
 Metaspace       used 15844K, committed 16000K, reserved 1064960K
  class space    used 1505K, committed 1600K, reserved 1048576K
}
Event: 7711.088 GC heap after
{Heap after GC invocations=12321 (full 0):
 garbage-first heap   total 524288K, used 159576K [0x0000000602000000, 0x0000000800000000)
  region size 4096K, 1 young (4096K), 1 survivors (4096K)
 Metaspace       used 15844K, committed 16000K, reserved 1064960K
  class space    used 1505K, committed 1600K, reserved 1048576K
}
Event: 7711.724 GC heap before
{Heap before GC invocations=12321 (full 0):
 garbage-first heap   total 524288K, used 462680K [0x0000000602000000, 0x0000000800000000)
  region size 4096K, 75 young (307200K), 1 survivors (4096K)
 Metaspace       used 15844K, committed 16000K, reserved 1064960K
  class space    used 1505K, committed 1600K, reserved 1048576K
}
Event: 7711.726 GC heap after
{Heap after GC invocations=12322 (full 0):
 garbage-first heap   total 524288K, used 159575K [0x0000000602000000, 0x0000000800000000)
  region size 4096K, 1 young (4096K), 1 survivors (4096K)
 Metaspace       used 15844K, committed 16000K, reserved 1064960K
  class space    used 1505K, committed 1600K, reserved 1048576K
}
Event: 7712.484 GC heap before
{Heap before GC invocations=12322 (full 0):
 garbage-first heap   total 524288K, used 462679K [0x0000000602000000, 0x0000000800000000)
  region size 4096K, 75 young (307200K), 1 survivors (4096K)
 Metaspace       used 15844K, committed 16000K, reserved 1064960K
  class space    used 1505K, committed 1600K, reserved 1048576K
}
Event: 7712.484 GC heap after
{Heap after GC invocations=12323 (full 0):
 garbage-first heap   total 524288K, used 159588K [0x0000000602000000, 0x0000000800000000)
  region size 4096K, 1 young (4096K), 1 survivors (4096K)
 Metaspace       used 15844K, committed 16000K, reserved 1064960K
  class space    used 1505K, committed 1600K, reserved 1048576K
}
Event: 7713.025 GC heap before
{Heap before GC invocations=12323 (full 0):
 garbage-first heap   total 524288K, used 462692K [0x0000000602000000, 0x0000000800000000)
  region size 4096K, 75 young (307200K), 1 survivors (4096K)
 Metaspace       used 15844K, committed 16000K, reserved 1064960K
  class space    used 1505K, committed 1600K, reserved 1048576K
}
Event: 7713.026 GC heap after
{Heap after GC invocations=12324 (full 0):
 garbage-first heap   total 524288K, used 159589K [0x0000000602000000, 0x0000000800000000)
  region size 4096K, 1 young (4096K), 1 survivors (4096K)
 Metaspace       used 15844K, committed 16000K, reserved 1064960K
  class space    used 1505K, committed 1600K, reserved 1048576K
}
Event: 7713.667 GC heap before
{Heap before GC invocations=12324 (full 0):
 garbage-first heap   total 524288K, used 462693K [0x0000000602000000, 0x0000000800000000)
  region size 4096K, 75 young (307200K), 1 survivors (4096K)
 Metaspace       used 15844K, committed 16000K, reserved 1064960K
  class space    used 1505K, committed 1600K, reserved 1048576K
}

Deoptimization events (20 events):
Event: 28.035 Thread 0x000001eea565ac20 DEOPT PACKING pc=0x000001ee87c67198 sp=0x000000bfed88ed40
Event: 28.035 Thread 0x000001eea565ac20 DEOPT UNPACKING pc=0x000001ee8004d72e sp=0x000000bfed88ea98 mode 2
Event: 46.277 Thread 0x000001eea565ac20 DEOPT PACKING pc=0x000001ee80abffab sp=0x000000bfed88e4d0
Event: 46.277 Thread 0x000001eea565ac20 DEOPT UNPACKING pc=0x000001ee8004dece sp=0x000000bfed88d9b0 mode 0
Event: 47.357 Thread 0x000001eea565ac20 DEOPT PACKING pc=0x000001ee80ab1146 sp=0x000000bfed88e780
Event: 47.357 Thread 0x000001eea565ac20 DEOPT UNPACKING pc=0x000001ee8004dece sp=0x000000bfed88dc30 mode 0
Event: 302.869 Thread 0x000001eea56a6500 Uncommon trap: trap_request=0xffffffcc fr.pc=0x000001ee87d28eb0 relative=0x0000000000000210
Event: 302.869 Thread 0x000001eea56a6500 Uncommon trap: reason=intrinsic_or_type_checked_inlining action=make_not_entrant pc=0x000001ee87d28eb0 method=java.util.Arrays.copyOf([Ljava/lang/Object;ILjava/lang/Class;)[Ljava/lang/Object; @ 35 c2
Event: 302.869 Thread 0x000001eea56a6500 DEOPT PACKING pc=0x000001ee87d28eb0 sp=0x000000bfed98f330
Event: 302.869 Thread 0x000001eea56a6500 DEOPT UNPACKING pc=0x000001ee8004d72e sp=0x000000bfed98f2c0 mode 2
Event: 416.995 Thread 0x000001eea56a6500 Uncommon trap: trap_request=0xffffffdc fr.pc=0x000001ee87d3fd3c relative=0x000000000000019c
Event: 416.995 Thread 0x000001eea56a6500 Uncommon trap: reason=class_check action=make_not_entrant pc=0x000001ee87d3fd3c method=java.util.ArrayList.toArray([Ljava/lang/Object;)[Ljava/lang/Object; @ 21 c2
Event: 416.995 Thread 0x000001eea56a6500 DEOPT PACKING pc=0x000001ee87d3fd3c sp=0x000000bfed98f390
Event: 416.995 Thread 0x000001eea56a6500 DEOPT UNPACKING pc=0x000001ee8004d72e sp=0x000000bfed98f350 mode 2
Event: 3366.210 Thread 0x000001eea57942d0 DEOPT PACKING pc=0x000001ee80b98e72 sp=0x000000bfedb9ef90
Event: 3366.210 Thread 0x000001eea57942d0 DEOPT UNPACKING pc=0x000001ee8004dece sp=0x000000bfedb9e530 mode 0
Event: 3381.300 Thread 0x000001eea565ac20 DEOPT PACKING pc=0x000001ee80b962d4 sp=0x000000bfed88ee40
Event: 3381.302 Thread 0x000001eea565ac20 DEOPT UNPACKING pc=0x000001ee8004dece sp=0x000000bfed88e358 mode 0
Event: 4091.709 Thread 0x000001eea56a6500 DEOPT PACKING pc=0x000001ee80ba44cb sp=0x000000bfed98f340
Event: 4091.709 Thread 0x000001eea56a6500 DEOPT UNPACKING pc=0x000001ee8004dece sp=0x000000bfed98e8e0 mode 0

Classes unloaded (0 events):
No events

Classes redefined (0 events):
No events

Internal exceptions (17 events):
Event: 0.274 Thread 0x000001eef2a14ac0 Exception <a 'java/lang/NoSuchMethodError'{0x0000000621da0300}: 'void java.lang.invoke.DirectMethodHandle$Holder.invokeSpecial(java.lang.Object, java.lang.Object, java.lang.Object)'> (0x0000000621da0300) 
thrown [t:\workspace\open\src\hotspot\share\interpreter\linkResolver.cpp, line 790]
Event: 0.303 Thread 0x000001eef2a14ac0 Exception <a 'java/lang/ClassNotFoundException'{0x0000000621dc3430}: sun/awt/resources/spi/awtProvider> (0x0000000621dc3430) 
thrown [t:\workspace\open\src\hotspot\share\classfile\systemDictionary.cpp, line 256]
Event: 0.333 Thread 0x000001eef2a14ac0 Exception <a 'java/io/FileNotFoundException'{0x0000000621e99bd8}> (0x0000000621e99bd8) 
thrown [t:\workspace\open\src\hotspot\share\prims\jni.cpp, line 579]
Event: 0.338 Thread 0x000001eef2a14ac0 Exception <a 'java/io/FileNotFoundException'{0x0000000621ec8560}> (0x0000000621ec8560) 
thrown [t:\workspace\open\src\hotspot\share\prims\jni.cpp, line 579]
Event: 0.338 Thread 0x000001eef2a14ac0 Exception <a 'java/lang/NoSuchMethodError'{0x0000000621ec98b8}: 'java.lang.Object java.lang.invoke.DirectMethodHandle$Holder.invokeStatic(java.lang.Object)'> (0x0000000621ec98b8) 
thrown [t:\workspace\open\src\hotspot\share\interpreter\linkResolver.cpp, line 790]
Event: 0.356 Thread 0x000001eef2a14ac0 Exception <a 'java/lang/NoSuchMethodError'{0x0000000621f0f558}: 'java.lang.Object java.lang.invoke.DirectMethodHandle$Holder.invokeStaticInit(java.lang.Object)'> (0x0000000621f0f558) 
thrown [t:\workspace\open\src\hotspot\share\interpreter\linkResolver.cpp, line 790]
Event: 0.424 Thread 0x000001eef2a14ac0 Exception <a 'java/io/IOException'{0x0000000621834600}> (0x0000000621834600) 
thrown [t:\workspace\open\src\hotspot\share\prims\jni.cpp, line 579]
Event: 0.456 Thread 0x000001eef2a14ac0 Exception <a 'java/lang/NoSuchMethodError'{0x00000006218ad5b8}: 'java.lang.Object java.lang.invoke.DirectMethodHandle$Holder.newInvokeSpecial(java.lang.Object, java.lang.Object, java.lang.Object, java.lang.Object, java.lang.Object)'> (0x00000006218ad5b8) 
thrown [t:\workspace\open\src\hotspot\share\interpreter\linkResolver.cpp, line 790]
Event: 0.457 Thread 0x000001eef2a14ac0 Exception <a 'java/lang/NoSuchMethodError'{0x00000006218b90a0}: 'java.lang.Object java.lang.invoke.DirectMethodHandle$Holder.invokeStatic(java.lang.Object, int, java.lang.Object, java.lang.Object, java.lang.Object, java.lang.Object)'> (0x00000006218b90a0) 
thrown [t:\workspace\open\src\hotspot\share\interpreter\linkResolver.cpp, line 790]
Event: 0.460 Thread 0x000001eef2a14ac0 Exception <a 'java/lang/NoSuchMethodError'{0x00000006218df168}: 'java.lang.Object java.lang.invoke.DirectMethodHandle$Holder.invokeStatic(java.lang.Object, int, java.lang.Object)'> (0x00000006218df168) 
thrown [t:\workspace\open\src\hotspot\share\interpreter\linkResolver.cpp, line 790]
Event: 0.488 Thread 0x000001eef2a14ac0 Exception <a 'java/lang/ClassNotFoundException'{0x000000062199a6b8}: com/sun/swing/internal/plaf/metal/resources/spi/metalProvider> (0x000000062199a6b8) 
thrown [t:\workspace\open\src\hotspot\share\classfile\systemDictionary.cpp, line 256]
Event: 0.488 Thread 0x000001eef2a14ac0 Exception <a 'java/lang/ClassNotFoundException'{0x000000062199e968}: com/sun/swing/internal/plaf/basic/resources/spi/basicProvider> (0x000000062199e968) 
thrown [t:\workspace\open\src\hotspot\share\classfile\systemDictionary.cpp, line 256]
Event: 0.783 Thread 0x000001eef2a14ac0 Exception <a 'java/lang/NoSuchMethodError'{0x0000000621a723e8}: 'void java.lang.invoke.DirectMethodHandle$Holder.invokeStaticInit(java.lang.Object)'> (0x0000000621a723e8) 
thrown [t:\workspace\open\src\hotspot\share\interpreter\linkResolver.cpp, line 790]
Event: 0.859 Thread 0x000001eefe0a8030 Exception <a 'java/lang/NoSuchMethodError'{0x0000000621fe1520}: 'void java.lang.invoke.DirectMethodHandle$Holder.invokeVirtual(java.lang.Object, java.lang.Object)'> (0x0000000621fe1520) 
thrown [t:\workspace\open\src\hotspot\share\interpreter\linkResolver.cpp, line 790]
Event: 1.686 Thread 0x000001eea5763bf0 Exception <a 'java/lang/NoSuchMethodError'{0x0000000621be8068}: 'java.lang.Object java.lang.invoke.DirectMethodHandle$Holder.newInvokeSpecial(java.lang.Object, java.lang.Object, java.lang.Object, int, int, int, int, int)'> (0x0000000621be8068) 
thrown [t:\workspace\open\src\hotspot\share\interpreter\linkResolver.cpp, line 790]
Event: 9.668 Thread 0x000001eea565ac20 Implicit null exception at 0x000001ee87c049ac to 0x000001ee87c06400
Event: 15.577 Thread 0x000001eea565ac20 Implicit null exception at 0x000001ee87c766f3 to 0x000001ee87c76be8

Events (20 events):
Event: 7707.755 Executing  VM operation: G1CollectForAllocation done
Event: 7708.227 Executing  VM operation: G1CollectForAllocation
Event: 7708.296 Executing  VM operation: G1CollectForAllocation done
Event: 7708.819 Executing  VM operation: G1CollectForAllocation
Event: 7708.864 Executing  VM operation: G1CollectForAllocation done
Event: 7709.499 Executing  VM operation: G1CollectForAllocation
Event: 7709.500 Executing  VM operation: G1CollectForAllocation done
Event: 7710.013 Executing  VM operation: G1CollectForAllocation
Event: 7710.014 Executing  VM operation: G1CollectForAllocation done
Event: 7710.507 Executing  VM operation: G1CollectForAllocation
Event: 7710.509 Executing  VM operation: G1CollectForAllocation done
Event: 7711.087 Executing  VM operation: G1CollectForAllocation
Event: 7711.089 Executing  VM operation: G1CollectForAllocation done
Event: 7711.724 Executing  VM operation: G1CollectForAllocation
Event: 7711.726 Executing  VM operation: G1CollectForAllocation done
Event: 7712.484 Executing  VM operation: G1CollectForAllocation
Event: 7712.484 Executing  VM operation: G1CollectForAllocation done
Event: 7713.025 Executing  VM operation: G1CollectForAllocation
Event: 7713.026 Executing  VM operation: G1CollectForAllocation done
Event: 7713.666 Executing  VM operation: G1CollectForAllocation


Dynamic libraries:
0x00007ff6f3020000 - 0x00007ff6f302e000 	C:\Users\joelc_bkpu8hx\.p2\pool\plugins\org.eclipse.justj.openjdk.hotspot.jre.full.win32.x86_64_16.0.2.v20210721-1149\jre\bin\javaw.exe
0x00007ffbceb70000 - 0x00007ffbced68000 	C:\windows\SYSTEM32\ntdll.dll
0x00007ffbccc60000 - 0x00007ffbccd1f000 	C:\windows\System32\KERNEL32.DLL
0x00007ffbcc590000 - 0x00007ffbcc862000 	C:\windows\System32\KERNELBASE.dll
0x00007ffbcc260000 - 0x00007ffbcc360000 	C:\windows\System32\ucrtbase.dll
0x00007ffbae640000 - 0x00007ffbae658000 	C:\Users\joelc_bkpu8hx\.p2\pool\plugins\org.eclipse.justj.openjdk.hotspot.jre.full.win32.x86_64_16.0.2.v20210721-1149\jre\bin\jli.dll
0x00007ffbcd4c0000 - 0x00007ffbcd661000 	C:\windows\System32\USER32.dll
0x00007ffbcc560000 - 0x00007ffbcc582000 	C:\windows\System32\win32u.dll
0x00007ffbcd330000 - 0x00007ffbcd35b000 	C:\windows\System32\GDI32.dll
0x00007ffbccaa0000 - 0x00007ffbccbaf000 	C:\windows\System32\gdi32full.dll
0x00007ffbcc4c0000 - 0x00007ffbcc55d000 	C:\windows\System32\msvcp_win.dll
0x00007ffba1380000 - 0x00007ffba1399000 	C:\Users\joelc_bkpu8hx\.p2\pool\plugins\org.eclipse.justj.openjdk.hotspot.jre.full.win32.x86_64_16.0.2.v20210721-1149\jre\bin\VCRUNTIME140.dll
0x00007ffbb1bb0000 - 0x00007ffbb1e4a000 	C:\windows\WinSxS\amd64_microsoft.windows.common-controls_6595b64144ccf1df_6.0.19041.1110_none_60b5254171f9507e\COMCTL32.dll
0x00007ffbcd200000 - 0x00007ffbcd29e000 	C:\windows\System32\msvcrt.dll
0x00007ffbcd360000 - 0x00007ffbcd392000 	C:\windows\System32\IMM32.DLL
0x00007ffba1420000 - 0x00007ffba1538000 	C:\Program Files (x86)\Citrix\ICA Client\epclient64.dll
0x00007ffbc4300000 - 0x00007ffbc430a000 	C:\windows\SYSTEM32\VERSION.dll
0x00007ffbccbb0000 - 0x00007ffbccc5e000 	C:\windows\System32\ADVAPI32.dll
0x00007ffbce8f0000 - 0x00007ffbce98c000 	C:\windows\System32\sechost.dll
0x00007ffbcdfc0000 - 0x00007ffbce0e5000 	C:\windows\System32\RPCRT4.dll
0x00007ffbcb3b0000 - 0x00007ffbcb3e3000 	C:\windows\SYSTEM32\ntmarta.dll
0x00007ffbbe260000 - 0x00007ffbbe26c000 	C:\Users\joelc_bkpu8hx\.p2\pool\plugins\org.eclipse.justj.openjdk.hotspot.jre.full.win32.x86_64_16.0.2.v20210721-1149\jre\bin\vcruntime140_1.dll
0x00007ffb82ac0000 - 0x00007ffb82b51000 	C:\Users\joelc_bkpu8hx\.p2\pool\plugins\org.eclipse.justj.openjdk.hotspot.jre.full.win32.x86_64_16.0.2.v20210721-1149\jre\bin\msvcp140.dll
0x00007ffb46d40000 - 0x00007ffb478eb000 	C:\Users\joelc_bkpu8hx\.p2\pool\plugins\org.eclipse.justj.openjdk.hotspot.jre.full.win32.x86_64_16.0.2.v20210721-1149\jre\bin\server\jvm.dll
0x00007ffbcd2c0000 - 0x00007ffbcd2c8000 	C:\windows\System32\PSAPI.DLL
0x00007ffbc7c50000 - 0x00007ffbc7c59000 	C:\windows\SYSTEM32\WSOCK32.dll
0x00007ffbcd3a0000 - 0x00007ffbcd40b000 	C:\windows\System32\WS2_32.dll
0x00007ffbbf310000 - 0x00007ffbbf337000 	C:\windows\SYSTEM32\WINMM.dll
0x00007ffbca2e0000 - 0x00007ffbca2f2000 	C:\windows\SYSTEM32\kernel.appcore.dll
0x00007ffbc7c40000 - 0x00007ffbc7c4a000 	C:\Users\joelc_bkpu8hx\.p2\pool\plugins\org.eclipse.justj.openjdk.hotspot.jre.full.win32.x86_64_16.0.2.v20210721-1149\jre\bin\jimage.dll
0x00007ffbc9cd0000 - 0x00007ffbc9eb4000 	C:\windows\SYSTEM32\DBGHELP.DLL
0x00007ffbacd30000 - 0x00007ffbacd65000 	C:\windows\SYSTEM32\dbgcore.DLL
0x00007ffbcca10000 - 0x00007ffbcca92000 	C:\windows\System32\bcryptPrimitives.dll
0x00007ffb94860000 - 0x00007ffb94885000 	C:\Users\joelc_bkpu8hx\.p2\pool\plugins\org.eclipse.justj.openjdk.hotspot.jre.full.win32.x86_64_16.0.2.v20210721-1149\jre\bin\java.dll
0x00007ffbbd610000 - 0x00007ffbbd628000 	C:\Users\joelc_bkpu8hx\.p2\pool\plugins\org.eclipse.justj.openjdk.hotspot.jre.full.win32.x86_64_16.0.2.v20210721-1149\jre\bin\zip.dll
0x000001eefd800000 - 0x000001eefdf45000 	C:\windows\System32\SHELL32.dll
0x00007ffbca300000 - 0x00007ffbcaa92000 	C:\windows\SYSTEM32\windows.storage.dll
0x00007ffbccea0000 - 0x00007ffbcd1f5000 	C:\windows\System32\combase.dll
0x00007ffbcbcc0000 - 0x00007ffbcbcf0000 	C:\windows\SYSTEM32\Wldp.dll
0x00007ffbcdf10000 - 0x00007ffbcdfbd000 	C:\windows\System32\SHCORE.dll
0x00007ffbcce40000 - 0x00007ffbcce95000 	C:\windows\System32\shlwapi.dll
0x00007ffbcc1a0000 - 0x00007ffbcc1bf000 	C:\windows\SYSTEM32\profapi.dll
0x00007ffb82310000 - 0x00007ffb8248f000 	C:\Users\joelc_bkpu8hx\.p2\pool\plugins\org.eclipse.justj.openjdk.hotspot.jre.full.win32.x86_64_16.0.2.v20210721-1149\jre\bin\awt.dll
0x00007ffbce790000 - 0x00007ffbce85d000 	C:\windows\System32\OLEAUT32.dll
0x00007ffbc8ae0000 - 0x00007ffbc8b70000 	C:\windows\SYSTEM32\apphelp.dll
0x00007ffbc8bd0000 - 0x00007ffbc8c6e000 	C:\windows\system32\uxtheme.dll
0x00007ffbccd20000 - 0x00007ffbcce35000 	C:\windows\System32\MSCTF.dll
0x00007ffbce990000 - 0x00007ffbceaba000 	C:\windows\System32\ole32.dll
0x00007ffbc9020000 - 0x00007ffbc904f000 	C:\windows\system32\DWMAPI.DLL
0x00007ffb54ba0000 - 0x00007ffb54cc5000 	C:\windows\system32\opengl32.dll
0x00007ffb54a80000 - 0x00007ffb54aac000 	C:\windows\SYSTEM32\GLU32.dll
0x00007ffbb5cf0000 - 0x00007ffbb5ebe000 	C:\windows\system32\d3d9.dll
0x00007ffbb5f60000 - 0x00007ffbb601e000 	C:\windows\System32\DriverStore\FileRepository\nvhdc.inf_amd64_a96d179b15e4aed9\nvldumdx.dll
0x00007ffbcbe50000 - 0x00007ffbcbe62000 	C:\windows\SYSTEM32\msasn1.dll
0x00007ffbbf680000 - 0x00007ffbbf6b1000 	C:\windows\SYSTEM32\cryptnet.dll
0x00007ffbcc360000 - 0x00007ffbcc4b6000 	C:\windows\System32\CRYPT32.dll
0x00007ffbbf530000 - 0x00007ffbbf678000 	C:\windows\SYSTEM32\drvstore.dll
0x00007ffbcc010000 - 0x00007ffbcc03c000 	C:\windows\SYSTEM32\devobj.dll
0x00007ffbcc9c0000 - 0x00007ffbcca0e000 	C:\windows\System32\cfgmgr32.dll
0x00007ffbcbba0000 - 0x00007ffbcbbac000 	C:\windows\SYSTEM32\cryptbase.dll
0x000001ee9f240000 - 0x000001ee9f2a9000 	C:\windows\System32\WINTRUST.DLL
0x000001ee9f2b0000 - 0x000001ee9f2cd000 	C:\windows\System32\imagehlp.dll
0x00007ffbcbb80000 - 0x00007ffbcbb98000 	C:\windows\SYSTEM32\CRYPTSP.dll
0x00007ffbcb290000 - 0x00007ffbcb2c4000 	C:\windows\system32\rsaenh.dll
0x00007ffbcc990000 - 0x00007ffbcc9b7000 	C:\windows\System32\bcrypt.dll
0x00007ffb5a590000 - 0x00007ffb5cb96000 	C:\windows\System32\DriverStore\FileRepository\nvhdc.inf_amd64_a96d179b15e4aed9\nvd3dumx.dll
0x00007ffb71de0000 - 0x00007ffb720a3000 	C:\windows\system32\nvspcap64.dll
0x00007ffbcaab0000 - 0x00007ffbcaad3000 	C:\windows\SYSTEM32\gpapi.dll
0x00007ffbc0de0000 - 0x00007ffbc0e1b000 	C:\windows\SYSTEM32\dxcore.dll
0x00007ffb93990000 - 0x00007ffb93a19000 	C:\Users\joelc_bkpu8hx\.p2\pool\plugins\org.eclipse.justj.openjdk.hotspot.jre.full.win32.x86_64_16.0.2.v20210721-1149\jre\bin\freetype.dll
0x00007ffb82210000 - 0x00007ffb82306000 	C:\Users\joelc_bkpu8hx\.p2\pool\plugins\org.eclipse.justj.openjdk.hotspot.jre.full.win32.x86_64_16.0.2.v20210721-1149\jre\bin\harfbuzz.dll
0x00007ffb9e8d0000 - 0x00007ffb9e8e2000 	C:\Users\joelc_bkpu8hx\.p2\pool\plugins\org.eclipse.justj.openjdk.hotspot.jre.full.win32.x86_64_16.0.2.v20210721-1149\jre\bin\fontmanager.dll
0x00007ffbbcd30000 - 0x00007ffbbce29000 	C:\windows\SYSTEM32\textinputframework.dll
0x00007ffbc8470000 - 0x00007ffbc87ce000 	C:\windows\System32\CoreUIComponents.dll
0x00007ffbc87d0000 - 0x00007ffbc88c2000 	C:\windows\System32\CoreMessaging.dll
0x00007ffbc7da0000 - 0x00007ffbc7ef4000 	C:\windows\SYSTEM32\wintypes.dll
0x00007ffbaf860000 - 0x00007ffbaf879000 	C:\Users\joelc_bkpu8hx\.p2\pool\plugins\org.eclipse.justj.openjdk.hotspot.jre.full.win32.x86_64_16.0.2.v20210721-1149\jre\bin\net.dll
0x00007ffbc4540000 - 0x00007ffbc464c000 	C:\windows\SYSTEM32\WINHTTP.dll
0x00007ffbcb9d0000 - 0x00007ffbcba3a000 	C:\windows\system32\mswsock.dll
0x00007ffbaf5b0000 - 0x00007ffbaf5c3000 	C:\Users\joelc_bkpu8hx\.p2\pool\plugins\org.eclipse.justj.openjdk.hotspot.jre.full.win32.x86_64_16.0.2.v20210721-1149\jre\bin\nio.dll

dbghelp: loaded successfully - version: 4.0.5 - missing functions: none
symbol engine: initialized successfully - sym options: 0x614 - pdb path: .;C:\Users\joelc_bkpu8hx\.p2\pool\plugins\org.eclipse.justj.openjdk.hotspot.jre.full.win32.x86_64_16.0.2.v20210721-1149\jre\bin;C:\windows\SYSTEM32;C:\windows\WinSxS\amd64_microsoft.windows.common-controls_6595b64144ccf1df_6.0.19041.1110_none_60b5254171f9507e;C:\Program Files (x86)\Citrix\ICA Client;C:\Users\joelc_bkpu8hx\.p2\pool\plugins\org.eclipse.justj.openjdk.hotspot.jre.full.win32.x86_64_16.0.2.v20210721-1149\jre\bin\server;C:\windows\System32\DriverStore\FileRepository\nvhdc.inf_amd64_a96d179b15e4aed9

VM Arguments:
jvm_args: -Dfile.encoding=UTF-8 -XX:+ShowCodeDetailsInExceptionMessages 
java_command: GameRunner
java_class_path (initial): C:\Users\joelc_bkpu8hx\Documents\CHSVideogame\CHSVideogame\bin
Launcher Type: SUN_STANDARD

[Global flags]
     intx CICompilerCount                          = 12                                        {product} {ergonomic}
     uint ConcGCThreads                            = 3                                         {product} {ergonomic}
     uint G1ConcRefinementThreads                  = 13                                        {product} {ergonomic}
   size_t G1HeapRegionSize                         = 4194304                                   {product} {ergonomic}
    uintx GCDrainStackTargetSize                   = 64                                        {product} {ergonomic}
   size_t InitialHeapSize                          = 536870912                                 {product} {ergonomic}
   size_t MarkStackSize                            = 4194304                                   {product} {ergonomic}
   size_t MaxHeapSize                              = 8556380160                                {product} {ergonomic}
   size_t MaxNewSize                               = 5133828096                                {product} {ergonomic}
   size_t MinHeapDeltaBytes                        = 4194304                                   {product} {ergonomic}
   size_t MinHeapSize                              = 8388608                                   {product} {ergonomic}
    uintx NonNMethodCodeHeapSize                   = 7602480                                {pd product} {ergonomic}
    uintx NonProfiledCodeHeapSize                  = 122027880                              {pd product} {ergonomic}
    uintx ProfiledCodeHeapSize                     = 122027880                              {pd product} {ergonomic}
    uintx ReservedCodeCacheSize                    = 251658240                              {pd product} {ergonomic}
     bool SegmentedCodeCache                       = true                                      {product} {ergonomic}
     bool ShowCodeDetailsInExceptionMessages       = true                                   {manageable} {command line}
   size_t SoftMaxHeapSize                          = 8556380160                             {manageable} {ergonomic}
     bool UseCompressedClassPointers               = true                           {product lp64_product} {ergonomic}
     bool UseCompressedOops                        = true                           {product lp64_product} {ergonomic}
     bool UseG1GC                                  = true                                      {product} {ergonomic}
     bool UseLargePagesIndividualAllocation        = false                                  {pd product} {ergonomic}

Logging:
Log output configuration:
 #0: stdout all=warning uptime,level,tags
 #1: stderr all=off uptime,level,tags

Environment Variables:
PATH=C:/Users/joelc_bkpu8hx/.p2/pool/plugins/org.eclipse.justj.openjdk.hotspot.jre.full.win32.x86_64_16.0.2.v20210721-1149/jre/bin/server;C:/Users/joelc_bkpu8hx/.p2/pool/plugins/org.eclipse.justj.openjdk.hotspot.jre.full.win32.x86_64_16.0.2.v20210721-1149/jre/bin;C:\Program Files\Common Files\Oracle\Java\javapath;C:\Program Files (x86)\Common Files\Oracle\Java\javapath;C:\Program Files (x86)\NVIDIA Corporation\PhysX\Common;C:\Program Files (x86)\Razer Chroma SDK\bin;C:\Program Files\Razer Chroma SDK\bin;C:\Program Files (x86)\Razer\ChromaBroadcast\bin;C:\Program Files\Razer\ChromaBroadcast\bin;C:\ffmpeg\ffmpeg-20200831-4a11a6f-win64-static\bin;C:\Program Files\Java\jdk1.8.0_271\bin;D:\Programs\nodejs\;C:\Windows\System32\OpenSSH;C:\Users\joelc_bkpu8hx\AppData\Local\Programs\Tesseract-OCR;D:\Programs\MSYS2\mingw64\bin;D:\Google Cloud SDK\google-cloud-sdk\bin;C:\Program Files\Common Files\Oracle\Java\javapath;C:\Program Files (x86)\Common Files\Oracle\Java\javapath;C:\Program Files (x86)\NVIDIA Corporation\PhysX\Common;C:\Program Files (x86)\Razer Chroma SDK\bin;C:\Program Files\Razer Chroma SDK\bin;C:\Program Files (x86)\Razer\ChromaBroadcast\bin;C:\Program Files\Razer\ChromaBroadcast\bin;C:\ffmpeg\ffmpeg-20200831-4a11a6f-win64-static\bin;C:\Program Files\Java\jdk1.8.0_271\bin;D:\Programs\nodejs\;C:\Windows\System32\OpenSSH;C:\Users\joelc_bkpu8hx\AppData\Local\Programs\Tesseract-OCR;D:\Programs\MSYS2\mingw64\bin;D:\Google Cloud SDK\google-cloud-sdk\bin;C:\Program Files\Common Files\Oracle\Java\javapath;C:\Program Files (x86)\Common Files\Oracle\Java\javapath;C:\Program Files (x86)\NVIDIA Corporation\PhysX\Common;C:\Program Files (x86)\Razer Chroma SDK\bin;C:\Program Files\Razer Chroma SDK\bin;C:\Program Files (x86)\Razer\ChromaBroadcast\bin;C:\Program Files\Razer\ChromaBroadcast\bin;C:\ffmpeg\ffmpeg-20200831-4a11a6f-win64-static\bin;C:\Program Files\Java\jdk1.8.0_271\bin;D:\Programs\nodejs\;C:\Windows\System32\OpenSSH;C:\Users\joelc_bkpu8hx\AppData\Local\Programs\Tesser
USERNAME=joelc_bkpu8hx
OS=Windows_NT
PROCESSOR_IDENTIFIER=Intel64 Family 6 Model 165 Stepping 5, GenuineIntel



---------------  S Y S T E M  ---------------

OS:
 Windows 10 , 64 bit Build 19041 (10.0.19041.2546)
OS uptime: 14 days 3:25 hours
Hyper-V role detected

CPU: total 16 (initial active 16) (8 cores per cpu, 2 threads per core) family 6 model 165 stepping 5 microcode 0xec, cx8, cmov, fxsr, ht, mmx, 3dnowpref, sse, sse2, sse3, ssse3, sse4.1, sse4.2, popcnt, lzcnt, tsc, tscinvbit, avx, avx2, aes, erms, clmul, bmi1, bmi2, adx, fma, vzeroupper, clflush, clflushopt, hv

Memory: 4k page, system-wide physical 32634M (769M free)
TotalPageFile size 93583M (AvailPageFile size 46M)
current process WorkingSet (physical memory assigned to process): 408M, peak: 427M
current process commit charge ("private bytes"): 698M, peak: 802M

vm_info: OpenJDK 64-Bit Server VM (16.0.2+7-67) for windows-amd64 JRE (16.0.2+7-67), built on Jun  8 2021 23:21:43 by "mach5one" with MS VC++ 16.7 (VS2019)

END.
