#
# There is insufficient memory for the Java Runtime Environment to continue.
# Native memory allocation (mmap) failed to map 536870912 bytes for G1 virtual space
# Possible reasons:
#   The system is out of physical RAM or swap space
#   The process is running with CompressedOops enabled, and the Java Heap may be blocking the growth of the native heap
# Possible solutions:
#   Reduce memory load on the system
#   Increase physical memory or swap space
#   Check if swap backing store is full
#   Decrease Java heap size (-Xmx/-Xms)
#   Decrease number of Java threads
#   Decrease Java thread stack sizes (-Xss)
#   Set larger code cache with -XX:ReservedCodeCacheSize=
#   JVM is running with Zero Based Compressed Oops mode in which the Java heap is
#     placed in the first 32GB address space. The Java Heap base address is the
#     maximum limit for the native heap growth. Please use -XX:HeapBaseMinAddress
#     to set the Java Heap base and to place the Java Heap above 32GB virtual address.
# This output file may be truncated or incomplete.
#
#  Out of Memory Error (os_windows.cpp:3466), pid=137976, tid=131236
#
# JRE version:  (16.0.2+7) (build )
# Java VM: OpenJDK 64-Bit Server VM (16.0.2+7-67, mixed mode, sharing, tiered, compressed oops, compressed class ptrs, g1 gc, windows-amd64)
# No core dump will be written. Minidumps are not enabled by default on client versions of Windows
#

---------------  S U M M A R Y ------------

Command Line: -Dfile.encoding=UTF-8 -XX:+ShowCodeDetailsInExceptionMessages GameRunner

Host: Intel(R) Core(TM) i7-10700F CPU @ 2.90GHz, 16 cores, 31G,  Windows 10 , 64 bit Build 19041 (10.0.19041.2546)
Time: Mon Mar 13 00:16:11 2023 Eastern Daylight Time elapsed time: 0.015645 seconds (0d 0h 0m 0s)

---------------  T H R E A D  ---------------

Current thread (0x000002b1517696a0):  JavaThread "Unknown thread" [_thread_in_vm, id=131236, stack(0x000000d1b9200000,0x000000d1b9300000)]

Stack: [0x000000d1b9200000,0x000000d1b9300000]
Native frames: (J=compiled Java code, j=interpreted, Vv=VM code, C=native code)
V  [jvm.dll+0x6681ca]
V  [jvm.dll+0x7c9e69]
V  [jvm.dll+0x7cb61e]
V  [jvm.dll+0x7cbc73]
V  [jvm.dll+0x242c55]
V  [jvm.dll+0x664f89]
V  [jvm.dll+0x659b75]
V  [jvm.dll+0x2fbfbb]
V  [jvm.dll+0x3031b6]
V  [jvm.dll+0x35299e]
V  [jvm.dll+0x352bcf]
V  [jvm.dll+0x2d3028]
V  [jvm.dll+0x2d4264]
V  [jvm.dll+0x79c741]
V  [jvm.dll+0x360791]
V  [jvm.dll+0x77a3f0]
V  [jvm.dll+0x3e4e8f]
V  [jvm.dll+0x3e6961]
C  [jli.dll+0x52fb]
C  [ucrtbase.dll+0x21bb2]
C  [KERNEL32.DLL+0x17614]
C  [ntdll.dll+0x526a1]


---------------  P R O C E S S  ---------------

Threads class SMR info:
_java_thread_list=0x00007ffb4784cbb8, length=0, elements={
}

Java Threads: ( => current thread )

Other Threads:
  0x000002b1517dc260 GCTaskThread "GC Thread#0" [stack: 0x000000d1b9100000,0x000000d1b9200000] [id=129916]
  0x000002b1517f21c0 ConcurrentGCThread "G1 Main Marker" [stack: 0x000000d1b9300000,0x000000d1b9400000] [id=74172]
  0x000002b1517f2f80 ConcurrentGCThread "G1 Conc#0" [stack: 0x000000d1b9400000,0x000000d1b9500000] [id=114500]

[error occurred during error reporting (printing all threads), id 0xc0000005, EXCEPTION_ACCESS_VIOLATION (0xc0000005) at pc=0x00007ffb47023ee7]

VM state: not at safepoint (not fully initialized)

VM Mutex/Monitor currently owned by a thread:  ([mutex/lock_event])
[0x000002b1517664d0] Heap_lock - owner thread: 0x000002b1517696a0

Heap address: 0x0000000602000000, size: 8160 MB, Compressed Oops mode: Zero based, Oop shift amount: 3

CDS archive(s) mapped at: [0x0000000000000000-0x0000000000000000-0x0000000000000000), size 0, SharedBaseAddress: 0x0000000800000000, ArchiveRelocationMode: 0.
Narrow klass base: 0x0000000000000000, Narrow klass shift: 0, Narrow klass range: 0x0

GC Precious Log:
<Empty>

Heap:
 garbage-first heap   total 0K, used 0K [0x0000000602000000, 0x0000000800000000)
  region size 4096K, 0 young (0K), 0 survivors (0K)

[error occurred during error reporting (printing heap information), id 0xc0000005, EXCEPTION_ACCESS_VIOLATION (0xc0000005) at pc=0x00007ffb47401eed]

GC Heap History (0 events):
No events

Deoptimization events (0 events):
No events

Classes unloaded (0 events):
No events

Classes redefined (0 events):
No events

Internal exceptions (0 events):
No events

Events (1 events):
Event: 0.011 Loaded shared library C:\Users\joelc_bkpu8hx\.p2\pool\plugins\org.eclipse.justj.openjdk.hotspot.jre.full.win32.x86_64_16.0.2.v20210721-1149\jre\bin\java.dll


Dynamic libraries:
0x00007ff6f3020000 - 0x00007ff6f302e000 	C:\Users\joelc_bkpu8hx\.p2\pool\plugins\org.eclipse.justj.openjdk.hotspot.jre.full.win32.x86_64_16.0.2.v20210721-1149\jre\bin\javaw.exe
0x00007ffbceb70000 - 0x00007ffbced68000 	C:\windows\SYSTEM32\ntdll.dll
0x00007ffbccc60000 - 0x00007ffbccd1f000 	C:\windows\System32\KERNEL32.DLL
0x00007ffbcc590000 - 0x00007ffbcc862000 	C:\windows\System32\KERNELBASE.dll
0x00007ffbcc260000 - 0x00007ffbcc360000 	C:\windows\System32\ucrtbase.dll
0x00007ffbae640000 - 0x00007ffbae658000 	C:\Users\joelc_bkpu8hx\.p2\pool\plugins\org.eclipse.justj.openjdk.hotspot.jre.full.win32.x86_64_16.0.2.v20210721-1149\jre\bin\jli.dll
0x00007ffbcd4c0000 - 0x00007ffbcd661000 	C:\windows\System32\USER32.dll
0x00007ffbcc560000 - 0x00007ffbcc582000 	C:\windows\System32\win32u.dll
0x00007ffbcd330000 - 0x00007ffbcd35b000 	C:\windows\System32\GDI32.dll
0x00007ffbccaa0000 - 0x00007ffbccbaf000 	C:\windows\System32\gdi32full.dll
0x00007ffbcc4c0000 - 0x00007ffbcc55d000 	C:\windows\System32\msvcp_win.dll
0x00007ffba1380000 - 0x00007ffba1399000 	C:\Users\joelc_bkpu8hx\.p2\pool\plugins\org.eclipse.justj.openjdk.hotspot.jre.full.win32.x86_64_16.0.2.v20210721-1149\jre\bin\VCRUNTIME140.dll
0x00007ffbb1bb0000 - 0x00007ffbb1e4a000 	C:\windows\WinSxS\amd64_microsoft.windows.common-controls_6595b64144ccf1df_6.0.19041.1110_none_60b5254171f9507e\COMCTL32.dll
0x00007ffbcd200000 - 0x00007ffbcd29e000 	C:\windows\System32\msvcrt.dll
0x00007ffbcd360000 - 0x00007ffbcd392000 	C:\windows\System32\IMM32.DLL
0x00007ffba1420000 - 0x00007ffba1538000 	C:\Program Files (x86)\Citrix\ICA Client\epclient64.dll
0x00007ffbc4300000 - 0x00007ffbc430a000 	C:\windows\SYSTEM32\VERSION.dll
0x00007ffbccbb0000 - 0x00007ffbccc5e000 	C:\windows\System32\ADVAPI32.dll
0x00007ffbce8f0000 - 0x00007ffbce98c000 	C:\windows\System32\sechost.dll
0x00007ffbcdfc0000 - 0x00007ffbce0e5000 	C:\windows\System32\RPCRT4.dll
0x00007ffbcb3b0000 - 0x00007ffbcb3e3000 	C:\windows\SYSTEM32\ntmarta.dll
0x00007ffbbe260000 - 0x00007ffbbe26c000 	C:\Users\joelc_bkpu8hx\.p2\pool\plugins\org.eclipse.justj.openjdk.hotspot.jre.full.win32.x86_64_16.0.2.v20210721-1149\jre\bin\vcruntime140_1.dll
0x00007ffb82ac0000 - 0x00007ffb82b51000 	C:\Users\joelc_bkpu8hx\.p2\pool\plugins\org.eclipse.justj.openjdk.hotspot.jre.full.win32.x86_64_16.0.2.v20210721-1149\jre\bin\msvcp140.dll
0x00007ffb46d40000 - 0x00007ffb478eb000 	C:\Users\joelc_bkpu8hx\.p2\pool\plugins\org.eclipse.justj.openjdk.hotspot.jre.full.win32.x86_64_16.0.2.v20210721-1149\jre\bin\server\jvm.dll
0x00007ffbcd2c0000 - 0x00007ffbcd2c8000 	C:\windows\System32\PSAPI.DLL
0x00007ffbc7c50000 - 0x00007ffbc7c59000 	C:\windows\SYSTEM32\WSOCK32.dll
0x00007ffbcd3a0000 - 0x00007ffbcd40b000 	C:\windows\System32\WS2_32.dll
0x00007ffbbf310000 - 0x00007ffbbf337000 	C:\windows\SYSTEM32\WINMM.dll
0x00007ffbca2e0000 - 0x00007ffbca2f2000 	C:\windows\SYSTEM32\kernel.appcore.dll
0x00007ffbc7c40000 - 0x00007ffbc7c4a000 	C:\Users\joelc_bkpu8hx\.p2\pool\plugins\org.eclipse.justj.openjdk.hotspot.jre.full.win32.x86_64_16.0.2.v20210721-1149\jre\bin\jimage.dll
0x00007ffbc9cd0000 - 0x00007ffbc9eb4000 	C:\windows\SYSTEM32\DBGHELP.DLL
0x00007ffbacd30000 - 0x00007ffbacd65000 	C:\windows\SYSTEM32\dbgcore.DLL
0x00007ffbcca10000 - 0x00007ffbcca92000 	C:\windows\System32\bcryptPrimitives.dll
0x00007ffb94860000 - 0x00007ffb94885000 	C:\Users\joelc_bkpu8hx\.p2\pool\plugins\org.eclipse.justj.openjdk.hotspot.jre.full.win32.x86_64_16.0.2.v20210721-1149\jre\bin\java.dll

dbghelp: loaded successfully - version: 4.0.5 - missing functions: none
symbol engine: initialized successfully - sym options: 0x614 - pdb path: .;C:\Users\joelc_bkpu8hx\.p2\pool\plugins\org.eclipse.justj.openjdk.hotspot.jre.full.win32.x86_64_16.0.2.v20210721-1149\jre\bin;C:\windows\SYSTEM32;C:\windows\WinSxS\amd64_microsoft.windows.common-controls_6595b64144ccf1df_6.0.19041.1110_none_60b5254171f9507e;C:\Program Files (x86)\Citrix\ICA Client;C:\Users\joelc_bkpu8hx\.p2\pool\plugins\org.eclipse.justj.openjdk.hotspot.jre.full.win32.x86_64_16.0.2.v20210721-1149\jre\bin\server

VM Arguments:
jvm_args: -Dfile.encoding=UTF-8 -XX:+ShowCodeDetailsInExceptionMessages 
java_command: GameRunner
java_class_path (initial): C:\Users\joelc_bkpu8hx\Documents\CHSVideogame\CHSVideogame\bin
Launcher Type: SUN_STANDARD

[Global flags]
     intx CICompilerCount                          = 12                                        {product} {ergonomic}
     uint ConcGCThreads                            = 3                                         {product} {ergonomic}
     uint G1ConcRefinementThreads                  = 13                                        {product} {ergonomic}
   size_t G1HeapRegionSize                         = 4194304                                   {product} {ergonomic}
    uintx GCDrainStackTargetSize                   = 64                                        {product} {ergonomic}
   size_t InitialHeapSize                          = 536870912                                 {product} {ergonomic}
   size_t MarkStackSize                            = 4194304                                   {product} {ergonomic}
   size_t MaxHeapSize                              = 8556380160                                {product} {ergonomic}
   size_t MinHeapDeltaBytes                        = 4194304                                   {product} {ergonomic}
   size_t MinHeapSize                              = 8388608                                   {product} {ergonomic}
    uintx NonNMethodCodeHeapSize                   = 7602480                                {pd product} {ergonomic}
    uintx NonProfiledCodeHeapSize                  = 122027880                              {pd product} {ergonomic}
    uintx ProfiledCodeHeapSize                     = 122027880                              {pd product} {ergonomic}
    uintx ReservedCodeCacheSize                    = 251658240                              {pd product} {ergonomic}
     bool SegmentedCodeCache                       = true                                      {product} {ergonomic}
     bool ShowCodeDetailsInExceptionMessages       = true                                   {manageable} {command line}
   size_t SoftMaxHeapSize                          = 8556380160                             {manageable} {ergonomic}
     bool UseCompressedClassPointers               = true                           {product lp64_product} {ergonomic}
     bool UseCompressedOops                        = true                           {product lp64_product} {ergonomic}
     bool UseG1GC                                  = true                                      {product} {ergonomic}
     bool UseLargePagesIndividualAllocation        = false                                  {pd product} {ergonomic}

Logging:
Log output configuration:
 #0: stdout all=warning uptime,level,tags
 #1: stderr all=off uptime,level,tags

Environment Variables:
PATH=C:/Users/joelc_bkpu8hx/.p2/pool/plugins/org.eclipse.justj.openjdk.hotspot.jre.full.win32.x86_64_16.0.2.v20210721-1149/jre/bin/server;C:/Users/joelc_bkpu8hx/.p2/pool/plugins/org.eclipse.justj.openjdk.hotspot.jre.full.win32.x86_64_16.0.2.v20210721-1149/jre/bin;C:\Program Files\Common Files\Oracle\Java\javapath;C:\Program Files (x86)\Common Files\Oracle\Java\javapath;C:\Program Files (x86)\NVIDIA Corporation\PhysX\Common;C:\Program Files (x86)\Razer Chroma SDK\bin;C:\Program Files\Razer Chroma SDK\bin;C:\Program Files (x86)\Razer\ChromaBroadcast\bin;C:\Program Files\Razer\ChromaBroadcast\bin;C:\ffmpeg\ffmpeg-20200831-4a11a6f-win64-static\bin;C:\Program Files\Java\jdk1.8.0_271\bin;D:\Programs\nodejs\;C:\Windows\System32\OpenSSH;C:\Users\joelc_bkpu8hx\AppData\Local\Programs\Tesseract-OCR;D:\Programs\MSYS2\mingw64\bin;D:\Google Cloud SDK\google-cloud-sdk\bin;C:\Program Files\Common Files\Oracle\Java\javapath;C:\Program Files (x86)\Common Files\Oracle\Java\javapath;C:\Program Files (x86)\NVIDIA Corporation\PhysX\Common;C:\Program Files (x86)\Razer Chroma SDK\bin;C:\Program Files\Razer Chroma SDK\bin;C:\Program Files (x86)\Razer\ChromaBroadcast\bin;C:\Program Files\Razer\ChromaBroadcast\bin;C:\ffmpeg\ffmpeg-20200831-4a11a6f-win64-static\bin;C:\Program Files\Java\jdk1.8.0_271\bin;D:\Programs\nodejs\;C:\Windows\System32\OpenSSH;C:\Users\joelc_bkpu8hx\AppData\Local\Programs\Tesseract-OCR;D:\Programs\MSYS2\mingw64\bin;D:\Google Cloud SDK\google-cloud-sdk\bin;C:\Program Files\Common Files\Oracle\Java\javapath;C:\Program Files (x86)\Common Files\Oracle\Java\javapath;C:\Program Files (x86)\NVIDIA Corporation\PhysX\Common;C:\Program Files (x86)\Razer Chroma SDK\bin;C:\Program Files\Razer Chroma SDK\bin;C:\Program Files (x86)\Razer\ChromaBroadcast\bin;C:\Program Files\Razer\ChromaBroadcast\bin;C:\ffmpeg\ffmpeg-20200831-4a11a6f-win64-static\bin;C:\Program Files\Java\jdk1.8.0_271\bin;D:\Programs\nodejs\;C:\Windows\System32\OpenSSH;C:\Users\joelc_bkpu8hx\AppData\Local\Programs\Tesser
USERNAME=joelc_bkpu8hx
OS=Windows_NT
PROCESSOR_IDENTIFIER=Intel64 Family 6 Model 165 Stepping 5, GenuineIntel



---------------  S Y S T E M  ---------------

OS:
 Windows 10 , 64 bit Build 19041 (10.0.19041.2546)
OS uptime: 14 days 1:22 hours
Hyper-V role detected

CPU: total 16 (initial active 16) (8 cores per cpu, 2 threads per core) family 6 model 165 stepping 5 microcode 0xec, cx8, cmov, fxsr, ht, mmx, 3dnowpref, sse, sse2, sse3, ssse3, sse4.1, sse4.2, popcnt, lzcnt, tsc, tscinvbit, avx, avx2, aes, erms, clmul, bmi1, bmi2, adx, fma, vzeroupper, clflush, clflushopt, hv

Memory: 4k page, system-wide physical 32634M (2098M free)
TotalPageFile size 93476M (AvailPageFile size 195M)
current process WorkingSet (physical memory assigned to process): 11M, peak: 11M
current process commit charge ("private bytes"): 71M, peak: 583M

vm_info: OpenJDK 64-Bit Server VM (16.0.2+7-67) for windows-amd64 JRE (16.0.2+7-67), built on Jun  8 2021 23:21:43 by "mach5one" with MS VC++ 16.7 (VS2019)

END.
