#
# There is insufficient memory for the Java Runtime Environment to continue.
# Native memory allocation (mmap) failed to map 1342177280 bytes for G1 virtual space
# Possible reasons:
#   The system is out of physical RAM or swap space
#   The process is running with CompressedOops enabled, and the Java Heap may be blocking the growth of the native heap
# Possible solutions:
#   Reduce memory load on the system
#   Increase physical memory or swap space
#   Check if swap backing store is full
#   Decrease Java heap size (-Xmx/-Xms)
#   Decrease number of Java threads
#   Decrease Java thread stack sizes (-Xss)
#   Set larger code cache with -XX:ReservedCodeCacheSize=
#   JVM is running with Zero Based Compressed Oops mode in which the Java heap is
#     placed in the first 32GB address space. The Java Heap base address is the
#     maximum limit for the native heap growth. Please use -XX:HeapBaseMinAddress
#     to set the Java Heap base and to place the Java Heap above 32GB virtual address.
# This output file may be truncated or incomplete.
#
#  Out of Memory Error (os_windows.cpp:3466), pid=45420, tid=17104
#
# JRE version: OpenJDK Runtime Environment (16.0.2+7) (build 16.0.2+7-67)
# Java VM: OpenJDK 64-Bit Server VM (16.0.2+7-67, mixed mode, tiered, compressed oops, compressed class ptrs, g1 gc, windows-amd64)
# No core dump will be written. Minidumps are not enabled by default on client versions of Windows
#

---------------  S U M M A R Y ------------

Command Line: -Dfile.encoding=UTF-8 -XX:+ShowCodeDetailsInExceptionMessages GameRunner

Host: Intel(R) Core(TM) i7-10700F CPU @ 2.90GHz, 16 cores, 31G,  Windows 10 , 64 bit Build 19041 (10.0.19041.2546)
Time: Mon Mar 13 01:51:32 2023 Eastern Daylight Time elapsed time: 6876.488699 seconds (0d 1h 54m 36s)

---------------  T H R E A D  ---------------

Current thread (0x000001d1acc60000):  VMThread "VM Thread" [stack: 0x0000008f51b00000,0x0000008f51c00000] [id=17104]

Stack: [0x0000008f51b00000,0x0000008f51c00000]
Native frames: (J=compiled Java code, j=interpreted, Vv=VM code, C=native code)
V  [jvm.dll+0x6681ca]
V  [jvm.dll+0x7c9e69]
V  [jvm.dll+0x7cb61e]
V  [jvm.dll+0x7cbc73]
V  [jvm.dll+0x242c55]
V  [jvm.dll+0x664f89]
V  [jvm.dll+0x659b75]
V  [jvm.dll+0x2fbfbb]
V  [jvm.dll+0x3031b6]
V  [jvm.dll+0x35299e]
V  [jvm.dll+0x352bcf]
V  [jvm.dll+0x2d3028]
V  [jvm.dll+0x2d0bb5]
V  [jvm.dll+0x2d01ec]
V  [jvm.dll+0x3152d2]
V  [jvm.dll+0x7d00ab]
V  [jvm.dll+0x7d0da4]
V  [jvm.dll+0x7d12a9]
V  [jvm.dll+0x7d1564]
V  [jvm.dll+0x7d1630]
V  [jvm.dll+0x7795aa]
V  [jvm.dll+0x667066]
C  [ucrtbase.dll+0x21bb2]
C  [KERNEL32.DLL+0x17614]
C  [ntdll.dll+0x526a1]

VM_Operation (0x0000008f52fdef10): G1CollectForAllocation, mode: safepoint, requested by thread 0x000001d1accad370


---------------  P R O C E S S  ---------------

Threads class SMR info:
_java_thread_list=0x000001d1b8380620, length=18, elements={
0x000001d1acc74010, 0x000001d1acc780a0, 0x000001d1acca9270, 0x000001d1acca9f90,
0x000001d1accaae40, 0x000001d1accad8c0, 0x000001d1accc2900, 0x000001d1accd5a20,
0x000001d1acce0380, 0x000001d1accac380, 0x000001d1accac8d0, 0x000001d1accaa8f0,
0x000001d1accace20, 0x000001d1accade10, 0x000001d1accad370, 0x000001d1accab390,
0x000001d1accabe30, 0x000001d1b62a3400
}

Java Threads: ( => current thread )
  0x000001d1acc74010 JavaThread "Reference Handler" daemon [_thread_blocked, id=135368, stack(0x0000008f51c00000,0x0000008f51d00000)]
  0x000001d1acc780a0 JavaThread "Finalizer" daemon [_thread_blocked, id=134656, stack(0x0000008f51d00000,0x0000008f51e00000)]
  0x000001d1acca9270 JavaThread "Signal Dispatcher" daemon [_thread_blocked, id=120152, stack(0x0000008f51e00000,0x0000008f51f00000)]
  0x000001d1acca9f90 JavaThread "Attach Listener" daemon [_thread_blocked, id=110200, stack(0x0000008f51f00000,0x0000008f52000000)]
  0x000001d1accaae40 JavaThread "Service Thread" daemon [_thread_blocked, id=136120, stack(0x0000008f52000000,0x0000008f52100000)]
  0x000001d1accad8c0 JavaThread "Monitor Deflation Thread" daemon [_thread_blocked, id=21488, stack(0x0000008f52100000,0x0000008f52200000)]
  0x000001d1accc2900 JavaThread "C2 CompilerThread0" daemon [_thread_blocked, id=83828, stack(0x0000008f52200000,0x0000008f52300000)]
  0x000001d1accd5a20 JavaThread "C1 CompilerThread0" daemon [_thread_blocked, id=86572, stack(0x0000008f52300000,0x0000008f52400000)]
  0x000001d1acce0380 JavaThread "Sweeper thread" daemon [_thread_blocked, id=66052, stack(0x0000008f52400000,0x0000008f52500000)]
  0x000001d1accac380 JavaThread "Notification Thread" daemon [_thread_blocked, id=116504, stack(0x0000008f52600000,0x0000008f52700000)]
  0x000001d1accac8d0 JavaThread "Common-Cleaner" daemon [_thread_blocked, id=136836, stack(0x0000008f52800000,0x0000008f52900000)]
  0x000001d1accaa8f0 JavaThread "Java2D Disposer" daemon [_thread_blocked, id=59100, stack(0x0000008f52900000,0x0000008f52a00000)]
  0x000001d1accace20 JavaThread "AWT-Shutdown" [_thread_blocked, id=96664, stack(0x0000008f52a00000,0x0000008f52b00000)]
  0x000001d1accade10 JavaThread "AWT-Windows" daemon [_thread_in_native, id=80752, stack(0x0000008f52b00000,0x0000008f52c00000)]
  0x000001d1accad370 JavaThread "AWT-EventQueue-0" [_thread_blocked, id=113708, stack(0x0000008f52ee0000,0x0000008f52fe0000)]
  0x000001d1accab390 JavaThread "DestroyJavaVM" [_thread_blocked, id=93592, stack(0x0000008f51600000,0x0000008f51700000)]
  0x000001d1accabe30 JavaThread "D3D Screen Updater" daemon [_thread_blocked, id=11596, stack(0x0000008f52fe0000,0x0000008f530e0000)]
  0x000001d1b62a3400 JavaThread "TimerQueue" daemon [_thread_blocked, id=93160, stack(0x0000008f53270000,0x0000008f53370000)]

Other Threads:
=>0x000001d1acc60000 VMThread "VM Thread" [stack: 0x0000008f51b00000,0x0000008f51c00000] [id=17104]
  0x000001d1ace6f400 WatcherThread [stack: 0x0000008f52700000,0x0000008f52800000] [id=115592]
  0x000001d183464e70 GCTaskThread "GC Thread#0" [stack: 0x0000008f51500000,0x0000008f51600000] [id=98916]
  0x000001d1b679f260 GCTaskThread "GC Thread#1" [stack: 0x0000008f53370000,0x0000008f53470000] [id=134916]
  0x000001d1b67a1720 GCTaskThread "GC Thread#2" [stack: 0x0000008f53480000,0x0000008f53580000] [id=130956]
  0x000001d1b67a1d40 GCTaskThread "GC Thread#3" [stack: 0x0000008f53580000,0x0000008f53680000] [id=133788]
  0x000001d1b67a35c0 GCTaskThread "GC Thread#4" [stack: 0x0000008f53680000,0x0000008f53780000] [id=8876]
  0x000001d1b67a1a30 GCTaskThread "GC Thread#5" [stack: 0x0000008f53780000,0x0000008f53880000] [id=86812]
  0x000001d1b67a2c90 GCTaskThread "GC Thread#6" [stack: 0x0000008f53880000,0x0000008f53980000] [id=103632]
  0x000001d1b67a2670 GCTaskThread "GC Thread#7" [stack: 0x0000008f53980000,0x0000008f53a80000] [id=114868]
  0x000001d1b67a0df0 GCTaskThread "GC Thread#8" [stack: 0x0000008f53a80000,0x0000008f53b80000] [id=122860]
  0x000001d1b67a2050 GCTaskThread "GC Thread#9" [stack: 0x0000008f53b80000,0x0000008f53c80000] [id=138808]
  0x000001d1b67a2980 GCTaskThread "GC Thread#10" [stack: 0x0000008f53c80000,0x0000008f53d80000] [id=86772]
  0x000001d1b679fea0 GCTaskThread "GC Thread#11" [stack: 0x0000008f53d80000,0x0000008f53e80000] [id=118596]
  0x000001d1b85f04b0 GCTaskThread "GC Thread#12" [stack: 0x0000008f53170000,0x0000008f53270000] [id=88620]
  0x000001d183477b00 ConcurrentGCThread "G1 Main Marker" [stack: 0x0000008f51700000,0x0000008f51800000] [id=106460]
  0x000001d183478500 ConcurrentGCThread "G1 Conc#0" [stack: 0x0000008f51800000,0x0000008f51900000] [id=94028]
  0x000001d1b6880420 ConcurrentGCThread "G1 Conc#1" [stack: 0x0000008f52c00000,0x0000008f52d00000] [id=137496]
  0x000001d1b6880a40 ConcurrentGCThread "G1 Conc#2" [stack: 0x0000008f53e80000,0x0000008f53f80000] [id=139036]
  0x000001d18349e980 ConcurrentGCThread "G1 Refine#0" [stack: 0x0000008f51900000,0x0000008f51a00000] [id=138104]
  0x000001d1aba8abe0 ConcurrentGCThread "G1 Service" [stack: 0x0000008f51a00000,0x0000008f51b00000] [id=42492]

Threads with active compile tasks:

VM state: at safepoint (normal execution)

VM Mutex/Monitor currently owned by a thread:  ([mutex/lock_event])
[0x000001d1833ecdb0] Threads_lock - owner thread: 0x000001d1acc60000
[0x000001d1833edc50] Heap_lock - owner thread: 0x000001d1accad370

Heap address: 0x0000000602000000, size: 8160 MB, Compressed Oops mode: Zero based, Oop shift amount: 3

CDS disabled.
Compressed class space mapped at: 0x0000000800000000-0x0000000840000000, reserved size: 1073741824
Narrow klass base: 0x0000000800000000, Narrow klass shift: 0, Narrow klass range: 0x40000000

GC Precious Log:
 CPUs: 16 total, 16 available
 Memory: 32634M
 Large Page Support: Disabled
 NUMA Support: Disabled
 Compressed Oops: Enabled (Zero based)
 Heap Region Size: 4M
 Heap Min Capacity: 8M
 Heap Initial Capacity: 512M
 Heap Max Capacity: 8160M
 Pre-touch: Disabled
 Parallel Workers: 13
 Concurrent Workers: 3
 Concurrent Refinement Workers: 13
 Periodic GC: Disabled

Heap:
 garbage-first heap   total 655360K, used 177888K [0x0000000602000000, 0x0000000800000000)
  region size 4096K, 1 young (4096K), 1 survivors (4096K)
 Metaspace       used 15863K, committed 16000K, reserved 1064960K
  class space    used 1498K, committed 1536K, reserved 1048576K

Heap Regions: E=young(eden), S=young(survivor), O=old, HS=humongous(starts), HC=humongous(continues), CS=collection set, F=free, OA=open archive, CA=closed archive, TAMS=top-at-mark-start (previous, next)
|   0|0x0000000602000000, 0x0000000602400000, 0x0000000602400000|100%| O|  |TAMS 0x0000000602400000, 0x0000000602000000| Untracked 
|   1|0x0000000602400000, 0x0000000602800000, 0x0000000602800000|100%| O|  |TAMS 0x0000000602800000, 0x0000000602400000| Untracked 
|   2|0x0000000602800000, 0x0000000602c00000, 0x0000000602c00000|100%| O|  |TAMS 0x0000000602c00000, 0x0000000602800000| Untracked 
|   3|0x0000000602c00000, 0x0000000603000000, 0x0000000603000000|100%| O|  |TAMS 0x0000000603000000, 0x0000000602c00000| Untracked 
|   4|0x0000000603000000, 0x0000000603400000, 0x0000000603400000|100%| O|  |TAMS 0x0000000603400000, 0x0000000603000000| Untracked 
|   5|0x0000000603400000, 0x0000000603800000, 0x0000000603800000|100%| O|  |TAMS 0x0000000603800000, 0x0000000603400000| Untracked 
|   6|0x0000000603800000, 0x0000000603c00000, 0x0000000603c00000|100%| O|  |TAMS 0x0000000603c00000, 0x0000000603800000| Untracked 
|   7|0x0000000603c00000, 0x0000000604000000, 0x0000000604000000|100%| O|  |TAMS 0x0000000604000000, 0x0000000603c00000| Complete 
|   8|0x0000000604000000, 0x0000000604400000, 0x0000000604400000|100%| O|  |TAMS 0x0000000604400000, 0x0000000604000000| Complete 
|   9|0x0000000604400000, 0x0000000604800000, 0x0000000604800000|100%| O|  |TAMS 0x0000000604800000, 0x0000000604400000| Complete 
|  10|0x0000000604800000, 0x0000000604c00000, 0x0000000604c00000|100%| O|  |TAMS 0x0000000604c00000, 0x0000000604800000| Complete 
|  11|0x0000000604c00000, 0x0000000605000000, 0x0000000605000000|100%| O|  |TAMS 0x0000000605000000, 0x0000000604c00000| Complete 
|  12|0x0000000605000000, 0x0000000605400000, 0x0000000605400000|100%| O|  |TAMS 0x0000000605400000, 0x0000000605000000| Complete 
|  13|0x0000000605400000, 0x0000000605800000, 0x0000000605800000|100%| O|  |TAMS 0x0000000605800000, 0x0000000605400000| Complete 
|  14|0x0000000605800000, 0x0000000605c00000, 0x0000000605c00000|100%| O|  |TAMS 0x0000000605c00000, 0x0000000605800000| Complete 
|  15|0x0000000605c00000, 0x0000000606000000, 0x0000000606000000|100%| O|  |TAMS 0x0000000606000000, 0x0000000605c00000| Complete 
|  16|0x0000000606000000, 0x0000000606400000, 0x0000000606400000|100%| O|  |TAMS 0x0000000606400000, 0x0000000606000000| Complete 
|  17|0x0000000606400000, 0x0000000606800000, 0x0000000606800000|100%| O|  |TAMS 0x0000000606800000, 0x0000000606400000| Complete 
|  18|0x0000000606800000, 0x0000000606c00000, 0x0000000606c00000|100%| O|  |TAMS 0x0000000606c00000, 0x0000000606800000| Complete 
|  19|0x0000000606c00000, 0x0000000607000000, 0x0000000607000000|100%| O|  |TAMS 0x0000000607000000, 0x0000000606c00000| Complete 
|  20|0x0000000607000000, 0x0000000607400000, 0x0000000607400000|100%| O|  |TAMS 0x0000000607400000, 0x0000000607000000| Complete 
|  21|0x0000000607400000, 0x0000000607800000, 0x0000000607800000|100%| O|  |TAMS 0x0000000607800000, 0x0000000607400000| Complete 
|  22|0x0000000607800000, 0x0000000607c00000, 0x0000000607c00000|100%| O|  |TAMS 0x0000000607c00000, 0x0000000607800000| Complete 
|  23|0x0000000607c00000, 0x0000000608000000, 0x0000000608000000|100%| O|  |TAMS 0x0000000608000000, 0x0000000607c00000| Complete 
|  24|0x0000000608000000, 0x0000000608400000, 0x0000000608400000|100%| O|  |TAMS 0x0000000608400000, 0x0000000608000000| Complete 
|  25|0x0000000608400000, 0x0000000608400000, 0x0000000608800000|  0%| F|  |TAMS 0x0000000608400000, 0x0000000608400000| Untracked 
|  26|0x0000000608800000, 0x0000000608c00000, 0x0000000608c00000|100%| O|  |TAMS 0x0000000608c00000, 0x0000000608800000| Complete 
|  27|0x0000000608c00000, 0x0000000609000000, 0x0000000609000000|100%| O|  |TAMS 0x0000000609000000, 0x0000000608c00000| Complete 
|  28|0x0000000609000000, 0x0000000609400000, 0x0000000609400000|100%| O|  |TAMS 0x0000000609400000, 0x0000000609000000| Complete 
|  29|0x0000000609400000, 0x0000000609800000, 0x0000000609800000|100%| O|  |TAMS 0x0000000609800000, 0x0000000609400000| Complete 
|  30|0x0000000609800000, 0x0000000609c00000, 0x0000000609c00000|100%| O|  |TAMS 0x0000000609c00000, 0x0000000609800000| Complete 
|  31|0x0000000609c00000, 0x000000060a000000, 0x000000060a000000|100%| O|  |TAMS 0x000000060a000000, 0x0000000609c00000| Complete 
|  32|0x000000060a000000, 0x000000060a000000, 0x000000060a400000|  0%| F|  |TAMS 0x000000060a000000, 0x000000060a000000| Untracked 
|  33|0x000000060a400000, 0x000000060a400000, 0x000000060a800000|  0%| F|  |TAMS 0x000000060a400000, 0x000000060a400000| Untracked 
|  34|0x000000060a800000, 0x000000060a800000, 0x000000060ac00000|  0%| F|  |TAMS 0x000000060a800000, 0x000000060a800000| Untracked 
|  35|0x000000060ac00000, 0x000000060ac00000, 0x000000060b000000|  0%| F|  |TAMS 0x000000060ac00000, 0x000000060ac00000| Untracked 
|  36|0x000000060b000000, 0x000000060b000000, 0x000000060b400000|  0%| F|  |TAMS 0x000000060b000000, 0x000000060b000000| Untracked 
|  37|0x000000060b400000, 0x000000060b400000, 0x000000060b800000|  0%| F|  |TAMS 0x000000060b400000, 0x000000060b400000| Untracked 
|  38|0x000000060b800000, 0x000000060b800000, 0x000000060bc00000|  0%| F|  |TAMS 0x000000060b800000, 0x000000060b800000| Untracked 
|  39|0x000000060bc00000, 0x000000060bc00000, 0x000000060c000000|  0%| F|  |TAMS 0x000000060bc00000, 0x000000060bc00000| Untracked 
|  40|0x000000060c000000, 0x000000060c400000, 0x000000060c400000|100%| O|  |TAMS 0x000000060c000000, 0x000000060c000000| Untracked 
|  41|0x000000060c400000, 0x000000060c800000, 0x000000060c800000|100%| O|  |TAMS 0x000000060c400000, 0x000000060c400000| Untracked 
|  42|0x000000060c800000, 0x000000060cc00000, 0x000000060cc00000|100%| O|  |TAMS 0x000000060c800000, 0x000000060c800000| Untracked 
|  43|0x000000060cc00000, 0x000000060d000000, 0x000000060d000000|100%| O|  |TAMS 0x000000060cc00000, 0x000000060cc00000| Untracked 
|  44|0x000000060d000000, 0x000000060d1ade00, 0x000000060d400000| 41%| O|  |TAMS 0x000000060d000000, 0x000000060d000000| Untracked 
|  45|0x000000060d400000, 0x000000060d400000, 0x000000060d800000|  0%| F|  |TAMS 0x000000060d400000, 0x000000060d400000| Untracked 
|  46|0x000000060d800000, 0x000000060d800000, 0x000000060dc00000|  0%| F|  |TAMS 0x000000060d800000, 0x000000060d800000| Untracked 
|  47|0x000000060dc00000, 0x000000060e000000, 0x000000060e000000|100%| O|  |TAMS 0x000000060dc00000, 0x000000060dc00000| Untracked 
|  48|0x000000060e000000, 0x000000060e400000, 0x000000060e400000|100%| O|  |TAMS 0x000000060e000000, 0x000000060e000000| Untracked 
|  49|0x000000060e400000, 0x000000060e800000, 0x000000060e800000|100%| O|  |TAMS 0x000000060e400000, 0x000000060e400000| Untracked 
|  50|0x000000060e800000, 0x000000060e800000, 0x000000060ec00000|  0%| F|  |TAMS 0x000000060e800000, 0x000000060e800000| Untracked 
|  51|0x000000060ec00000, 0x000000060ec00000, 0x000000060f000000|  0%| F|  |TAMS 0x000000060ec00000, 0x000000060ec00000| Untracked 
|  52|0x000000060f000000, 0x000000060f000000, 0x000000060f400000|  0%| F|  |TAMS 0x000000060f000000, 0x000000060f000000| Untracked 
|  53|0x000000060f400000, 0x000000060f400000, 0x000000060f800000|  0%| F|  |TAMS 0x000000060f400000, 0x000000060f400000| Untracked 
|  54|0x000000060f800000, 0x000000060f800000, 0x000000060fc00000|  0%| F|  |TAMS 0x000000060f800000, 0x000000060f800000| Untracked 
|  55|0x000000060fc00000, 0x000000060fc00000, 0x0000000610000000|  0%| F|  |TAMS 0x000000060fc00000, 0x000000060fc00000| Untracked 
|  56|0x0000000610000000, 0x0000000610000000, 0x0000000610400000|  0%| F|  |TAMS 0x0000000610000000, 0x0000000610000000| Untracked 
|  57|0x0000000610400000, 0x0000000610800000, 0x0000000610800000|100%| O|  |TAMS 0x0000000610401200, 0x0000000610400000| Untracked 
|  58|0x0000000610800000, 0x0000000610c00000, 0x0000000610c00000|100%| O|  |TAMS 0x0000000610800000, 0x0000000610800000| Untracked 
|  59|0x0000000610c00000, 0x0000000611000000, 0x0000000611000000|100%| O|  |TAMS 0x0000000610c00000, 0x0000000610c00000| Untracked 
|  60|0x0000000611000000, 0x0000000611400000, 0x0000000611400000|100%| O|  |TAMS 0x0000000611000000, 0x0000000611000000| Untracked 
|  61|0x0000000611400000, 0x0000000611800000, 0x0000000611800000|100%| O|  |TAMS 0x0000000611400000, 0x0000000611400000| Untracked 
|  62|0x0000000611800000, 0x0000000611800000, 0x0000000611c00000|  0%| F|  |TAMS 0x0000000611800000, 0x0000000611800000| Untracked 
|  63|0x0000000611c00000, 0x0000000611c00000, 0x0000000612000000|  0%| F|  |TAMS 0x0000000611c00000, 0x0000000611c00000| Untracked 
|  64|0x0000000612000000, 0x0000000612000000, 0x0000000612400000|  0%| F|  |TAMS 0x0000000612000000, 0x0000000612000000| Untracked 
|  65|0x0000000612400000, 0x0000000612400000, 0x0000000612800000|  0%| F|  |TAMS 0x0000000612400000, 0x0000000612400000| Untracked 
|  66|0x0000000612800000, 0x0000000612800000, 0x0000000612c00000|  0%| F|  |TAMS 0x0000000612800000, 0x0000000612800000| Untracked 
|  67|0x0000000612c00000, 0x0000000612c00000, 0x0000000613000000|  0%| F|  |TAMS 0x0000000612c00000, 0x0000000612c00000| Untracked 
|  68|0x0000000613000000, 0x0000000613000000, 0x0000000613400000|  0%| F|  |TAMS 0x0000000613000000, 0x0000000613000000| Untracked 
|  69|0x0000000613400000, 0x0000000613400000, 0x0000000613800000|  0%| F|  |TAMS 0x0000000613400000, 0x0000000613400000| Untracked 
|  70|0x0000000613800000, 0x0000000613800000, 0x0000000613c00000|  0%| F|  |TAMS 0x0000000613800000, 0x0000000613800000| Untracked 
|  71|0x0000000613c00000, 0x0000000613c00000, 0x0000000614000000|  0%| F|  |TAMS 0x0000000613c00000, 0x0000000613c00000| Untracked 
|  72|0x0000000614000000, 0x0000000614000000, 0x0000000614400000|  0%| F|  |TAMS 0x0000000614000000, 0x0000000614000000| Untracked 
|  73|0x0000000614400000, 0x0000000614400000, 0x0000000614800000|  0%| F|  |TAMS 0x0000000614400000, 0x0000000614400000| Untracked 
|  74|0x0000000614800000, 0x0000000614800000, 0x0000000614c00000|  0%| F|  |TAMS 0x0000000614800000, 0x0000000614800000| Untracked 
|  75|0x0000000614c00000, 0x0000000614c00000, 0x0000000615000000|  0%| F|  |TAMS 0x0000000614c00000, 0x0000000614c00000| Untracked 
|  76|0x0000000615000000, 0x0000000615000000, 0x0000000615400000|  0%| F|  |TAMS 0x0000000615000000, 0x0000000615000000| Untracked 
|  77|0x0000000615400000, 0x0000000615400000, 0x0000000615800000|  0%| F|  |TAMS 0x0000000615400000, 0x0000000615400000| Untracked 
|  78|0x0000000615800000, 0x0000000615800000, 0x0000000615c00000|  0%| F|  |TAMS 0x0000000615800000, 0x0000000615800000| Untracked 
|  79|0x0000000615c00000, 0x0000000615c00000, 0x0000000616000000|  0%| F|  |TAMS 0x0000000615c00000, 0x0000000615c00000| Untracked 
|  80|0x0000000616000000, 0x0000000616000000, 0x0000000616400000|  0%| F|  |TAMS 0x0000000616000000, 0x0000000616000000| Untracked 
|  81|0x0000000616400000, 0x0000000616400000, 0x0000000616800000|  0%| F|  |TAMS 0x0000000616400000, 0x0000000616400000| Untracked 
|  82|0x0000000616800000, 0x0000000616800000, 0x0000000616c00000|  0%| F|  |TAMS 0x0000000616800000, 0x0000000616800000| Untracked 
|  83|0x0000000616c00000, 0x0000000616c00000, 0x0000000617000000|  0%| F|  |TAMS 0x0000000616c00000, 0x0000000616c00000| Untracked 
|  84|0x0000000617000000, 0x0000000617000000, 0x0000000617400000|  0%| F|  |TAMS 0x0000000617000000, 0x0000000617000000| Untracked 
|  85|0x0000000617400000, 0x0000000617400000, 0x0000000617800000|  0%| F|  |TAMS 0x0000000617400000, 0x0000000617400000| Untracked 
|  86|0x0000000617800000, 0x0000000617800000, 0x0000000617c00000|  0%| F|  |TAMS 0x0000000617800000, 0x0000000617800000| Untracked 
|  87|0x0000000617c00000, 0x0000000617c00000, 0x0000000618000000|  0%| F|  |TAMS 0x0000000617c00000, 0x0000000617c00000| Untracked 
|  88|0x0000000618000000, 0x0000000618000000, 0x0000000618400000|  0%| F|  |TAMS 0x0000000618000000, 0x0000000618000000| Untracked 
|  89|0x0000000618400000, 0x0000000618400000, 0x0000000618800000|  0%| F|  |TAMS 0x0000000618400000, 0x0000000618400000| Untracked 
|  90|0x0000000618800000, 0x0000000618800000, 0x0000000618c00000|  0%| F|  |TAMS 0x0000000618800000, 0x0000000618800000| Untracked 
|  91|0x0000000618c00000, 0x0000000618c00000, 0x0000000619000000|  0%| F|  |TAMS 0x0000000618c00000, 0x0000000618c00000| Untracked 
|  92|0x0000000619000000, 0x0000000619000000, 0x0000000619400000|  0%| F|  |TAMS 0x0000000619000000, 0x0000000619000000| Untracked 
|  93|0x0000000619400000, 0x0000000619400000, 0x0000000619800000|  0%| F|  |TAMS 0x0000000619400000, 0x0000000619400000| Untracked 
|  94|0x0000000619800000, 0x0000000619800000, 0x0000000619c00000|  0%| F|  |TAMS 0x0000000619800000, 0x0000000619800000| Untracked 
|  95|0x0000000619c00000, 0x0000000619c00000, 0x000000061a000000|  0%| F|  |TAMS 0x0000000619c00000, 0x0000000619c00000| Untracked 
|  96|0x000000061a000000, 0x000000061a000000, 0x000000061a400000|  0%| F|  |TAMS 0x000000061a000000, 0x000000061a000000| Untracked 
|  97|0x000000061a400000, 0x000000061a400000, 0x000000061a800000|  0%| F|  |TAMS 0x000000061a400000, 0x000000061a400000| Untracked 
|  98|0x000000061a800000, 0x000000061a800000, 0x000000061ac00000|  0%| F|  |TAMS 0x000000061a800000, 0x000000061a800000| Untracked 
|  99|0x000000061ac00000, 0x000000061ac00000, 0x000000061b000000|  0%| F|  |TAMS 0x000000061ac00000, 0x000000061ac00000| Untracked 
| 100|0x000000061b000000, 0x000000061b000000, 0x000000061b400000|  0%| F|  |TAMS 0x000000061b000000, 0x000000061b000000| Untracked 
| 101|0x000000061b400000, 0x000000061b400000, 0x000000061b800000|  0%| F|  |TAMS 0x000000061b400000, 0x000000061b400000| Untracked 
| 102|0x000000061b800000, 0x000000061b800000, 0x000000061bc00000|  0%| F|  |TAMS 0x000000061b800000, 0x000000061b800000| Untracked 
| 103|0x000000061bc00000, 0x000000061bc00000, 0x000000061c000000|  0%| F|  |TAMS 0x000000061bc00000, 0x000000061bc00000| Untracked 
| 104|0x000000061c000000, 0x000000061c000000, 0x000000061c400000|  0%| F|  |TAMS 0x000000061c000000, 0x000000061c000000| Untracked 
| 105|0x000000061c400000, 0x000000061c400000, 0x000000061c800000|  0%| F|  |TAMS 0x000000061c400000, 0x000000061c400000| Untracked 
| 106|0x000000061c800000, 0x000000061c800000, 0x000000061cc00000|  0%| F|  |TAMS 0x000000061c800000, 0x000000061c800000| Untracked 
| 107|0x000000061cc00000, 0x000000061cc00000, 0x000000061d000000|  0%| F|  |TAMS 0x000000061cc00000, 0x000000061cc00000| Untracked 
| 108|0x000000061d000000, 0x000000061d000000, 0x000000061d400000|  0%| F|  |TAMS 0x000000061d000000, 0x000000061d000000| Untracked 
| 109|0x000000061d400000, 0x000000061d400000, 0x000000061d800000|  0%| F|  |TAMS 0x000000061d400000, 0x000000061d400000| Untracked 
| 110|0x000000061d800000, 0x000000061d800000, 0x000000061dc00000|  0%| F|  |TAMS 0x000000061d800000, 0x000000061d800000| Untracked 
| 111|0x000000061dc00000, 0x000000061dc00000, 0x000000061e000000|  0%| F|  |TAMS 0x000000061dc00000, 0x000000061dc00000| Untracked 
| 112|0x000000061e000000, 0x000000061e000000, 0x000000061e400000|  0%| F|  |TAMS 0x000000061e000000, 0x000000061e000000| Untracked 
| 113|0x000000061e400000, 0x000000061e400000, 0x000000061e800000|  0%| F|  |TAMS 0x000000061e400000, 0x000000061e400000| Untracked 
| 114|0x000000061e800000, 0x000000061e800000, 0x000000061ec00000|  0%| F|  |TAMS 0x000000061e800000, 0x000000061e800000| Untracked 
| 115|0x000000061ec00000, 0x000000061ec00000, 0x000000061f000000|  0%| F|  |TAMS 0x000000061ec00000, 0x000000061ec00000| Untracked 
| 116|0x000000061f000000, 0x000000061f000000, 0x000000061f400000|  0%| F|  |TAMS 0x000000061f000000, 0x000000061f000000| Untracked 
| 117|0x000000061f400000, 0x000000061f400000, 0x000000061f800000|  0%| F|  |TAMS 0x000000061f400000, 0x000000061f400000| Untracked 
| 118|0x000000061f800000, 0x000000061f800000, 0x000000061fc00000|  0%| F|  |TAMS 0x000000061f800000, 0x000000061f800000| Untracked 
| 119|0x000000061fc00000, 0x000000061fc00000, 0x0000000620000000|  0%| F|  |TAMS 0x000000061fc00000, 0x000000061fc00000| Untracked 
| 120|0x0000000620000000, 0x0000000620000000, 0x0000000620400000|  0%| F|  |TAMS 0x0000000620000000, 0x0000000620000000| Untracked 
| 121|0x0000000620400000, 0x0000000620400000, 0x0000000620800000|  0%| F|  |TAMS 0x0000000620400000, 0x0000000620400000| Untracked 
| 122|0x0000000620800000, 0x0000000620800000, 0x0000000620c00000|  0%| F|  |TAMS 0x0000000620800000, 0x0000000620800000| Untracked 
| 123|0x0000000620c00000, 0x0000000620c00000, 0x0000000621000000|  0%| F|  |TAMS 0x0000000620c00000, 0x0000000620c00000| Untracked 
| 124|0x0000000621000000, 0x0000000621000000, 0x0000000621400000|  0%| F|  |TAMS 0x0000000621000000, 0x0000000621000000| Untracked 
| 125|0x0000000621400000, 0x0000000621400000, 0x0000000621800000|  0%| F|  |TAMS 0x0000000621400000, 0x0000000621400000| Untracked 
| 126|0x0000000621800000, 0x0000000621800000, 0x0000000621c00000|  0%| F|  |TAMS 0x0000000621800000, 0x0000000621800000| Untracked 
| 127|0x0000000621c00000, 0x0000000621c00000, 0x0000000622000000|  0%| F|  |TAMS 0x0000000621c00000, 0x0000000621c00000| Untracked 
| 128|0x0000000622000000, 0x0000000622000000, 0x0000000622400000|  0%| F|  |TAMS 0x0000000622000000, 0x0000000622000000| Untracked 
| 129|0x0000000622400000, 0x0000000622400000, 0x0000000622800000|  0%| F|  |TAMS 0x0000000622400000, 0x0000000622400000| Untracked 
| 130|0x0000000622800000, 0x0000000622800000, 0x0000000622c00000|  0%| F|  |TAMS 0x0000000622800000, 0x0000000622800000| Untracked 
| 131|0x0000000622c00000, 0x0000000622c00000, 0x0000000623000000|  0%| F|  |TAMS 0x0000000622c00000, 0x0000000622c00000| Untracked 
| 132|0x0000000623000000, 0x0000000623000000, 0x0000000623400000|  0%| F|  |TAMS 0x0000000623000000, 0x0000000623000000| Untracked 
| 133|0x0000000623400000, 0x0000000623400000, 0x0000000623800000|  0%| F|  |TAMS 0x0000000623400000, 0x0000000623400000| Untracked 
| 134|0x0000000623800000, 0x0000000623800000, 0x0000000623c00000|  0%| F|  |TAMS 0x0000000623800000, 0x0000000623800000| Untracked 
| 135|0x0000000623c00000, 0x0000000623c00000, 0x0000000624000000|  0%| F|  |TAMS 0x0000000623c00000, 0x0000000623c00000| Untracked 
| 136|0x0000000624000000, 0x0000000624000000, 0x0000000624400000|  0%| F|  |TAMS 0x0000000624000000, 0x0000000624000000| Untracked 
| 137|0x0000000624400000, 0x0000000624400000, 0x0000000624800000|  0%| F|  |TAMS 0x0000000624400000, 0x0000000624400000| Untracked 
| 138|0x0000000624800000, 0x0000000624800000, 0x0000000624c00000|  0%| F|  |TAMS 0x0000000624800000, 0x0000000624800000| Untracked 
| 139|0x0000000624c00000, 0x0000000624c00000, 0x0000000625000000|  0%| F|  |TAMS 0x0000000624c00000, 0x0000000624c00000| Untracked 
| 140|0x0000000625000000, 0x0000000625000000, 0x0000000625400000|  0%| F|  |TAMS 0x0000000625000000, 0x0000000625000000| Untracked 
| 141|0x0000000625400000, 0x0000000625400000, 0x0000000625800000|  0%| F|  |TAMS 0x0000000625400000, 0x0000000625400000| Untracked 
| 142|0x0000000625800000, 0x0000000625800000, 0x0000000625c00000|  0%| F|  |TAMS 0x0000000625800000, 0x0000000625800000| Untracked 
| 143|0x0000000625c00000, 0x0000000625c00000, 0x0000000626000000|  0%| F|  |TAMS 0x0000000625c00000, 0x0000000625c00000| Untracked 
| 144|0x0000000626000000, 0x0000000626000000, 0x0000000626400000|  0%| F|  |TAMS 0x0000000626000000, 0x0000000626000000| Untracked 
| 145|0x0000000626400000, 0x0000000626400000, 0x0000000626800000|  0%| F|  |TAMS 0x0000000626400000, 0x0000000626400000| Untracked 
| 146|0x0000000626800000, 0x0000000626800000, 0x0000000626c00000|  0%| F|  |TAMS 0x0000000626800000, 0x0000000626800000| Untracked 
| 147|0x0000000626c00000, 0x0000000626c00000, 0x0000000627000000|  0%| F|  |TAMS 0x0000000626c00000, 0x0000000626c00000| Untracked 
| 148|0x0000000627000000, 0x0000000627000000, 0x0000000627400000|  0%| F|  |TAMS 0x0000000627000000, 0x0000000627000000| Untracked 
| 149|0x0000000627400000, 0x0000000627400000, 0x0000000627800000|  0%| F|  |TAMS 0x0000000627400000, 0x0000000627400000| Untracked 
| 150|0x0000000627800000, 0x0000000627800000, 0x0000000627c00000|  0%| F|  |TAMS 0x0000000627800000, 0x0000000627800000| Untracked 
| 151|0x0000000627c00000, 0x0000000627c00000, 0x0000000628000000|  0%| F|  |TAMS 0x0000000627c00000, 0x0000000627c00000| Untracked 
| 152|0x0000000628000000, 0x000000062800a378, 0x0000000628400000|  0%| S|CS|TAMS 0x0000000628000000, 0x0000000628000000| Complete 
| 153|0x0000000628400000, 0x0000000628400000, 0x0000000628800000|  0%| F|  |TAMS 0x0000000628400000, 0x0000000628400000| Untracked 
| 154|0x0000000628800000, 0x0000000628800000, 0x0000000628c00000|  0%| F|  |TAMS 0x0000000628800000, 0x0000000628800000| Untracked 
| 155|0x0000000628c00000, 0x0000000628c00000, 0x0000000629000000|  0%| F|  |TAMS 0x0000000628c00000, 0x0000000628c00000| Untracked 
| 156|0x0000000629000000, 0x0000000629000000, 0x0000000629400000|  0%| F|  |TAMS 0x0000000629000000, 0x0000000629000000| Untracked 
| 157|0x0000000629400000, 0x0000000629400000, 0x0000000629800000|  0%| F|  |TAMS 0x0000000629400000, 0x0000000629400000| Untracked 
| 158|0x0000000629800000, 0x0000000629800000, 0x0000000629c00000|  0%| F|  |TAMS 0x0000000629800000, 0x0000000629800000| Untracked 
| 159|0x0000000629c00000, 0x0000000629c00000, 0x000000062a000000|  0%| F|  |TAMS 0x0000000629c00000, 0x0000000629c00000| Untracked 

Card table byte_map: [0x000001d1971b0000,0x000001d1981a0000] _byte_map_base: 0x000001d1941a0000

Marking Bits (Prev, Next): (CMBitMap*) 0x000001d1834664c0, (CMBitMap*) 0x000001d183466480
 Prev Bits: [0x000001d1a1110000, 0x000001d1a9090000)
 Next Bits: [0x000001d199190000, 0x000001d1a1110000)

Polling page: 0x000001d1810f0000

Metaspace:

Usage:
  Non-class:     14.03 MB used.
      Class:      1.46 MB used.
       Both:     15.49 MB used.

Virtual space:
  Non-class space:       16.00 MB reserved,      14.12 MB ( 88%) committed,  2 nodes.
      Class space:        1.00 GB reserved,       1.50 MB ( <1%) committed,  1 nodes.
              Both:        1.02 GB reserved,      15.62 MB (  2%) committed. 

Chunk freelists:
   Non-Class:  1.00 MB
       Class:  2.50 MB
        Both:  3.50 MB

MaxMetaspaceSize: 17179869184.00 GB
CompressedClassSpaceSize: 1.00 GB
 - commit_granule_bytes: 65536.
 - commit_granule_words: 8192.
 - virtual_space_node_default_size: 1048576.
 - enlarge_chunks_in_place: 1.
 - new_chunks_are_fully_committed: 0.
 - uncommit_free_chunks: 1.
 - use_allocation_guard: 0.
 - handle_deallocations: 1.


Internal statistics:

num_allocs_failed_limit: 0.
num_arena_births: 116.
num_arena_deaths: 0.
num_vsnodes_births: 3.
num_vsnodes_deaths: 0.
num_space_committed: 250.
num_space_uncommitted: 0.
num_chunks_returned_to_freelist: 0.
num_chunks_taken_from_freelist: 207.
num_chunk_merges: 0.
num_chunk_splits: 103.
num_chunks_enlarged: 48.
num_purges: 0.

CodeHeap 'non-profiled nmethods': size=119168Kb used=2416Kb max_used=2416Kb free=116751Kb
 bounds [0x000001d18e4e0000, 0x000001d18e750000, 0x000001d195940000]
CodeHeap 'profiled nmethods': size=119104Kb used=4773Kb max_used=4773Kb free=114330Kb
 bounds [0x000001d187090000, 0x000001d187540000, 0x000001d18e4e0000]
CodeHeap 'non-nmethods': size=7488Kb used=1276Kb max_used=2979Kb free=6211Kb
 bounds [0x000001d186940000, 0x000001d186c40000, 0x000001d187090000]
 total_blobs=3230 nmethods=2636 adapters=506
 compilation: enabled
              stopped_count=0, restarted_count=0
 full_count=0

Compilation events (20 events):
Event: 1503.162 Thread 0x000001d1accd5a20 2634       3       java.awt.EventDispatchThread::pumpEventsForFilter (47 bytes)
Event: 1503.163 Thread 0x000001d1accd5a20 nmethod 2634 0x000001d187531510 code [0x000001d187531700, 0x000001d187531b48]
Event: 1600.088 Thread 0x000001d1accc2900 2635   !   4       java.lang.ref.Reference::processPendingReferences (132 bytes)
Event: 1600.099 Thread 0x000001d1accc2900 nmethod 2635 0x000001d18e735f90 code [0x000001d18e7361a0, 0x000001d18e736db0]
Event: 1866.673 Thread 0x000001d1accd5a20 2636 % !   3       javax.swing.TimerQueue::run @ 9 (242 bytes)
Event: 1866.680 Thread 0x000001d1accd5a20 nmethod 2636% 0x000001d187531d10 code [0x000001d187532160, 0x000001d1875344f8]
Event: 1898.292 Thread 0x000001d1accd5a20 2637   !   3       javax.swing.TimerQueue::run (242 bytes)
Event: 1898.295 Thread 0x000001d1accd5a20 nmethod 2637 0x000001d187535790 code [0x000001d187535be0, 0x000001d187537c58]
Event: 2376.728 Thread 0x000001d1accc2900 2638 % !   4       sun.java2d.d3d.D3DScreenUpdateManager::run @ 105 (267 bytes)
Event: 2376.756 Thread 0x000001d1accc2900 nmethod 2638% 0x000001d18e737110 code [0x000001d18e737300, 0x000001d18e738158]
Event: 2671.887 Thread 0x000001d1accc2900 2639 % !   4       sun.java2d.d3d.D3DScreenUpdateManager::run @ 0 (267 bytes)
Event: 2671.900 Thread 0x000001d1accc2900 nmethod 2639% 0x000001d18e738910 code [0x000001d18e738b00, 0x000001d18e739758]
Event: 3128.683 Thread 0x000001d1accc2900 2640 % !   4       javax.swing.TimerQueue::run @ 9 (242 bytes)
Event: 3128.740 Thread 0x000001d1accc2900 nmethod 2640% 0x000001d18e739e90 code [0x000001d18e73a120, 0x000001d18e73aea0]
Event: 3306.101 Thread 0x000001d1accd5a20 2641   !   3       jdk.internal.ref.PhantomCleanable::isListEmpty (34 bytes)
Event: 3306.102 Thread 0x000001d1accd5a20 nmethod 2641 0x000001d187538e10 code [0x000001d187538fc0, 0x000001d187539218]
Event: 3306.102 Thread 0x000001d1accd5a20 2642       3       jdk.internal.misc.InnocuousThread::eraseThreadLocals (23 bytes)
Event: 3306.103 Thread 0x000001d1accd5a20 nmethod 2642 0x000001d187539310 code [0x000001d1875394c0, 0x000001d1875396b8]
Event: 3391.974 Thread 0x000001d1accc2900 2643 %     4       java.awt.EventDispatchThread::pumpEventsForFilter @ 10 (47 bytes)
Event: 3391.979 Thread 0x000001d1accc2900 nmethod 2643% 0x000001d18e73bd90 code [0x000001d18e73bf20, 0x000001d18e73c188]

GC Heap History (20 events):
Event: 6873.409 GC heap after
{Heap after GC invocations=15850 (full 0):
 garbage-first heap   total 524288K, used 233498K [0x0000000602000000, 0x0000000800000000)
  region size 4096K, 1 young (4096K), 1 survivors (4096K)
 Metaspace       used 15863K, committed 16000K, reserved 1064960K
  class space    used 1498K, committed 1536K, reserved 1048576K
}
Event: 6873.688 GC heap before
{Heap before GC invocations=15850 (full 0):
 garbage-first heap   total 524288K, used 462874K [0x0000000602000000, 0x0000000800000000)
  region size 4096K, 57 young (233472K), 1 survivors (4096K)
 Metaspace       used 15863K, committed 16000K, reserved 1064960K
  class space    used 1498K, committed 1536K, reserved 1048576K
}
Event: 6873.689 GC heap after
{Heap after GC invocations=15851 (full 0):
 garbage-first heap   total 524288K, used 233510K [0x0000000602000000, 0x0000000800000000)
  region size 4096K, 1 young (4096K), 1 survivors (4096K)
 Metaspace       used 15863K, committed 16000K, reserved 1064960K
  class space    used 1498K, committed 1536K, reserved 1048576K
}
Event: 6874.001 GC heap before
{Heap before GC invocations=15851 (full 0):
 garbage-first heap   total 524288K, used 462886K [0x0000000602000000, 0x0000000800000000)
  region size 4096K, 57 young (233472K), 1 survivors (4096K)
 Metaspace       used 15863K, committed 16000K, reserved 1064960K
  class space    used 1498K, committed 1536K, reserved 1048576K
}
Event: 6874.002 GC heap after
{Heap after GC invocations=15852 (full 0):
 garbage-first heap   total 524288K, used 233520K [0x0000000602000000, 0x0000000800000000)
  region size 4096K, 1 young (4096K), 1 survivors (4096K)
 Metaspace       used 15863K, committed 16000K, reserved 1064960K
  class space    used 1498K, committed 1536K, reserved 1048576K
}
Event: 6874.319 GC heap before
{Heap before GC invocations=15852 (full 0):
 garbage-first heap   total 524288K, used 462896K [0x0000000602000000, 0x0000000800000000)
  region size 4096K, 57 young (233472K), 1 survivors (4096K)
 Metaspace       used 15863K, committed 16000K, reserved 1064960K
  class space    used 1498K, committed 1536K, reserved 1048576K
}
Event: 6874.320 GC heap after
{Heap after GC invocations=15853 (full 0):
 garbage-first heap   total 524288K, used 233528K [0x0000000602000000, 0x0000000800000000)
  region size 4096K, 1 young (4096K), 1 survivors (4096K)
 Metaspace       used 15863K, committed 16000K, reserved 1064960K
  class space    used 1498K, committed 1536K, reserved 1048576K
}
Event: 6874.652 GC heap before
{Heap before GC invocations=15853 (full 0):
 garbage-first heap   total 524288K, used 462904K [0x0000000602000000, 0x0000000800000000)
  region size 4096K, 57 young (233472K), 1 survivors (4096K)
 Metaspace       used 15863K, committed 16000K, reserved 1064960K
  class space    used 1498K, committed 1536K, reserved 1048576K
}
Event: 6874.653 GC heap after
{Heap after GC invocations=15854 (full 0):
 garbage-first heap   total 524288K, used 233525K [0x0000000602000000, 0x0000000800000000)
  region size 4096K, 1 young (4096K), 1 survivors (4096K)
 Metaspace       used 15863K, committed 16000K, reserved 1064960K
  class space    used 1498K, committed 1536K, reserved 1048576K
}
Event: 6874.971 GC heap before
{Heap before GC invocations=15854 (full 0):
 garbage-first heap   total 524288K, used 462901K [0x0000000602000000, 0x0000000800000000)
  region size 4096K, 57 young (233472K), 1 survivors (4096K)
 Metaspace       used 15863K, committed 16000K, reserved 1064960K
  class space    used 1498K, committed 1536K, reserved 1048576K
}
Event: 6874.972 GC heap after
{Heap after GC invocations=15855 (full 0):
 garbage-first heap   total 524288K, used 233535K [0x0000000602000000, 0x0000000800000000)
  region size 4096K, 1 young (4096K), 1 survivors (4096K)
 Metaspace       used 15863K, committed 16000K, reserved 1064960K
  class space    used 1498K, committed 1536K, reserved 1048576K
}
Event: 6875.250 GC heap before
{Heap before GC invocations=15855 (full 0):
 garbage-first heap   total 524288K, used 458815K [0x0000000602000000, 0x0000000800000000)
  region size 4096K, 56 young (229376K), 1 survivors (4096K)
 Metaspace       used 15863K, committed 16000K, reserved 1064960K
  class space    used 1498K, committed 1536K, reserved 1048576K
}
Event: 6875.274 GC heap after
{Heap after GC invocations=15856 (full 0):
 garbage-first heap   total 524288K, used 233531K [0x0000000602000000, 0x0000000800000000)
  region size 4096K, 1 young (4096K), 1 survivors (4096K)
 Metaspace       used 15863K, committed 16000K, reserved 1064960K
  class space    used 1498K, committed 1536K, reserved 1048576K
}
Event: 6876.013 GC heap before
{Heap before GC invocations=15857 (full 0):
 garbage-first heap   total 655360K, used 458811K [0x0000000602000000, 0x0000000800000000)
  region size 4096K, 56 young (229376K), 1 survivors (4096K)
 Metaspace       used 15863K, committed 16000K, reserved 1064960K
  class space    used 1498K, committed 1536K, reserved 1048576K
}
Event: 6876.015 GC heap after
{Heap after GC invocations=15858 (full 0):
 garbage-first heap   total 655360K, used 233554K [0x0000000602000000, 0x0000000800000000)
  region size 4096K, 1 young (4096K), 1 survivors (4096K)
 Metaspace       used 15863K, committed 16000K, reserved 1064960K
  class space    used 1498K, committed 1536K, reserved 1048576K
}
Event: 6876.043 GC heap before
{Heap before GC invocations=15858 (full 0):
 garbage-first heap   total 655360K, used 262226K [0x0000000602000000, 0x0000000800000000)
  region size 4096K, 8 young (32768K), 1 survivors (4096K)
 Metaspace       used 15863K, committed 16000K, reserved 1064960K
  class space    used 1498K, committed 1536K, reserved 1048576K
}
Event: 6876.360 GC heap after
{Heap after GC invocations=15859 (full 0):
 garbage-first heap   total 655360K, used 209922K [0x0000000602000000, 0x0000000800000000)
  region size 4096K, 1 young (4096K), 1 survivors (4096K)
 Metaspace       used 15863K, committed 16000K, reserved 1064960K
  class space    used 1498K, committed 1536K, reserved 1048576K
}
Event: 6876.415 GC heap before
{Heap before GC invocations=15859 (full 0):
 garbage-first heap   total 655360K, used 238594K [0x0000000602000000, 0x0000000800000000)
  region size 4096K, 8 young (32768K), 1 survivors (4096K)
 Metaspace       used 15863K, committed 16000K, reserved 1064960K
  class space    used 1498K, committed 1536K, reserved 1048576K
}
Event: 6876.430 GC heap after
{Heap after GC invocations=15860 (full 0):
 garbage-first heap   total 655360K, used 195471K [0x0000000602000000, 0x0000000800000000)
  region size 4096K, 1 young (4096K), 1 survivors (4096K)
 Metaspace       used 15863K, committed 16000K, reserved 1064960K
  class space    used 1498K, committed 1536K, reserved 1048576K
}
Event: 6876.460 GC heap before
{Heap before GC invocations=15860 (full 0):
 garbage-first heap   total 655360K, used 224143K [0x0000000602000000, 0x0000000800000000)
  region size 4096K, 8 young (32768K), 1 survivors (4096K)
 Metaspace       used 15863K, committed 16000K, reserved 1064960K
  class space    used 1498K, committed 1536K, reserved 1048576K
}

Deoptimization events (20 events):
Event: 214.164 Thread 0x000001d1accad370 DEOPT PACKING pc=0x000001d18e6d0488 sp=0x0000008f52fde170
Event: 214.164 Thread 0x000001d1accad370 DEOPT UNPACKING pc=0x000001d18698d72e sp=0x0000008f52fde120 mode 2
Event: 214.164 Thread 0x000001d1accad370 Uncommon trap: trap_request=0xffffff45 fr.pc=0x000001d18e5d96d8 relative=0x0000000000001a98
Event: 214.164 Thread 0x000001d1accad370 Uncommon trap: reason=unstable_if action=reinterpret pc=0x000001d18e5d96d8 method=java.awt.EventQueue.eventToCacheIndex(Ljava/awt/AWTEvent;)I @ 71 c2
Event: 214.164 Thread 0x000001d1accad370 DEOPT PACKING pc=0x000001d18e5d96d8 sp=0x0000008f52fdf380
Event: 214.164 Thread 0x000001d1accad370 DEOPT UNPACKING pc=0x000001d18698d72e sp=0x0000008f52fdf238 mode 2
Event: 214.164 Thread 0x000001d1accad370 Uncommon trap: trap_request=0xffffffde fr.pc=0x000001d18e5d5570 relative=0x0000000000002110
Event: 214.164 Thread 0x000001d1accad370 Uncommon trap: reason=class_check action=maybe_recompile pc=0x000001d18e5d5570 method=java.awt.EventQueue.setCurrentEventAndMostRecentTimeImpl(Ljava/awt/AWTEvent;)V @ 141 c2
Event: 214.164 Thread 0x000001d1accad370 DEOPT PACKING pc=0x000001d18e5d5570 sp=0x0000008f52fdf3a0
Event: 214.164 Thread 0x000001d1accad370 DEOPT UNPACKING pc=0x000001d18698d72e sp=0x0000008f52fdf050 mode 2
Event: 2967.579 Thread 0x000001d1accabe30 DEOPT PACKING pc=0x000001d18752bd4b sp=0x0000008f530df230
Event: 2967.580 Thread 0x000001d1accabe30 DEOPT UNPACKING pc=0x000001d18698dece sp=0x0000008f530de7d0 mode 0
Event: 3379.264 Thread 0x000001d1b62a3400 DEOPT PACKING pc=0x000001d187533df2 sp=0x0000008f5336ede0
Event: 3379.264 Thread 0x000001d1b62a3400 DEOPT UNPACKING pc=0x000001d18698dece sp=0x0000008f5336e380 mode 0
Event: 3914.859 Thread 0x000001d1accad370 DEOPT PACKING pc=0x000001d187531254 sp=0x0000008f52fdf480
Event: 3914.859 Thread 0x000001d1accad370 DEOPT UNPACKING pc=0x000001d18698dece sp=0x0000008f52fde998 mode 0
Event: 4266.103 Thread 0x000001d1accad370 Uncommon trap: trap_request=0xffffffde fr.pc=0x000001d18e6138cc relative=0x000000000000096c
Event: 4266.103 Thread 0x000001d1accad370 Uncommon trap: reason=class_check action=maybe_recompile pc=0x000001d18e6138cc method=java.util.Hashtable.put(Ljava/lang/Object;Ljava/lang/Object;)Ljava/lang/Object; @ 60 c2
Event: 4266.103 Thread 0x000001d1accad370 DEOPT PACKING pc=0x000001d18e6138cc sp=0x0000008f52fdf170
Event: 4266.104 Thread 0x000001d1accad370 DEOPT UNPACKING pc=0x000001d18698d72e sp=0x0000008f52fdf118 mode 2

Classes unloaded (0 events):
No events

Classes redefined (0 events):
No events

Internal exceptions (17 events):
Event: 0.099 Thread 0x000001d1833f0ed0 Exception <a 'java/lang/NoSuchMethodError'{0x0000000621da0228}: 'void java.lang.invoke.DirectMethodHandle$Holder.invokeSpecial(java.lang.Object, java.lang.Object, java.lang.Object)'> (0x0000000621da0228) 
thrown [t:\workspace\open\src\hotspot\share\interpreter\linkResolver.cpp, line 790]
Event: 0.124 Thread 0x000001d1833f0ed0 Exception <a 'java/lang/ClassNotFoundException'{0x0000000621dc3440}: sun/awt/resources/spi/awtProvider> (0x0000000621dc3440) 
thrown [t:\workspace\open\src\hotspot\share\classfile\systemDictionary.cpp, line 256]
Event: 0.150 Thread 0x000001d1833f0ed0 Exception <a 'java/io/FileNotFoundException'{0x0000000621e99bd8}> (0x0000000621e99bd8) 
thrown [t:\workspace\open\src\hotspot\share\prims\jni.cpp, line 579]
Event: 0.156 Thread 0x000001d1833f0ed0 Exception <a 'java/io/FileNotFoundException'{0x0000000621ec8560}> (0x0000000621ec8560) 
thrown [t:\workspace\open\src\hotspot\share\prims\jni.cpp, line 579]
Event: 0.157 Thread 0x000001d1833f0ed0 Exception <a 'java/lang/NoSuchMethodError'{0x0000000621ec98b8}: 'java.lang.Object java.lang.invoke.DirectMethodHandle$Holder.invokeStatic(java.lang.Object)'> (0x0000000621ec98b8) 
thrown [t:\workspace\open\src\hotspot\share\interpreter\linkResolver.cpp, line 790]
Event: 0.173 Thread 0x000001d1833f0ed0 Exception <a 'java/lang/NoSuchMethodError'{0x0000000621f0f5d8}: 'java.lang.Object java.lang.invoke.DirectMethodHandle$Holder.invokeStaticInit(java.lang.Object)'> (0x0000000621f0f5d8) 
thrown [t:\workspace\open\src\hotspot\share\interpreter\linkResolver.cpp, line 790]
Event: 0.239 Thread 0x000001d1833f0ed0 Exception <a 'java/io/IOException'{0x0000000621834600}> (0x0000000621834600) 
thrown [t:\workspace\open\src\hotspot\share\prims\jni.cpp, line 579]
Event: 0.269 Thread 0x000001d1833f0ed0 Exception <a 'java/lang/NoSuchMethodError'{0x00000006218ad4f0}: 'java.lang.Object java.lang.invoke.DirectMethodHandle$Holder.newInvokeSpecial(java.lang.Object, java.lang.Object, java.lang.Object, java.lang.Object, java.lang.Object)'> (0x00000006218ad4f0) 
thrown [t:\workspace\open\src\hotspot\share\interpreter\linkResolver.cpp, line 790]
Event: 0.270 Thread 0x000001d1833f0ed0 Exception <a 'java/lang/NoSuchMethodError'{0x00000006218b8fd8}: 'java.lang.Object java.lang.invoke.DirectMethodHandle$Holder.invokeStatic(java.lang.Object, int, java.lang.Object, java.lang.Object, java.lang.Object, java.lang.Object)'> (0x00000006218b8fd8) 
thrown [t:\workspace\open\src\hotspot\share\interpreter\linkResolver.cpp, line 790]
Event: 0.273 Thread 0x000001d1833f0ed0 Exception <a 'java/lang/NoSuchMethodError'{0x00000006218df0a0}: 'java.lang.Object java.lang.invoke.DirectMethodHandle$Holder.invokeStatic(java.lang.Object, int, java.lang.Object)'> (0x00000006218df0a0) 
thrown [t:\workspace\open\src\hotspot\share\interpreter\linkResolver.cpp, line 790]
Event: 0.298 Thread 0x000001d1833f0ed0 Exception <a 'java/lang/ClassNotFoundException'{0x000000062199a688}: com/sun/swing/internal/plaf/metal/resources/spi/metalProvider> (0x000000062199a688) 
thrown [t:\workspace\open\src\hotspot\share\classfile\systemDictionary.cpp, line 256]
Event: 0.299 Thread 0x000001d1833f0ed0 Exception <a 'java/lang/ClassNotFoundException'{0x000000062199e8b8}: com/sun/swing/internal/plaf/basic/resources/spi/basicProvider> (0x000000062199e8b8) 
thrown [t:\workspace\open\src\hotspot\share\classfile\systemDictionary.cpp, line 256]
Event: 0.552 Thread 0x000001d1833f0ed0 Exception <a 'java/lang/NoSuchMethodError'{0x0000000621a72358}: 'void java.lang.invoke.DirectMethodHandle$Holder.invokeStaticInit(java.lang.Object)'> (0x0000000621a72358) 
thrown [t:\workspace\open\src\hotspot\share\interpreter\linkResolver.cpp, line 790]
Event: 0.616 Thread 0x000001d1accade10 Exception <a 'java/lang/NoSuchMethodError'{0x0000000621fe1520}: 'void java.lang.invoke.DirectMethodHandle$Holder.invokeVirtual(java.lang.Object, java.lang.Object)'> (0x0000000621fe1520) 
thrown [t:\workspace\open\src\hotspot\share\interpreter\linkResolver.cpp, line 790]
Event: 1.204 Thread 0x000001d1accab8e0 Exception <a 'java/lang/NoSuchMethodError'{0x0000000621be8038}: 'java.lang.Object java.lang.invoke.DirectMethodHandle$Holder.newInvokeSpecial(java.lang.Object, java.lang.Object, java.lang.Object, int, int, int, int, int)'> (0x0000000621be8038) 
thrown [t:\workspace\open\src\hotspot\share\interpreter\linkResolver.cpp, line 790]
Event: 5.639 Thread 0x000001d1accad370 Implicit null exception at 0x000001d18e567649 to 0x000001d18e569194
Event: 214.164 Thread 0x000001d1accad370 Implicit null exception at 0x000001d18e6cff73 to 0x000001d18e6d0468

Events (20 events):
Event: 6874.002 Executing  VM operation: G1CollectForAllocation done
Event: 6874.319 Executing  VM operation: G1CollectForAllocation
Event: 6874.320 Executing  VM operation: G1CollectForAllocation done
Event: 6874.652 Executing  VM operation: G1CollectForAllocation
Event: 6874.653 Executing  VM operation: G1CollectForAllocation done
Event: 6874.971 Executing  VM operation: G1CollectForAllocation
Event: 6874.973 Executing  VM operation: G1CollectForAllocation done
Event: 6875.250 Executing  VM operation: G1CollectForAllocation
Event: 6875.274 Executing  VM operation: G1CollectForAllocation done
Event: 6875.572 Executing  VM operation: G1Concurrent
Event: 6875.878 Executing  VM operation: G1Concurrent done
Event: 6875.921 Executing  VM operation: G1Concurrent
Event: 6875.928 Executing  VM operation: G1Concurrent done
Event: 6876.013 Executing  VM operation: G1CollectForAllocation
Event: 6876.015 Executing  VM operation: G1CollectForAllocation done
Event: 6876.043 Executing  VM operation: G1CollectForAllocation
Event: 6876.360 Executing  VM operation: G1CollectForAllocation done
Event: 6876.415 Executing  VM operation: G1CollectForAllocation
Event: 6876.430 Executing  VM operation: G1CollectForAllocation done
Event: 6876.460 Executing  VM operation: G1CollectForAllocation


Dynamic libraries:
0x00007ff6f3020000 - 0x00007ff6f302e000 	C:\Users\joelc_bkpu8hx\.p2\pool\plugins\org.eclipse.justj.openjdk.hotspot.jre.full.win32.x86_64_16.0.2.v20210721-1149\jre\bin\javaw.exe
0x00007ffbceb70000 - 0x00007ffbced68000 	C:\windows\SYSTEM32\ntdll.dll
0x00007ffbccc60000 - 0x00007ffbccd1f000 	C:\windows\System32\KERNEL32.DLL
0x00007ffbcc590000 - 0x00007ffbcc862000 	C:\windows\System32\KERNELBASE.dll
0x00007ffbcc260000 - 0x00007ffbcc360000 	C:\windows\System32\ucrtbase.dll
0x00007ffbae640000 - 0x00007ffbae658000 	C:\Users\joelc_bkpu8hx\.p2\pool\plugins\org.eclipse.justj.openjdk.hotspot.jre.full.win32.x86_64_16.0.2.v20210721-1149\jre\bin\jli.dll
0x00007ffbcd4c0000 - 0x00007ffbcd661000 	C:\windows\System32\USER32.dll
0x00007ffbcc560000 - 0x00007ffbcc582000 	C:\windows\System32\win32u.dll
0x00007ffbcd330000 - 0x00007ffbcd35b000 	C:\windows\System32\GDI32.dll
0x00007ffbccaa0000 - 0x00007ffbccbaf000 	C:\windows\System32\gdi32full.dll
0x00007ffbcc4c0000 - 0x00007ffbcc55d000 	C:\windows\System32\msvcp_win.dll
0x00007ffba1380000 - 0x00007ffba1399000 	C:\Users\joelc_bkpu8hx\.p2\pool\plugins\org.eclipse.justj.openjdk.hotspot.jre.full.win32.x86_64_16.0.2.v20210721-1149\jre\bin\VCRUNTIME140.dll
0x00007ffbb1bb0000 - 0x00007ffbb1e4a000 	C:\windows\WinSxS\amd64_microsoft.windows.common-controls_6595b64144ccf1df_6.0.19041.1110_none_60b5254171f9507e\COMCTL32.dll
0x00007ffbcd200000 - 0x00007ffbcd29e000 	C:\windows\System32\msvcrt.dll
0x00007ffbcd360000 - 0x00007ffbcd392000 	C:\windows\System32\IMM32.DLL
0x00007ffba1420000 - 0x00007ffba1538000 	C:\Program Files (x86)\Citrix\ICA Client\epclient64.dll
0x00007ffbc4300000 - 0x00007ffbc430a000 	C:\windows\SYSTEM32\VERSION.dll
0x00007ffbccbb0000 - 0x00007ffbccc5e000 	C:\windows\System32\ADVAPI32.dll
0x00007ffbce8f0000 - 0x00007ffbce98c000 	C:\windows\System32\sechost.dll
0x00007ffbcdfc0000 - 0x00007ffbce0e5000 	C:\windows\System32\RPCRT4.dll
0x00007ffbcb3b0000 - 0x00007ffbcb3e3000 	C:\windows\SYSTEM32\ntmarta.dll
0x00007ffbbe260000 - 0x00007ffbbe26c000 	C:\Users\joelc_bkpu8hx\.p2\pool\plugins\org.eclipse.justj.openjdk.hotspot.jre.full.win32.x86_64_16.0.2.v20210721-1149\jre\bin\vcruntime140_1.dll
0x00007ffb82ac0000 - 0x00007ffb82b51000 	C:\Users\joelc_bkpu8hx\.p2\pool\plugins\org.eclipse.justj.openjdk.hotspot.jre.full.win32.x86_64_16.0.2.v20210721-1149\jre\bin\msvcp140.dll
0x00007ffb46d40000 - 0x00007ffb478eb000 	C:\Users\joelc_bkpu8hx\.p2\pool\plugins\org.eclipse.justj.openjdk.hotspot.jre.full.win32.x86_64_16.0.2.v20210721-1149\jre\bin\server\jvm.dll
0x00007ffbcd2c0000 - 0x00007ffbcd2c8000 	C:\windows\System32\PSAPI.DLL
0x00007ffbc7c50000 - 0x00007ffbc7c59000 	C:\windows\SYSTEM32\WSOCK32.dll
0x00007ffbcd3a0000 - 0x00007ffbcd40b000 	C:\windows\System32\WS2_32.dll
0x00007ffbbf310000 - 0x00007ffbbf337000 	C:\windows\SYSTEM32\WINMM.dll
0x00007ffbca2e0000 - 0x00007ffbca2f2000 	C:\windows\SYSTEM32\kernel.appcore.dll
0x00007ffbc7c40000 - 0x00007ffbc7c4a000 	C:\Users\joelc_bkpu8hx\.p2\pool\plugins\org.eclipse.justj.openjdk.hotspot.jre.full.win32.x86_64_16.0.2.v20210721-1149\jre\bin\jimage.dll
0x00007ffbc9cd0000 - 0x00007ffbc9eb4000 	C:\windows\SYSTEM32\DBGHELP.DLL
0x00007ffbacd30000 - 0x00007ffbacd65000 	C:\windows\SYSTEM32\dbgcore.DLL
0x00007ffbcca10000 - 0x00007ffbcca92000 	C:\windows\System32\bcryptPrimitives.dll
0x00007ffb94860000 - 0x00007ffb94885000 	C:\Users\joelc_bkpu8hx\.p2\pool\plugins\org.eclipse.justj.openjdk.hotspot.jre.full.win32.x86_64_16.0.2.v20210721-1149\jre\bin\java.dll
0x00007ffbbd610000 - 0x00007ffbbd628000 	C:\Users\joelc_bkpu8hx\.p2\pool\plugins\org.eclipse.justj.openjdk.hotspot.jre.full.win32.x86_64_16.0.2.v20210721-1149\jre\bin\zip.dll
0x000001d1ad000000 - 0x000001d1ad745000 	C:\windows\System32\SHELL32.dll
0x00007ffbca300000 - 0x00007ffbcaa92000 	C:\windows\SYSTEM32\windows.storage.dll
0x00007ffbccea0000 - 0x00007ffbcd1f5000 	C:\windows\System32\combase.dll
0x00007ffbcbcc0000 - 0x00007ffbcbcf0000 	C:\windows\SYSTEM32\Wldp.dll
0x00007ffbcdf10000 - 0x00007ffbcdfbd000 	C:\windows\System32\SHCORE.dll
0x00007ffbcce40000 - 0x00007ffbcce95000 	C:\windows\System32\shlwapi.dll
0x00007ffbcc1a0000 - 0x00007ffbcc1bf000 	C:\windows\SYSTEM32\profapi.dll
0x00007ffb82310000 - 0x00007ffb8248f000 	C:\Users\joelc_bkpu8hx\.p2\pool\plugins\org.eclipse.justj.openjdk.hotspot.jre.full.win32.x86_64_16.0.2.v20210721-1149\jre\bin\awt.dll
0x00007ffbce790000 - 0x00007ffbce85d000 	C:\windows\System32\OLEAUT32.dll
0x00007ffbc8ae0000 - 0x00007ffbc8b70000 	C:\windows\SYSTEM32\apphelp.dll
0x00007ffbc8bd0000 - 0x00007ffbc8c6e000 	C:\windows\system32\uxtheme.dll
0x00007ffbccd20000 - 0x00007ffbcce35000 	C:\windows\System32\MSCTF.dll
0x00007ffbce990000 - 0x00007ffbceaba000 	C:\windows\System32\ole32.dll
0x00007ffbc9020000 - 0x00007ffbc904f000 	C:\windows\system32\DWMAPI.DLL
0x00007ffb54ba0000 - 0x00007ffb54cc5000 	C:\windows\system32\opengl32.dll
0x00007ffb54a80000 - 0x00007ffb54aac000 	C:\windows\SYSTEM32\GLU32.dll
0x00007ffbb5cf0000 - 0x00007ffbb5ebe000 	C:\windows\system32\d3d9.dll
0x00007ffbb5f60000 - 0x00007ffbb601e000 	C:\windows\System32\DriverStore\FileRepository\nvhdc.inf_amd64_a96d179b15e4aed9\nvldumdx.dll
0x00007ffbcbe50000 - 0x00007ffbcbe62000 	C:\windows\SYSTEM32\msasn1.dll
0x00007ffbbf680000 - 0x00007ffbbf6b1000 	C:\windows\SYSTEM32\cryptnet.dll
0x00007ffbcc360000 - 0x00007ffbcc4b6000 	C:\windows\System32\CRYPT32.dll
0x00007ffbbf530000 - 0x00007ffbbf678000 	C:\windows\SYSTEM32\drvstore.dll
0x00007ffbcc010000 - 0x00007ffbcc03c000 	C:\windows\SYSTEM32\devobj.dll
0x00007ffbcc9c0000 - 0x00007ffbcca0e000 	C:\windows\System32\cfgmgr32.dll
0x00007ffbcbba0000 - 0x00007ffbcbbac000 	C:\windows\SYSTEM32\cryptbase.dll
0x000001d1ac370000 - 0x000001d1ac3d9000 	C:\windows\System32\WINTRUST.DLL
0x000001d1ac3e0000 - 0x000001d1ac3fd000 	C:\windows\System32\imagehlp.dll
0x00007ffbcbb80000 - 0x00007ffbcbb98000 	C:\windows\SYSTEM32\CRYPTSP.dll
0x00007ffbcb290000 - 0x00007ffbcb2c4000 	C:\windows\system32\rsaenh.dll
0x00007ffbcc990000 - 0x00007ffbcc9b7000 	C:\windows\System32\bcrypt.dll
0x00007ffb5a590000 - 0x00007ffb5cb96000 	C:\windows\System32\DriverStore\FileRepository\nvhdc.inf_amd64_a96d179b15e4aed9\nvd3dumx.dll
0x00007ffb71de0000 - 0x00007ffb720a3000 	C:\windows\system32\nvspcap64.dll
0x00007ffbcaab0000 - 0x00007ffbcaad3000 	C:\windows\SYSTEM32\gpapi.dll
0x00007ffbc0de0000 - 0x00007ffbc0e1b000 	C:\windows\SYSTEM32\dxcore.dll
0x00007ffb93990000 - 0x00007ffb93a19000 	C:\Users\joelc_bkpu8hx\.p2\pool\plugins\org.eclipse.justj.openjdk.hotspot.jre.full.win32.x86_64_16.0.2.v20210721-1149\jre\bin\freetype.dll
0x00007ffb82210000 - 0x00007ffb82306000 	C:\Users\joelc_bkpu8hx\.p2\pool\plugins\org.eclipse.justj.openjdk.hotspot.jre.full.win32.x86_64_16.0.2.v20210721-1149\jre\bin\harfbuzz.dll
0x00007ffb9e8d0000 - 0x00007ffb9e8e2000 	C:\Users\joelc_bkpu8hx\.p2\pool\plugins\org.eclipse.justj.openjdk.hotspot.jre.full.win32.x86_64_16.0.2.v20210721-1149\jre\bin\fontmanager.dll
0x00007ffbbcd30000 - 0x00007ffbbce29000 	C:\windows\SYSTEM32\textinputframework.dll
0x00007ffbc8470000 - 0x00007ffbc87ce000 	C:\windows\System32\CoreUIComponents.dll
0x00007ffbc87d0000 - 0x00007ffbc88c2000 	C:\windows\System32\CoreMessaging.dll
0x00007ffbc7da0000 - 0x00007ffbc7ef4000 	C:\windows\SYSTEM32\wintypes.dll
0x00007ffbaf860000 - 0x00007ffbaf879000 	C:\Users\joelc_bkpu8hx\.p2\pool\plugins\org.eclipse.justj.openjdk.hotspot.jre.full.win32.x86_64_16.0.2.v20210721-1149\jre\bin\net.dll
0x00007ffbc4540000 - 0x00007ffbc464c000 	C:\windows\SYSTEM32\WINHTTP.dll
0x00007ffbcb9d0000 - 0x00007ffbcba3a000 	C:\windows\system32\mswsock.dll
0x00007ffbaf5b0000 - 0x00007ffbaf5c3000 	C:\Users\joelc_bkpu8hx\.p2\pool\plugins\org.eclipse.justj.openjdk.hotspot.jre.full.win32.x86_64_16.0.2.v20210721-1149\jre\bin\nio.dll

dbghelp: loaded successfully - version: 4.0.5 - missing functions: none
symbol engine: initialized successfully - sym options: 0x614 - pdb path: .;C:\Users\joelc_bkpu8hx\.p2\pool\plugins\org.eclipse.justj.openjdk.hotspot.jre.full.win32.x86_64_16.0.2.v20210721-1149\jre\bin;C:\windows\SYSTEM32;C:\windows\WinSxS\amd64_microsoft.windows.common-controls_6595b64144ccf1df_6.0.19041.1110_none_60b5254171f9507e;C:\Program Files (x86)\Citrix\ICA Client;C:\Users\joelc_bkpu8hx\.p2\pool\plugins\org.eclipse.justj.openjdk.hotspot.jre.full.win32.x86_64_16.0.2.v20210721-1149\jre\bin\server;C:\windows\System32\DriverStore\FileRepository\nvhdc.inf_amd64_a96d179b15e4aed9

VM Arguments:
jvm_args: -Dfile.encoding=UTF-8 -XX:+ShowCodeDetailsInExceptionMessages 
java_command: GameRunner
java_class_path (initial): C:\Users\joelc_bkpu8hx\Documents\CHSVideogame\CHSVideogame\bin
Launcher Type: SUN_STANDARD

[Global flags]
     intx CICompilerCount                          = 12                                        {product} {ergonomic}
     uint ConcGCThreads                            = 3                                         {product} {ergonomic}
     uint G1ConcRefinementThreads                  = 13                                        {product} {ergonomic}
   size_t G1HeapRegionSize                         = 4194304                                   {product} {ergonomic}
    uintx GCDrainStackTargetSize                   = 64                                        {product} {ergonomic}
   size_t InitialHeapSize                          = 536870912                                 {product} {ergonomic}
   size_t MarkStackSize                            = 4194304                                   {product} {ergonomic}
   size_t MaxHeapSize                              = 8556380160                                {product} {ergonomic}
   size_t MaxNewSize                               = 5133828096                                {product} {ergonomic}
   size_t MinHeapDeltaBytes                        = 4194304                                   {product} {ergonomic}
   size_t MinHeapSize                              = 8388608                                   {product} {ergonomic}
    uintx NonNMethodCodeHeapSize                   = 7602480                                {pd product} {ergonomic}
    uintx NonProfiledCodeHeapSize                  = 122027880                              {pd product} {ergonomic}
    uintx ProfiledCodeHeapSize                     = 122027880                              {pd product} {ergonomic}
    uintx ReservedCodeCacheSize                    = 251658240                              {pd product} {ergonomic}
     bool SegmentedCodeCache                       = true                                      {product} {ergonomic}
     bool ShowCodeDetailsInExceptionMessages       = true                                   {manageable} {command line}
   size_t SoftMaxHeapSize                          = 8556380160                             {manageable} {ergonomic}
     bool UseCompressedClassPointers               = true                           {product lp64_product} {ergonomic}
     bool UseCompressedOops                        = true                           {product lp64_product} {ergonomic}
     bool UseG1GC                                  = true                                      {product} {ergonomic}
     bool UseLargePagesIndividualAllocation        = false                                  {pd product} {ergonomic}

Logging:
Log output configuration:
 #0: stdout all=warning uptime,level,tags
 #1: stderr all=off uptime,level,tags

Environment Variables:
PATH=C:/Users/joelc_bkpu8hx/.p2/pool/plugins/org.eclipse.justj.openjdk.hotspot.jre.full.win32.x86_64_16.0.2.v20210721-1149/jre/bin/server;C:/Users/joelc_bkpu8hx/.p2/pool/plugins/org.eclipse.justj.openjdk.hotspot.jre.full.win32.x86_64_16.0.2.v20210721-1149/jre/bin;C:\Program Files\Common Files\Oracle\Java\javapath;C:\Program Files (x86)\Common Files\Oracle\Java\javapath;C:\Program Files (x86)\NVIDIA Corporation\PhysX\Common;C:\Program Files (x86)\Razer Chroma SDK\bin;C:\Program Files\Razer Chroma SDK\bin;C:\Program Files (x86)\Razer\ChromaBroadcast\bin;C:\Program Files\Razer\ChromaBroadcast\bin;C:\ffmpeg\ffmpeg-20200831-4a11a6f-win64-static\bin;C:\Program Files\Java\jdk1.8.0_271\bin;D:\Programs\nodejs\;C:\Windows\System32\OpenSSH;C:\Users\joelc_bkpu8hx\AppData\Local\Programs\Tesseract-OCR;D:\Programs\MSYS2\mingw64\bin;D:\Google Cloud SDK\google-cloud-sdk\bin;C:\Program Files\Common Files\Oracle\Java\javapath;C:\Program Files (x86)\Common Files\Oracle\Java\javapath;C:\Program Files (x86)\NVIDIA Corporation\PhysX\Common;C:\Program Files (x86)\Razer Chroma SDK\bin;C:\Program Files\Razer Chroma SDK\bin;C:\Program Files (x86)\Razer\ChromaBroadcast\bin;C:\Program Files\Razer\ChromaBroadcast\bin;C:\ffmpeg\ffmpeg-20200831-4a11a6f-win64-static\bin;C:\Program Files\Java\jdk1.8.0_271\bin;D:\Programs\nodejs\;C:\Windows\System32\OpenSSH;C:\Users\joelc_bkpu8hx\AppData\Local\Programs\Tesseract-OCR;D:\Programs\MSYS2\mingw64\bin;D:\Google Cloud SDK\google-cloud-sdk\bin;C:\Program Files\Common Files\Oracle\Java\javapath;C:\Program Files (x86)\Common Files\Oracle\Java\javapath;C:\Program Files (x86)\NVIDIA Corporation\PhysX\Common;C:\Program Files (x86)\Razer Chroma SDK\bin;C:\Program Files\Razer Chroma SDK\bin;C:\Program Files (x86)\Razer\ChromaBroadcast\bin;C:\Program Files\Razer\ChromaBroadcast\bin;C:\ffmpeg\ffmpeg-20200831-4a11a6f-win64-static\bin;C:\Program Files\Java\jdk1.8.0_271\bin;D:\Programs\nodejs\;C:\Windows\System32\OpenSSH;C:\Users\joelc_bkpu8hx\AppData\Local\Programs\Tesser
USERNAME=joelc_bkpu8hx
OS=Windows_NT
PROCESSOR_IDENTIFIER=Intel64 Family 6 Model 165 Stepping 5, GenuineIntel



---------------  S Y S T E M  ---------------

OS:
 Windows 10 , 64 bit Build 19041 (10.0.19041.2546)
OS uptime: 14 days 2:57 hours
Hyper-V role detected

CPU: total 16 (initial active 16) (8 cores per cpu, 2 threads per core) family 6 model 165 stepping 5 microcode 0xec, cx8, cmov, fxsr, ht, mmx, 3dnowpref, sse, sse2, sse3, ssse3, sse4.1, sse4.2, popcnt, lzcnt, tsc, tscinvbit, avx, avx2, aes, erms, clmul, bmi1, bmi2, adx, fma, vzeroupper, clflush, clflushopt, hv

Memory: 4k page, system-wide physical 32634M (263M free)
TotalPageFile size 93540M (AvailPageFile size 212M)
current process WorkingSet (physical memory assigned to process): 609M, peak: 609M
current process commit charge ("private bytes"): 949M, peak: 2229M

vm_info: OpenJDK 64-Bit Server VM (16.0.2+7-67) for windows-amd64 JRE (16.0.2+7-67), built on Jun  8 2021 23:21:43 by "mach5one" with MS VC++ 16.7 (VS2019)

END.
